<?xml version="1.0" encoding="utf-8"?>
<testsuites>
<testsuite package="org.eslint" time="0" tests="258" errors="258" name="./source/stylesheets/abstracts/_functions.scss">
<testcase time="0" name="org.eslint.indentation"><failure message="Mixed tabs and spaces"><![CDATA[line 12, col 2, Warning - Mixed tabs and spaces (indentation)]]></failure></testcase>
<testcase time="0" name="org.eslint.indentation"><failure message="Mixed tabs and spaces"><![CDATA[line 22, col 2, Warning - Mixed tabs and spaces (indentation)]]></failure></testcase>
<testcase time="0" name="org.eslint.indentation"><failure message="Mixed tabs and spaces"><![CDATA[line 32, col 2, Warning - Mixed tabs and spaces (indentation)]]></failure></testcase>
<testcase time="0" name="org.eslint.indentation"><failure message="Mixed tabs and spaces"><![CDATA[line 41, col 2, Warning - Mixed tabs and spaces (indentation)]]></failure></testcase>
<testcase time="0" name="org.eslint.indentation"><failure message="Mixed tabs and spaces"><![CDATA[line 42, col 3, Warning - Mixed tabs and spaces (indentation)]]></failure></testcase>
<testcase time="0" name="org.eslint.indentation"><failure message="Mixed tabs and spaces"><![CDATA[line 45, col 2, Warning - Mixed tabs and spaces (indentation)]]></failure></testcase>
<testcase time="0" name="org.eslint.indentation"><failure message="Mixed tabs and spaces"><![CDATA[line 53, col 2, Warning - Mixed tabs and spaces (indentation)]]></failure></testcase>
<testcase time="0" name="org.eslint.indentation"><failure message="Mixed tabs and spaces"><![CDATA[line 54, col 2, Warning - Mixed tabs and spaces (indentation)]]></failure></testcase>
<testcase time="0" name="org.eslint.indentation"><failure message="Mixed tabs and spaces"><![CDATA[line 56, col 2, Warning - Mixed tabs and spaces (indentation)]]></failure></testcase>
<testcase time="0" name="org.eslint.indentation"><failure message="Mixed tabs and spaces"><![CDATA[line 57, col 3, Warning - Mixed tabs and spaces (indentation)]]></failure></testcase>
<testcase time="0" name="org.eslint.indentation"><failure message="Mixed tabs and spaces"><![CDATA[line 58, col 3, Warning - Mixed tabs and spaces (indentation)]]></failure></testcase>
<testcase time="0" name="org.eslint.indentation"><failure message="Mixed tabs and spaces"><![CDATA[line 61, col 2, Warning - Mixed tabs and spaces (indentation)]]></failure></testcase>
<testcase time="0" name="org.eslint.indentation"><failure message="Mixed tabs and spaces"><![CDATA[line 73, col 2, Warning - Mixed tabs and spaces (indentation)]]></failure></testcase>
<testcase time="0" name="org.eslint.indentation"><failure message="Mixed tabs and spaces"><![CDATA[line 75, col 2, Warning - Mixed tabs and spaces (indentation)]]></failure></testcase>
<testcase time="0" name="org.eslint.indentation"><failure message="Mixed tabs and spaces"><![CDATA[line 76, col 3, Warning - Mixed tabs and spaces (indentation)]]></failure></testcase>
<testcase time="0" name="org.eslint.indentation"><failure message="Mixed tabs and spaces"><![CDATA[line 79, col 2, Warning - Mixed tabs and spaces (indentation)]]></failure></testcase>
<testcase time="0" name="org.eslint.indentation"><failure message="Mixed tabs and spaces"><![CDATA[line 80, col 3, Warning - Mixed tabs and spaces (indentation)]]></failure></testcase>
<testcase time="0" name="org.eslint.indentation"><failure message="Mixed tabs and spaces"><![CDATA[line 81, col 4, Warning - Mixed tabs and spaces (indentation)]]></failure></testcase>
<testcase time="0" name="org.eslint.indentation"><failure message="Mixed tabs and spaces"><![CDATA[line 85, col 2, Warning - Mixed tabs and spaces (indentation)]]></failure></testcase>
<testcase time="0" name="org.eslint.indentation"><failure message="Mixed tabs and spaces"><![CDATA[line 95, col 2, Warning - Mixed tabs and spaces (indentation)]]></failure></testcase>
<testcase time="0" name="org.eslint.indentation"><failure message="Mixed tabs and spaces"><![CDATA[line 97, col 2, Warning - Mixed tabs and spaces (indentation)]]></failure></testcase>
<testcase time="0" name="org.eslint.indentation"><failure message="Mixed tabs and spaces"><![CDATA[line 98, col 3, Warning - Mixed tabs and spaces (indentation)]]></failure></testcase>
<testcase time="0" name="org.eslint.no-warn"><failure message="@warn not allowed"><![CDATA[line 98, col 4, Warning - @warn not allowed (no-warn)]]></failure></testcase>
<testcase time="0" name="org.eslint.indentation"><failure message="Mixed tabs and spaces"><![CDATA[line 101, col 2, Warning - Mixed tabs and spaces (indentation)]]></failure></testcase>
<testcase time="0" name="org.eslint.indentation"><failure message="Mixed tabs and spaces"><![CDATA[line 103, col 2, Warning - Mixed tabs and spaces (indentation)]]></failure></testcase>
<testcase time="0" name="org.eslint.indentation"><failure message="Mixed tabs and spaces"><![CDATA[line 114, col 2, Warning - Mixed tabs and spaces (indentation)]]></failure></testcase>
<testcase time="0" name="org.eslint.indentation"><failure message="Mixed tabs and spaces"><![CDATA[line 124, col 2, Warning - Mixed tabs and spaces (indentation)]]></failure></testcase>
<testcase time="0" name="org.eslint.indentation"><failure message="Mixed tabs and spaces"><![CDATA[line 133, col 2, Warning - Mixed tabs and spaces (indentation)]]></failure></testcase>
<testcase time="0" name="org.eslint.indentation"><failure message="Mixed tabs and spaces"><![CDATA[line 134, col 2, Warning - Mixed tabs and spaces (indentation)]]></failure></testcase>
<testcase time="0" name="org.eslint.indentation"><failure message="Mixed tabs and spaces"><![CDATA[line 135, col 2, Warning - Mixed tabs and spaces (indentation)]]></failure></testcase>
<testcase time="0" name="org.eslint.indentation"><failure message="Mixed tabs and spaces"><![CDATA[line 136, col 2, Warning - Mixed tabs and spaces (indentation)]]></failure></testcase>
<testcase time="0" name="org.eslint.indentation"><failure message="Mixed tabs and spaces"><![CDATA[line 138, col 2, Warning - Mixed tabs and spaces (indentation)]]></failure></testcase>
<testcase time="0" name="org.eslint.indentation"><failure message="Mixed tabs and spaces"><![CDATA[line 139, col 2, Warning - Mixed tabs and spaces (indentation)]]></failure></testcase>
<testcase time="0" name="org.eslint.indentation"><failure message="Mixed tabs and spaces"><![CDATA[line 140, col 2, Warning - Mixed tabs and spaces (indentation)]]></failure></testcase>
<testcase time="0" name="org.eslint.indentation"><failure message="Mixed tabs and spaces"><![CDATA[line 141, col 2, Warning - Mixed tabs and spaces (indentation)]]></failure></testcase>
<testcase time="0" name="org.eslint.indentation"><failure message="Mixed tabs and spaces"><![CDATA[line 143, col 2, Warning - Mixed tabs and spaces (indentation)]]></failure></testcase>
<testcase time="0" name="org.eslint.indentation"><failure message="Mixed tabs and spaces"><![CDATA[line 144, col 2, Warning - Mixed tabs and spaces (indentation)]]></failure></testcase>
<testcase time="0" name="org.eslint.indentation"><failure message="Mixed tabs and spaces"><![CDATA[line 146, col 2, Warning - Mixed tabs and spaces (indentation)]]></failure></testcase>
<testcase time="0" name="org.eslint.indentation"><failure message="Mixed tabs and spaces"><![CDATA[line 147, col 2, Warning - Mixed tabs and spaces (indentation)]]></failure></testcase>
<testcase time="0" name="org.eslint.indentation"><failure message="Mixed tabs and spaces"><![CDATA[line 156, col 2, Warning - Mixed tabs and spaces (indentation)]]></failure></testcase>
<testcase time="0" name="org.eslint.indentation"><failure message="Mixed tabs and spaces"><![CDATA[line 157, col 2, Warning - Mixed tabs and spaces (indentation)]]></failure></testcase>
<testcase time="0" name="org.eslint.indentation"><failure message="Mixed tabs and spaces"><![CDATA[line 158, col 2, Warning - Mixed tabs and spaces (indentation)]]></failure></testcase>
<testcase time="0" name="org.eslint.indentation"><failure message="Mixed tabs and spaces"><![CDATA[line 160, col 2, Warning - Mixed tabs and spaces (indentation)]]></failure></testcase>
<testcase time="0" name="org.eslint.indentation"><failure message="Mixed tabs and spaces"><![CDATA[line 161, col 2, Warning - Mixed tabs and spaces (indentation)]]></failure></testcase>
<testcase time="0" name="org.eslint.indentation"><failure message="Mixed tabs and spaces"><![CDATA[line 162, col 2, Warning - Mixed tabs and spaces (indentation)]]></failure></testcase>
<testcase time="0" name="org.eslint.indentation"><failure message="Mixed tabs and spaces"><![CDATA[line 164, col 2, Warning - Mixed tabs and spaces (indentation)]]></failure></testcase>
<testcase time="0" name="org.eslint.leading-zero"><failure message="Don&#39;t include leading zeros on numbers"><![CDATA[line 164, col 10, Warning - Don&#39;t include leading zeros on numbers (leading-zero)]]></failure></testcase>
<testcase time="0" name="org.eslint.leading-zero"><failure message="Don&#39;t include leading zeros on numbers"><![CDATA[line 164, col 26, Warning - Don&#39;t include leading zeros on numbers (leading-zero)]]></failure></testcase>
<testcase time="0" name="org.eslint.leading-zero"><failure message="Don&#39;t include leading zeros on numbers"><![CDATA[line 164, col 44, Warning - Don&#39;t include leading zeros on numbers (leading-zero)]]></failure></testcase>
<testcase time="0" name="org.eslint.indentation"><failure message="Mixed tabs and spaces"><![CDATA[line 173, col 2, Warning - Mixed tabs and spaces (indentation)]]></failure></testcase>
<testcase time="0" name="org.eslint.leading-zero"><failure message="Don&#39;t include leading zeros on numbers"><![CDATA[line 173, col 37, Warning - Don&#39;t include leading zeros on numbers (leading-zero)]]></failure></testcase>
<testcase time="0" name="org.eslint.indentation"><failure message="Mixed tabs and spaces"><![CDATA[line 174, col 2, Warning - Mixed tabs and spaces (indentation)]]></failure></testcase>
<testcase time="0" name="org.eslint.leading-zero"><failure message="Don&#39;t include leading zeros on numbers"><![CDATA[line 174, col 37, Warning - Don&#39;t include leading zeros on numbers (leading-zero)]]></failure></testcase>
<testcase time="0" name="org.eslint.indentation"><failure message="Mixed tabs and spaces"><![CDATA[line 176, col 2, Warning - Mixed tabs and spaces (indentation)]]></failure></testcase>
<testcase time="0" name="org.eslint.indentation"><failure message="Mixed tabs and spaces"><![CDATA[line 185, col 2, Warning - Mixed tabs and spaces (indentation)]]></failure></testcase>
<testcase time="0" name="org.eslint.indentation"><failure message="Mixed tabs and spaces"><![CDATA[line 186, col 2, Warning - Mixed tabs and spaces (indentation)]]></failure></testcase>
<testcase time="0" name="org.eslint.indentation"><failure message="Mixed tabs and spaces"><![CDATA[line 188, col 2, Warning - Mixed tabs and spaces (indentation)]]></failure></testcase>
<testcase time="0" name="org.eslint.indentation"><failure message="Mixed tabs and spaces"><![CDATA[line 198, col 2, Warning - Mixed tabs and spaces (indentation)]]></failure></testcase>
<testcase time="0" name="org.eslint.indentation"><failure message="Mixed tabs and spaces"><![CDATA[line 199, col 2, Warning - Mixed tabs and spaces (indentation)]]></failure></testcase>
<testcase time="0" name="org.eslint.indentation"><failure message="Mixed tabs and spaces"><![CDATA[line 200, col 2, Warning - Mixed tabs and spaces (indentation)]]></failure></testcase>
<testcase time="0" name="org.eslint.indentation"><failure message="Mixed tabs and spaces"><![CDATA[line 202, col 2, Warning - Mixed tabs and spaces (indentation)]]></failure></testcase>
<testcase time="0" name="org.eslint.indentation"><failure message="Mixed tabs and spaces"><![CDATA[line 203, col 2, Warning - Mixed tabs and spaces (indentation)]]></failure></testcase>
<testcase time="0" name="org.eslint.indentation"><failure message="Mixed tabs and spaces"><![CDATA[line 204, col 2, Warning - Mixed tabs and spaces (indentation)]]></failure></testcase>
<testcase time="0" name="org.eslint.indentation"><failure message="Mixed tabs and spaces"><![CDATA[line 206, col 2, Warning - Mixed tabs and spaces (indentation)]]></failure></testcase>
<testcase time="0" name="org.eslint.indentation"><failure message="Mixed tabs and spaces"><![CDATA[line 207, col 2, Warning - Mixed tabs and spaces (indentation)]]></failure></testcase>
<testcase time="0" name="org.eslint.indentation"><failure message="Mixed tabs and spaces"><![CDATA[line 208, col 2, Warning - Mixed tabs and spaces (indentation)]]></failure></testcase>
<testcase time="0" name="org.eslint.indentation"><failure message="Mixed tabs and spaces"><![CDATA[line 209, col 2, Warning - Mixed tabs and spaces (indentation)]]></failure></testcase>
<testcase time="0" name="org.eslint.indentation"><failure message="Mixed tabs and spaces"><![CDATA[line 211, col 2, Warning - Mixed tabs and spaces (indentation)]]></failure></testcase>
<testcase time="0" name="org.eslint.indentation"><failure message="Mixed tabs and spaces"><![CDATA[line 212, col 3, Warning - Mixed tabs and spaces (indentation)]]></failure></testcase>
<testcase time="0" name="org.eslint.space-around-operator"><failure message="Space expected around operator"><![CDATA[line 212, col 21, Warning - Space expected around operator (space-around-operator)]]></failure></testcase>
<testcase time="0" name="org.eslint.indentation"><failure message="Mixed tabs and spaces"><![CDATA[line 213, col 3, Warning - Mixed tabs and spaces (indentation)]]></failure></testcase>
<testcase time="0" name="org.eslint.indentation"><failure message="Mixed tabs and spaces"><![CDATA[line 214, col 3, Warning - Mixed tabs and spaces (indentation)]]></failure></testcase>
<testcase time="0" name="org.eslint.indentation"><failure message="Mixed tabs and spaces"><![CDATA[line 215, col 3, Warning - Mixed tabs and spaces (indentation)]]></failure></testcase>
<testcase time="0" name="org.eslint.indentation"><failure message="Mixed tabs and spaces"><![CDATA[line 216, col 3, Warning - Mixed tabs and spaces (indentation)]]></failure></testcase>
<testcase time="0" name="org.eslint.indentation"><failure message="Mixed tabs and spaces"><![CDATA[line 219, col 2, Warning - Mixed tabs and spaces (indentation)]]></failure></testcase>
<testcase time="0" name="org.eslint.indentation"><failure message="Mixed tabs and spaces"><![CDATA[line 237, col 2, Warning - Mixed tabs and spaces (indentation)]]></failure></testcase>
<testcase time="0" name="org.eslint.indentation"><failure message="Mixed tabs and spaces"><![CDATA[line 238, col 2, Warning - Mixed tabs and spaces (indentation)]]></failure></testcase>
<testcase time="0" name="org.eslint.indentation"><failure message="Mixed tabs and spaces"><![CDATA[line 239, col 2, Warning - Mixed tabs and spaces (indentation)]]></failure></testcase>
<testcase time="0" name="org.eslint.indentation"><failure message="Mixed tabs and spaces"><![CDATA[line 240, col 2, Warning - Mixed tabs and spaces (indentation)]]></failure></testcase>
<testcase time="0" name="org.eslint.indentation"><failure message="Mixed tabs and spaces"><![CDATA[line 241, col 2, Warning - Mixed tabs and spaces (indentation)]]></failure></testcase>
<testcase time="0" name="org.eslint.indentation"><failure message="Mixed tabs and spaces"><![CDATA[line 242, col 2, Warning - Mixed tabs and spaces (indentation)]]></failure></testcase>
<testcase time="0" name="org.eslint.indentation"><failure message="Mixed tabs and spaces"><![CDATA[line 243, col 2, Warning - Mixed tabs and spaces (indentation)]]></failure></testcase>
<testcase time="0" name="org.eslint.indentation"><failure message="Mixed tabs and spaces"><![CDATA[line 244, col 2, Warning - Mixed tabs and spaces (indentation)]]></failure></testcase>
<testcase time="0" name="org.eslint.indentation"><failure message="Mixed tabs and spaces"><![CDATA[line 245, col 2, Warning - Mixed tabs and spaces (indentation)]]></failure></testcase>
<testcase time="0" name="org.eslint.indentation"><failure message="Mixed tabs and spaces"><![CDATA[line 246, col 2, Warning - Mixed tabs and spaces (indentation)]]></failure></testcase>
<testcase time="0" name="org.eslint.indentation"><failure message="Mixed tabs and spaces"><![CDATA[line 248, col 2, Warning - Mixed tabs and spaces (indentation)]]></failure></testcase>
<testcase time="0" name="org.eslint.indentation"><failure message="Mixed tabs and spaces"><![CDATA[line 249, col 3, Warning - Mixed tabs and spaces (indentation)]]></failure></testcase>
<testcase time="0" name="org.eslint.indentation"><failure message="Mixed tabs and spaces"><![CDATA[line 252, col 2, Warning - Mixed tabs and spaces (indentation)]]></failure></testcase>
<testcase time="0" name="org.eslint.indentation"><failure message="Mixed tabs and spaces"><![CDATA[line 253, col 3, Warning - Mixed tabs and spaces (indentation)]]></failure></testcase>
<testcase time="0" name="org.eslint.indentation"><failure message="Mixed tabs and spaces"><![CDATA[line 256, col 2, Warning - Mixed tabs and spaces (indentation)]]></failure></testcase>
<testcase time="0" name="org.eslint.indentation"><failure message="Mixed tabs and spaces"><![CDATA[line 257, col 3, Warning - Mixed tabs and spaces (indentation)]]></failure></testcase>
<testcase time="0" name="org.eslint.no-warn"><failure message="@warn not allowed"><![CDATA[line 257, col 4, Warning - @warn not allowed (no-warn)]]></failure></testcase>
<testcase time="0" name="org.eslint.indentation"><failure message="Mixed tabs and spaces"><![CDATA[line 260, col 2, Warning - Mixed tabs and spaces (indentation)]]></failure></testcase>
<testcase time="0" name="org.eslint.indentation"><failure message="Mixed tabs and spaces"><![CDATA[line 261, col 3, Warning - Mixed tabs and spaces (indentation)]]></failure></testcase>
<testcase time="0" name="org.eslint.indentation"><failure message="Mixed tabs and spaces"><![CDATA[line 264, col 2, Warning - Mixed tabs and spaces (indentation)]]></failure></testcase>
<testcase time="0" name="org.eslint.indentation"><failure message="Mixed tabs and spaces"><![CDATA[line 265, col 3, Warning - Mixed tabs and spaces (indentation)]]></failure></testcase>
<testcase time="0" name="org.eslint.indentation"><failure message="Mixed tabs and spaces"><![CDATA[line 266, col 3, Warning - Mixed tabs and spaces (indentation)]]></failure></testcase>
<testcase time="0" name="org.eslint.indentation"><failure message="Mixed tabs and spaces"><![CDATA[line 269, col 2, Warning - Mixed tabs and spaces (indentation)]]></failure></testcase>
<testcase time="0" name="org.eslint.indentation"><failure message="Mixed tabs and spaces"><![CDATA[line 270, col 3, Warning - Mixed tabs and spaces (indentation)]]></failure></testcase>
<testcase time="0" name="org.eslint.indentation"><failure message="Mixed tabs and spaces"><![CDATA[line 271, col 3, Warning - Mixed tabs and spaces (indentation)]]></failure></testcase>
<testcase time="0" name="org.eslint.indentation"><failure message="Mixed tabs and spaces"><![CDATA[line 274, col 2, Warning - Mixed tabs and spaces (indentation)]]></failure></testcase>
<testcase time="0" name="org.eslint.indentation"><failure message="Mixed tabs and spaces"><![CDATA[line 275, col 3, Warning - Mixed tabs and spaces (indentation)]]></failure></testcase>
<testcase time="0" name="org.eslint.space-around-operator"><failure message="Space expected around operator"><![CDATA[line 275, col 44, Warning - Space expected around operator (space-around-operator)]]></failure></testcase>
<testcase time="0" name="org.eslint.indentation"><failure message="Mixed tabs and spaces"><![CDATA[line 276, col 4, Warning - Mixed tabs and spaces (indentation)]]></failure></testcase>
<testcase time="0" name="org.eslint.indentation"><failure message="Mixed tabs and spaces"><![CDATA[line 278, col 4, Warning - Mixed tabs and spaces (indentation)]]></failure></testcase>
<testcase time="0" name="org.eslint.indentation"><failure message="Mixed tabs and spaces"><![CDATA[line 282, col 2, Warning - Mixed tabs and spaces (indentation)]]></failure></testcase>
<testcase time="0" name="org.eslint.indentation"><failure message="Mixed tabs and spaces"><![CDATA[line 283, col 3, Warning - Mixed tabs and spaces (indentation)]]></failure></testcase>
<testcase time="0" name="org.eslint.space-around-operator"><failure message="Space expected around operator"><![CDATA[line 283, col 43, Warning - Space expected around operator (space-around-operator)]]></failure></testcase>
<testcase time="0" name="org.eslint.indentation"><failure message="Mixed tabs and spaces"><![CDATA[line 284, col 4, Warning - Mixed tabs and spaces (indentation)]]></failure></testcase>
<testcase time="0" name="org.eslint.indentation"><failure message="Mixed tabs and spaces"><![CDATA[line 286, col 4, Warning - Mixed tabs and spaces (indentation)]]></failure></testcase>
<testcase time="0" name="org.eslint.indentation"><failure message="Mixed tabs and spaces"><![CDATA[line 290, col 2, Warning - Mixed tabs and spaces (indentation)]]></failure></testcase>
<testcase time="0" name="org.eslint.indentation"><failure message="Mixed tabs and spaces"><![CDATA[line 291, col 2, Warning - Mixed tabs and spaces (indentation)]]></failure></testcase>
<testcase time="0" name="org.eslint.indentation"><failure message="Mixed tabs and spaces"><![CDATA[line 293, col 2, Warning - Mixed tabs and spaces (indentation)]]></failure></testcase>
<testcase time="0" name="org.eslint.indentation"><failure message="Mixed tabs and spaces"><![CDATA[line 294, col 3, Warning - Mixed tabs and spaces (indentation)]]></failure></testcase>
<testcase time="0" name="org.eslint.indentation"><failure message="Mixed tabs and spaces"><![CDATA[line 296, col 3, Warning - Mixed tabs and spaces (indentation)]]></failure></testcase>
<testcase time="0" name="org.eslint.indentation"><failure message="Mixed tabs and spaces"><![CDATA[line 299, col 2, Warning - Mixed tabs and spaces (indentation)]]></failure></testcase>
<testcase time="0" name="org.eslint.indentation"><failure message="Mixed tabs and spaces"><![CDATA[line 300, col 3, Warning - Mixed tabs and spaces (indentation)]]></failure></testcase>
<testcase time="0" name="org.eslint.indentation"><failure message="Mixed tabs and spaces"><![CDATA[line 301, col 3, Warning - Mixed tabs and spaces (indentation)]]></failure></testcase>
<testcase time="0" name="org.eslint.indentation"><failure message="Mixed tabs and spaces"><![CDATA[line 303, col 3, Warning - Mixed tabs and spaces (indentation)]]></failure></testcase>
<testcase time="0" name="org.eslint.indentation"><failure message="Mixed tabs and spaces"><![CDATA[line 304, col 3, Warning - Mixed tabs and spaces (indentation)]]></failure></testcase>
<testcase time="0" name="org.eslint.indentation"><failure message="Mixed tabs and spaces"><![CDATA[line 306, col 3, Warning - Mixed tabs and spaces (indentation)]]></failure></testcase>
<testcase time="0" name="org.eslint.indentation"><failure message="Mixed tabs and spaces"><![CDATA[line 307, col 4, Warning - Mixed tabs and spaces (indentation)]]></failure></testcase>
<testcase time="0" name="org.eslint.indentation"><failure message="Mixed tabs and spaces"><![CDATA[line 310, col 3, Warning - Mixed tabs and spaces (indentation)]]></failure></testcase>
<testcase time="0" name="org.eslint.indentation"><failure message="Mixed tabs and spaces"><![CDATA[line 311, col 4, Warning - Mixed tabs and spaces (indentation)]]></failure></testcase>
<testcase time="0" name="org.eslint.indentation"><failure message="Mixed tabs and spaces"><![CDATA[line 315, col 2, Warning - Mixed tabs and spaces (indentation)]]></failure></testcase>
<testcase time="0" name="org.eslint.indentation"><failure message="Mixed tabs and spaces"><![CDATA[line 316, col 3, Warning - Mixed tabs and spaces (indentation)]]></failure></testcase>
<testcase time="0" name="org.eslint.indentation"><failure message="Mixed tabs and spaces"><![CDATA[line 318, col 3, Warning - Mixed tabs and spaces (indentation)]]></failure></testcase>
<testcase time="0" name="org.eslint.indentation"><failure message="Mixed tabs and spaces"><![CDATA[line 320, col 3, Warning - Mixed tabs and spaces (indentation)]]></failure></testcase>
<testcase time="0" name="org.eslint.indentation"><failure message="Mixed tabs and spaces"><![CDATA[line 330, col 2, Warning - Mixed tabs and spaces (indentation)]]></failure></testcase>
<testcase time="0" name="org.eslint.indentation"><failure message="Mixed tabs and spaces"><![CDATA[line 342, col 2, Warning - Mixed tabs and spaces (indentation)]]></failure></testcase>
<testcase time="0" name="org.eslint.indentation"><failure message="Mixed tabs and spaces"><![CDATA[line 344, col 2, Warning - Mixed tabs and spaces (indentation)]]></failure></testcase>
<testcase time="0" name="org.eslint.indentation"><failure message="Mixed tabs and spaces"><![CDATA[line 345, col 3, Warning - Mixed tabs and spaces (indentation)]]></failure></testcase>
<testcase time="0" name="org.eslint.indentation"><failure message="Mixed tabs and spaces"><![CDATA[line 348, col 2, Warning - Mixed tabs and spaces (indentation)]]></failure></testcase>
<testcase time="0" name="org.eslint.indentation"><failure message="Mixed tabs and spaces"><![CDATA[line 368, col 2, Warning - Mixed tabs and spaces (indentation)]]></failure></testcase>
<testcase time="0" name="org.eslint.indentation"><failure message="Mixed tabs and spaces"><![CDATA[line 369, col 3, Warning - Mixed tabs and spaces (indentation)]]></failure></testcase>
<testcase time="0" name="org.eslint.indentation"><failure message="Mixed tabs and spaces"><![CDATA[line 370, col 3, Warning - Mixed tabs and spaces (indentation)]]></failure></testcase>
<testcase time="0" name="org.eslint.indentation"><failure message="Mixed tabs and spaces"><![CDATA[line 371, col 3, Warning - Mixed tabs and spaces (indentation)]]></failure></testcase>
<testcase time="0" name="org.eslint.indentation"><failure message="Mixed tabs and spaces"><![CDATA[line 372, col 3, Warning - Mixed tabs and spaces (indentation)]]></failure></testcase>
<testcase time="0" name="org.eslint.indentation"><failure message="Mixed tabs and spaces"><![CDATA[line 373, col 3, Warning - Mixed tabs and spaces (indentation)]]></failure></testcase>
<testcase time="0" name="org.eslint.indentation"><failure message="Mixed tabs and spaces"><![CDATA[line 374, col 3, Warning - Mixed tabs and spaces (indentation)]]></failure></testcase>
<testcase time="0" name="org.eslint.indentation"><failure message="Mixed tabs and spaces"><![CDATA[line 375, col 3, Warning - Mixed tabs and spaces (indentation)]]></failure></testcase>
<testcase time="0" name="org.eslint.indentation"><failure message="Mixed tabs and spaces"><![CDATA[line 376, col 3, Warning - Mixed tabs and spaces (indentation)]]></failure></testcase>
<testcase time="0" name="org.eslint.indentation"><failure message="Mixed tabs and spaces"><![CDATA[line 377, col 3, Warning - Mixed tabs and spaces (indentation)]]></failure></testcase>
<testcase time="0" name="org.eslint.indentation"><failure message="Mixed tabs and spaces"><![CDATA[line 378, col 3, Warning - Mixed tabs and spaces (indentation)]]></failure></testcase>
<testcase time="0" name="org.eslint.indentation"><failure message="Mixed tabs and spaces"><![CDATA[line 379, col 3, Warning - Mixed tabs and spaces (indentation)]]></failure></testcase>
<testcase time="0" name="org.eslint.indentation"><failure message="Mixed tabs and spaces"><![CDATA[line 380, col 3, Warning - Mixed tabs and spaces (indentation)]]></failure></testcase>
<testcase time="0" name="org.eslint.indentation"><failure message="Mixed tabs and spaces"><![CDATA[line 381, col 3, Warning - Mixed tabs and spaces (indentation)]]></failure></testcase>
<testcase time="0" name="org.eslint.indentation"><failure message="Mixed tabs and spaces"><![CDATA[line 382, col 3, Warning - Mixed tabs and spaces (indentation)]]></failure></testcase>
<testcase time="0" name="org.eslint.indentation"><failure message="Mixed tabs and spaces"><![CDATA[line 383, col 3, Warning - Mixed tabs and spaces (indentation)]]></failure></testcase>
<testcase time="0" name="org.eslint.indentation"><failure message="Mixed tabs and spaces"><![CDATA[line 384, col 3, Warning - Mixed tabs and spaces (indentation)]]></failure></testcase>
<testcase time="0" name="org.eslint.indentation"><failure message="Mixed tabs and spaces"><![CDATA[line 385, col 3, Warning - Mixed tabs and spaces (indentation)]]></failure></testcase>
<testcase time="0" name="org.eslint.indentation"><failure message="Mixed tabs and spaces"><![CDATA[line 386, col 3, Warning - Mixed tabs and spaces (indentation)]]></failure></testcase>
<testcase time="0" name="org.eslint.indentation"><failure message="Mixed tabs and spaces"><![CDATA[line 387, col 3, Warning - Mixed tabs and spaces (indentation)]]></failure></testcase>
<testcase time="0" name="org.eslint.indentation"><failure message="Mixed tabs and spaces"><![CDATA[line 388, col 3, Warning - Mixed tabs and spaces (indentation)]]></failure></testcase>
<testcase time="0" name="org.eslint.indentation"><failure message="Mixed tabs and spaces"><![CDATA[line 389, col 3, Warning - Mixed tabs and spaces (indentation)]]></failure></testcase>
<testcase time="0" name="org.eslint.indentation"><failure message="Mixed tabs and spaces"><![CDATA[line 390, col 3, Warning - Mixed tabs and spaces (indentation)]]></failure></testcase>
<testcase time="0" name="org.eslint.indentation"><failure message="Mixed tabs and spaces"><![CDATA[line 391, col 3, Warning - Mixed tabs and spaces (indentation)]]></failure></testcase>
<testcase time="0" name="org.eslint.indentation"><failure message="Mixed tabs and spaces"><![CDATA[line 392, col 3, Warning - Mixed tabs and spaces (indentation)]]></failure></testcase>
<testcase time="0" name="org.eslint.indentation"><failure message="Mixed tabs and spaces"><![CDATA[line 393, col 3, Warning - Mixed tabs and spaces (indentation)]]></failure></testcase>
<testcase time="0" name="org.eslint.indentation"><failure message="Mixed tabs and spaces"><![CDATA[line 394, col 3, Warning - Mixed tabs and spaces (indentation)]]></failure></testcase>
<testcase time="0" name="org.eslint.indentation"><failure message="Mixed tabs and spaces"><![CDATA[line 397, col 2, Warning - Mixed tabs and spaces (indentation)]]></failure></testcase>
<testcase time="0" name="org.eslint.indentation"><failure message="Mixed tabs and spaces"><![CDATA[line 399, col 2, Warning - Mixed tabs and spaces (indentation)]]></failure></testcase>
<testcase time="0" name="org.eslint.space-around-operator"><failure message="Space expected around operator"><![CDATA[line 399, col 65, Warning - Space expected around operator (space-around-operator)]]></failure></testcase>
<testcase time="0" name="org.eslint.indentation"><failure message="Mixed tabs and spaces"><![CDATA[line 400, col 3, Warning - Mixed tabs and spaces (indentation)]]></failure></testcase>
<testcase time="0" name="org.eslint.indentation"><failure message="Mixed tabs and spaces"><![CDATA[line 403, col 2, Warning - Mixed tabs and spaces (indentation)]]></failure></testcase>
<testcase time="0" name="org.eslint.indentation"><failure message="Mixed tabs and spaces"><![CDATA[line 404, col 3, Warning - Mixed tabs and spaces (indentation)]]></failure></testcase>
<testcase time="0" name="org.eslint.indentation"><failure message="Mixed tabs and spaces"><![CDATA[line 407, col 2, Warning - Mixed tabs and spaces (indentation)]]></failure></testcase>
<testcase time="0" name="org.eslint.indentation"><failure message="Mixed tabs and spaces"><![CDATA[line 464, col 2, Warning - Mixed tabs and spaces (indentation)]]></failure></testcase>
<testcase time="0" name="org.eslint.indentation"><failure message="Mixed tabs and spaces"><![CDATA[line 466, col 2, Warning - Mixed tabs and spaces (indentation)]]></failure></testcase>
<testcase time="0" name="org.eslint.indentation"><failure message="Mixed tabs and spaces"><![CDATA[line 467, col 3, Warning - Mixed tabs and spaces (indentation)]]></failure></testcase>
<testcase time="0" name="org.eslint.indentation"><failure message="Mixed tabs and spaces"><![CDATA[line 468, col 3, Warning - Mixed tabs and spaces (indentation)]]></failure></testcase>
<testcase time="0" name="org.eslint.indentation"><failure message="Mixed tabs and spaces"><![CDATA[line 469, col 3, Warning - Mixed tabs and spaces (indentation)]]></failure></testcase>
<testcase time="0" name="org.eslint.indentation"><failure message="Mixed tabs and spaces"><![CDATA[line 470, col 3, Warning - Mixed tabs and spaces (indentation)]]></failure></testcase>
<testcase time="0" name="org.eslint.indentation"><failure message="Mixed tabs and spaces"><![CDATA[line 471, col 4, Warning - Mixed tabs and spaces (indentation)]]></failure></testcase>
<testcase time="0" name="org.eslint.indentation"><failure message="Mixed tabs and spaces"><![CDATA[line 472, col 4, Warning - Mixed tabs and spaces (indentation)]]></failure></testcase>
<testcase time="0" name="org.eslint.indentation"><failure message="Mixed tabs and spaces"><![CDATA[line 473, col 4, Warning - Mixed tabs and spaces (indentation)]]></failure></testcase>
<testcase time="0" name="org.eslint.indentation"><failure message="Mixed tabs and spaces"><![CDATA[line 474, col 4, Warning - Mixed tabs and spaces (indentation)]]></failure></testcase>
<testcase time="0" name="org.eslint.indentation"><failure message="Mixed tabs and spaces"><![CDATA[line 475, col 4, Warning - Mixed tabs and spaces (indentation)]]></failure></testcase>
<testcase time="0" name="org.eslint.indentation"><failure message="Mixed tabs and spaces"><![CDATA[line 476, col 4, Warning - Mixed tabs and spaces (indentation)]]></failure></testcase>
<testcase time="0" name="org.eslint.indentation"><failure message="Mixed tabs and spaces"><![CDATA[line 478, col 3, Warning - Mixed tabs and spaces (indentation)]]></failure></testcase>
<testcase time="0" name="org.eslint.indentation"><failure message="Mixed tabs and spaces"><![CDATA[line 479, col 4, Warning - Mixed tabs and spaces (indentation)]]></failure></testcase>
<testcase time="0" name="org.eslint.indentation"><failure message="Mixed tabs and spaces"><![CDATA[line 480, col 4, Warning - Mixed tabs and spaces (indentation)]]></failure></testcase>
<testcase time="0" name="org.eslint.indentation"><failure message="Mixed tabs and spaces"><![CDATA[line 482, col 3, Warning - Mixed tabs and spaces (indentation)]]></failure></testcase>
<testcase time="0" name="org.eslint.indentation"><failure message="Mixed tabs and spaces"><![CDATA[line 483, col 4, Warning - Mixed tabs and spaces (indentation)]]></failure></testcase>
<testcase time="0" name="org.eslint.indentation"><failure message="Mixed tabs and spaces"><![CDATA[line 484, col 4, Warning - Mixed tabs and spaces (indentation)]]></failure></testcase>
<testcase time="0" name="org.eslint.indentation"><failure message="Mixed tabs and spaces"><![CDATA[line 485, col 4, Warning - Mixed tabs and spaces (indentation)]]></failure></testcase>
<testcase time="0" name="org.eslint.indentation"><failure message="Mixed tabs and spaces"><![CDATA[line 486, col 4, Warning - Mixed tabs and spaces (indentation)]]></failure></testcase>
<testcase time="0" name="org.eslint.indentation"><failure message="Mixed tabs and spaces"><![CDATA[line 487, col 4, Warning - Mixed tabs and spaces (indentation)]]></failure></testcase>
<testcase time="0" name="org.eslint.indentation"><failure message="Mixed tabs and spaces"><![CDATA[line 489, col 3, Warning - Mixed tabs and spaces (indentation)]]></failure></testcase>
<testcase time="0" name="org.eslint.indentation"><failure message="Mixed tabs and spaces"><![CDATA[line 490, col 4, Warning - Mixed tabs and spaces (indentation)]]></failure></testcase>
<testcase time="0" name="org.eslint.indentation"><failure message="Mixed tabs and spaces"><![CDATA[line 491, col 4, Warning - Mixed tabs and spaces (indentation)]]></failure></testcase>
<testcase time="0" name="org.eslint.indentation"><failure message="Mixed tabs and spaces"><![CDATA[line 493, col 3, Warning - Mixed tabs and spaces (indentation)]]></failure></testcase>
<testcase time="0" name="org.eslint.indentation"><failure message="Mixed tabs and spaces"><![CDATA[line 494, col 4, Warning - Mixed tabs and spaces (indentation)]]></failure></testcase>
<testcase time="0" name="org.eslint.indentation"><failure message="Mixed tabs and spaces"><![CDATA[line 495, col 4, Warning - Mixed tabs and spaces (indentation)]]></failure></testcase>
<testcase time="0" name="org.eslint.leading-zero"><failure message="Don&#39;t include leading zeros on numbers"><![CDATA[line 495, col 34, Warning - Don&#39;t include leading zeros on numbers (leading-zero)]]></failure></testcase>
<testcase time="0" name="org.eslint.indentation"><failure message="Mixed tabs and spaces"><![CDATA[line 497, col 3, Warning - Mixed tabs and spaces (indentation)]]></failure></testcase>
<testcase time="0" name="org.eslint.indentation"><failure message="Mixed tabs and spaces"><![CDATA[line 498, col 4, Warning - Mixed tabs and spaces (indentation)]]></failure></testcase>
<testcase time="0" name="org.eslint.indentation"><failure message="Mixed tabs and spaces"><![CDATA[line 499, col 4, Warning - Mixed tabs and spaces (indentation)]]></failure></testcase>
<testcase time="0" name="org.eslint.indentation"><failure message="Mixed tabs and spaces"><![CDATA[line 500, col 4, Warning - Mixed tabs and spaces (indentation)]]></failure></testcase>
<testcase time="0" name="org.eslint.indentation"><failure message="Mixed tabs and spaces"><![CDATA[line 501, col 4, Warning - Mixed tabs and spaces (indentation)]]></failure></testcase>
<testcase time="0" name="org.eslint.indentation"><failure message="Mixed tabs and spaces"><![CDATA[line 502, col 4, Warning - Mixed tabs and spaces (indentation)]]></failure></testcase>
<testcase time="0" name="org.eslint.indentation"><failure message="Mixed tabs and spaces"><![CDATA[line 503, col 4, Warning - Mixed tabs and spaces (indentation)]]></failure></testcase>
<testcase time="0" name="org.eslint.indentation"><failure message="Mixed tabs and spaces"><![CDATA[line 505, col 3, Warning - Mixed tabs and spaces (indentation)]]></failure></testcase>
<testcase time="0" name="org.eslint.indentation"><failure message="Mixed tabs and spaces"><![CDATA[line 506, col 4, Warning - Mixed tabs and spaces (indentation)]]></failure></testcase>
<testcase time="0" name="org.eslint.indentation"><failure message="Mixed tabs and spaces"><![CDATA[line 507, col 4, Warning - Mixed tabs and spaces (indentation)]]></failure></testcase>
<testcase time="0" name="org.eslint.indentation"><failure message="Mixed tabs and spaces"><![CDATA[line 509, col 3, Warning - Mixed tabs and spaces (indentation)]]></failure></testcase>
<testcase time="0" name="org.eslint.indentation"><failure message="Mixed tabs and spaces"><![CDATA[line 510, col 4, Warning - Mixed tabs and spaces (indentation)]]></failure></testcase>
<testcase time="0" name="org.eslint.indentation"><failure message="Mixed tabs and spaces"><![CDATA[line 511, col 4, Warning - Mixed tabs and spaces (indentation)]]></failure></testcase>
<testcase time="0" name="org.eslint.indentation"><failure message="Mixed tabs and spaces"><![CDATA[line 513, col 3, Warning - Mixed tabs and spaces (indentation)]]></failure></testcase>
<testcase time="0" name="org.eslint.indentation"><failure message="Mixed tabs and spaces"><![CDATA[line 514, col 3, Warning - Mixed tabs and spaces (indentation)]]></failure></testcase>
<testcase time="0" name="org.eslint.indentation"><failure message="Mixed tabs and spaces"><![CDATA[line 515, col 4, Warning - Mixed tabs and spaces (indentation)]]></failure></testcase>
<testcase time="0" name="org.eslint.indentation"><failure message="Mixed tabs and spaces"><![CDATA[line 516, col 4, Warning - Mixed tabs and spaces (indentation)]]></failure></testcase>
<testcase time="0" name="org.eslint.indentation"><failure message="Mixed tabs and spaces"><![CDATA[line 518, col 3, Warning - Mixed tabs and spaces (indentation)]]></failure></testcase>
<testcase time="0" name="org.eslint.indentation"><failure message="Mixed tabs and spaces"><![CDATA[line 519, col 3, Warning - Mixed tabs and spaces (indentation)]]></failure></testcase>
<testcase time="0" name="org.eslint.indentation"><failure message="Mixed tabs and spaces"><![CDATA[line 520, col 3, Warning - Mixed tabs and spaces (indentation)]]></failure></testcase>
<testcase time="0" name="org.eslint.indentation"><failure message="Mixed tabs and spaces"><![CDATA[line 521, col 4, Warning - Mixed tabs and spaces (indentation)]]></failure></testcase>
<testcase time="0" name="org.eslint.indentation"><failure message="Mixed tabs and spaces"><![CDATA[line 522, col 4, Warning - Mixed tabs and spaces (indentation)]]></failure></testcase>
<testcase time="0" name="org.eslint.indentation"><failure message="Mixed tabs and spaces"><![CDATA[line 526, col 2, Warning - Mixed tabs and spaces (indentation)]]></failure></testcase>
<testcase time="0" name="org.eslint.indentation"><failure message="Mixed tabs and spaces"><![CDATA[line 527, col 3, Warning - Mixed tabs and spaces (indentation)]]></failure></testcase>
<testcase time="0" name="org.eslint.indentation"><failure message="Mixed tabs and spaces"><![CDATA[line 530, col 2, Warning - Mixed tabs and spaces (indentation)]]></failure></testcase>
<testcase time="0" name="org.eslint.indentation"><failure message="Mixed tabs and spaces"><![CDATA[line 531, col 3, Warning - Mixed tabs and spaces (indentation)]]></failure></testcase>
<testcase time="0" name="org.eslint.indentation"><failure message="Mixed tabs and spaces"><![CDATA[line 533, col 3, Warning - Mixed tabs and spaces (indentation)]]></failure></testcase>
<testcase time="0" name="org.eslint.indentation"><failure message="Mixed tabs and spaces"><![CDATA[line 536, col 2, Warning - Mixed tabs and spaces (indentation)]]></failure></testcase>
<testcase time="0" name="org.eslint.indentation"><failure message="Mixed tabs and spaces"><![CDATA[line 537, col 3, Warning - Mixed tabs and spaces (indentation)]]></failure></testcase>
<testcase time="0" name="org.eslint.indentation"><failure message="Mixed tabs and spaces"><![CDATA[line 538, col 4, Warning - Mixed tabs and spaces (indentation)]]></failure></testcase>
<testcase time="0" name="org.eslint.indentation"><failure message="Mixed tabs and spaces"><![CDATA[line 540, col 4, Warning - Mixed tabs and spaces (indentation)]]></failure></testcase>
<testcase time="0" name="org.eslint.indentation"><failure message="Mixed tabs and spaces"><![CDATA[line 542, col 4, Warning - Mixed tabs and spaces (indentation)]]></failure></testcase>
<testcase time="0" name="org.eslint.indentation"><failure message="Mixed tabs and spaces"><![CDATA[line 545, col 3, Warning - Mixed tabs and spaces (indentation)]]></failure></testcase>
<testcase time="0" name="org.eslint.indentation"><failure message="Mixed tabs and spaces"><![CDATA[line 546, col 4, Warning - Mixed tabs and spaces (indentation)]]></failure></testcase>
<testcase time="0" name="org.eslint.indentation"><failure message="Mixed tabs and spaces"><![CDATA[line 548, col 4, Warning - Mixed tabs and spaces (indentation)]]></failure></testcase>
<testcase time="0" name="org.eslint.indentation"><failure message="Mixed tabs and spaces"><![CDATA[line 550, col 4, Warning - Mixed tabs and spaces (indentation)]]></failure></testcase>
<testcase time="0" name="org.eslint.indentation"><failure message="Mixed tabs and spaces"><![CDATA[line 562, col 2, Warning - Mixed tabs and spaces (indentation)]]></failure></testcase>
<testcase time="0" name="org.eslint.indentation"><failure message="Mixed tabs and spaces"><![CDATA[line 563, col 3, Warning - Mixed tabs and spaces (indentation)]]></failure></testcase>
<testcase time="0" name="org.eslint.indentation"><failure message="Mixed tabs and spaces"><![CDATA[line 564, col 3, Warning - Mixed tabs and spaces (indentation)]]></failure></testcase>
<testcase time="0" name="org.eslint.indentation"><failure message="Mixed tabs and spaces"><![CDATA[line 565, col 3, Warning - Mixed tabs and spaces (indentation)]]></failure></testcase>
<testcase time="0" name="org.eslint.indentation"><failure message="Mixed tabs and spaces"><![CDATA[line 577, col 2, Warning - Mixed tabs and spaces (indentation)]]></failure></testcase>
<testcase time="0" name="org.eslint.indentation"><failure message="Mixed tabs and spaces"><![CDATA[line 578, col 3, Warning - Mixed tabs and spaces (indentation)]]></failure></testcase>
<testcase time="0" name="org.eslint.indentation"><failure message="Mixed tabs and spaces"><![CDATA[line 580, col 3, Warning - Mixed tabs and spaces (indentation)]]></failure></testcase>
<testcase time="0" name="org.eslint.indentation"><failure message="Mixed tabs and spaces"><![CDATA[line 581, col 4, Warning - Mixed tabs and spaces (indentation)]]></failure></testcase>
<testcase time="0" name="org.eslint.indentation"><failure message="Mixed tabs and spaces"><![CDATA[line 585, col 2, Warning - Mixed tabs and spaces (indentation)]]></failure></testcase>
<testcase time="0" name="org.eslint.indentation"><failure message="Mixed tabs and spaces"><![CDATA[line 601, col 2, Warning - Mixed tabs and spaces (indentation)]]></failure></testcase>
<testcase time="0" name="org.eslint.indentation"><failure message="Mixed tabs and spaces"><![CDATA[line 602, col 3, Warning - Mixed tabs and spaces (indentation)]]></failure></testcase>
<testcase time="0" name="org.eslint.indentation"><failure message="Mixed tabs and spaces"><![CDATA[line 603, col 3, Warning - Mixed tabs and spaces (indentation)]]></failure></testcase>
<testcase time="0" name="org.eslint.indentation"><failure message="Mixed tabs and spaces"><![CDATA[line 604, col 3, Warning - Mixed tabs and spaces (indentation)]]></failure></testcase>
<testcase time="0" name="org.eslint.indentation"><failure message="Mixed tabs and spaces"><![CDATA[line 607, col 2, Warning - Mixed tabs and spaces (indentation)]]></failure></testcase>
<testcase time="0" name="org.eslint.indentation"><failure message="Mixed tabs and spaces"><![CDATA[line 608, col 3, Warning - Mixed tabs and spaces (indentation)]]></failure></testcase>
<testcase time="0" name="org.eslint.indentation"><failure message="Mixed tabs and spaces"><![CDATA[line 611, col 2, Warning - Mixed tabs and spaces (indentation)]]></failure></testcase>
<testcase time="0" name="org.eslint.indentation"><failure message="Mixed tabs and spaces"><![CDATA[line 612, col 3, Warning - Mixed tabs and spaces (indentation)]]></failure></testcase>
<testcase time="0" name="org.eslint.indentation"><failure message="Mixed tabs and spaces"><![CDATA[line 615, col 2, Warning - Mixed tabs and spaces (indentation)]]></failure></testcase>
<testcase time="0" name="org.eslint.indentation"><failure message="Mixed tabs and spaces"><![CDATA[line 616, col 3, Warning - Mixed tabs and spaces (indentation)]]></failure></testcase>
<testcase time="0" name="org.eslint.indentation"><failure message="Mixed tabs and spaces"><![CDATA[line 619, col 2, Warning - Mixed tabs and spaces (indentation)]]></failure></testcase>
<testcase time="0" name="org.eslint.indentation"><failure message="Mixed tabs and spaces"><![CDATA[line 624, col 2, Warning - Mixed tabs and spaces (indentation)]]></failure></testcase>
<testcase time="0" name="org.eslint.leading-zero"><failure message="Don&#39;t include leading zeros on numbers"><![CDATA[line 624, col 33, Warning - Don&#39;t include leading zeros on numbers (leading-zero)]]></failure></testcase>
<testcase time="0" name="org.eslint.indentation"><failure message="Mixed tabs and spaces"><![CDATA[line 625, col 2, Warning - Mixed tabs and spaces (indentation)]]></failure></testcase>
<testcase time="0" name="org.eslint.indentation"><failure message="Mixed tabs and spaces"><![CDATA[line 627, col 2, Warning - Mixed tabs and spaces (indentation)]]></failure></testcase>
<testcase time="0" name="org.eslint.indentation"><failure message="Mixed tabs and spaces"><![CDATA[line 628, col 3, Warning - Mixed tabs and spaces (indentation)]]></failure></testcase>
<testcase time="0" name="org.eslint.indentation"><failure message="Mixed tabs and spaces"><![CDATA[line 629, col 3, Warning - Mixed tabs and spaces (indentation)]]></failure></testcase>
<testcase time="0" name="org.eslint.indentation"><failure message="Mixed tabs and spaces"><![CDATA[line 632, col 2, Warning - Mixed tabs and spaces (indentation)]]></failure></testcase>
</testsuite>
<testsuite package="org.eslint" time="0" tests="299" errors="299" name="./source/stylesheets/abstracts/_mixins.scss">
<testcase time="0" name="org.eslint.property-sort-order"><failure message="Expected `font-style`, found `overflow`"><![CDATA[line 6, col 2, Warning - Expected `font-style`, found `overflow` (property-sort-order)]]></failure></testcase>
<testcase time="0" name="org.eslint.indentation"><failure message="Mixed tabs and spaces"><![CDATA[line 6, col 2, Warning - Mixed tabs and spaces (indentation)]]></failure></testcase>
<testcase time="0" name="org.eslint.property-sort-order"><failure message="Expected `overflow`, found `font-style`"><![CDATA[line 8, col 2, Warning - Expected `overflow`, found `font-style` (property-sort-order)]]></failure></testcase>
<testcase time="0" name="org.eslint.indentation"><failure message="Mixed tabs and spaces"><![CDATA[line 8, col 2, Warning - Mixed tabs and spaces (indentation)]]></failure></testcase>
<testcase time="0" name="org.eslint.indentation"><failure message="Mixed tabs and spaces"><![CDATA[line 36, col 2, Warning - Mixed tabs and spaces (indentation)]]></failure></testcase>
<testcase time="0" name="org.eslint.indentation"><failure message="Mixed tabs and spaces"><![CDATA[line 37, col 3, Warning - Mixed tabs and spaces (indentation)]]></failure></testcase>
<testcase time="0" name="org.eslint.property-sort-order"><failure message="Expected `font-family`, found `font-size`"><![CDATA[line 39, col 3, Warning - Expected `font-family`, found `font-size` (property-sort-order)]]></failure></testcase>
<testcase time="0" name="org.eslint.indentation"><failure message="Mixed tabs and spaces"><![CDATA[line 39, col 3, Warning - Mixed tabs and spaces (indentation)]]></failure></testcase>
<testcase time="0" name="org.eslint.property-sort-order"><failure message="Expected `font-size`, found `line-height`"><![CDATA[line 40, col 3, Warning - Expected `font-size`, found `line-height` (property-sort-order)]]></failure></testcase>
<testcase time="0" name="org.eslint.indentation"><failure message="Mixed tabs and spaces"><![CDATA[line 40, col 3, Warning - Mixed tabs and spaces (indentation)]]></failure></testcase>
<testcase time="0" name="org.eslint.leading-zero"><failure message="Don&#39;t include leading zeros on numbers"><![CDATA[line 40, col 16, Warning - Don&#39;t include leading zeros on numbers (leading-zero)]]></failure></testcase>
<testcase time="0" name="org.eslint.property-sort-order"><failure message="Expected `line-height`, found `font-family`"><![CDATA[line 41, col 3, Warning - Expected `line-height`, found `font-family` (property-sort-order)]]></failure></testcase>
<testcase time="0" name="org.eslint.indentation"><failure message="Mixed tabs and spaces"><![CDATA[line 41, col 3, Warning - Mixed tabs and spaces (indentation)]]></failure></testcase>
<testcase time="0" name="org.eslint.indentation"><failure message="Mixed tabs and spaces"><![CDATA[line 43, col 3, Warning - Mixed tabs and spaces (indentation)]]></failure></testcase>
<testcase time="0" name="org.eslint.indentation"><failure message="Mixed tabs and spaces"><![CDATA[line 45, col 3, Warning - Mixed tabs and spaces (indentation)]]></failure></testcase>
<testcase time="0" name="org.eslint.indentation"><failure message="Mixed tabs and spaces"><![CDATA[line 70, col 2, Warning - Mixed tabs and spaces (indentation)]]></failure></testcase>
<testcase time="0" name="org.eslint.indentation"><failure message="Mixed tabs and spaces"><![CDATA[line 71, col 3, Warning - Mixed tabs and spaces (indentation)]]></failure></testcase>
<testcase time="0" name="org.eslint.indentation"><failure message="Mixed tabs and spaces"><![CDATA[line 73, col 3, Warning - Mixed tabs and spaces (indentation)]]></failure></testcase>
<testcase time="0" name="org.eslint.indentation"><failure message="Mixed tabs and spaces"><![CDATA[line 75, col 3, Warning - Mixed tabs and spaces (indentation)]]></failure></testcase>
<testcase time="0" name="org.eslint.indentation"><failure message="Mixed tabs and spaces"><![CDATA[line 122, col 2, Warning - Mixed tabs and spaces (indentation)]]></failure></testcase>
<testcase time="0" name="org.eslint.indentation"><failure message="Mixed tabs and spaces"><![CDATA[line 123, col 2, Warning - Mixed tabs and spaces (indentation)]]></failure></testcase>
<testcase time="0" name="org.eslint.property-sort-order"><failure message="Expected `font-family`, found `font-size`"><![CDATA[line 125, col 2, Warning - Expected `font-family`, found `font-size` (property-sort-order)]]></failure></testcase>
<testcase time="0" name="org.eslint.indentation"><failure message="Mixed tabs and spaces"><![CDATA[line 125, col 2, Warning - Mixed tabs and spaces (indentation)]]></failure></testcase>
<testcase time="0" name="org.eslint.property-sort-order"><failure message="Expected `font-size`, found `font-family`"><![CDATA[line 126, col 2, Warning - Expected `font-size`, found `font-family` (property-sort-order)]]></failure></testcase>
<testcase time="0" name="org.eslint.indentation"><failure message="Mixed tabs and spaces"><![CDATA[line 126, col 2, Warning - Mixed tabs and spaces (indentation)]]></failure></testcase>
<testcase time="0" name="org.eslint.indentation"><failure message="Mixed tabs and spaces"><![CDATA[line 127, col 2, Warning - Mixed tabs and spaces (indentation)]]></failure></testcase>
<testcase time="0" name="org.eslint.leading-zero"><failure message="Don&#39;t include leading zeros on numbers"><![CDATA[line 127, col 19, Warning - Don&#39;t include leading zeros on numbers (leading-zero)]]></failure></testcase>
<testcase time="0" name="org.eslint.no-css-comments"><failure message="Multiline style comments should not be used"><![CDATA[line 127, col 27, Warning - Multiline style comments should not be used (no-css-comments)]]></failure></testcase>
<testcase time="0" name="org.eslint.indentation"><failure message="Mixed tabs and spaces"><![CDATA[line 128, col 2, Warning - Mixed tabs and spaces (indentation)]]></failure></testcase>
<testcase time="0" name="org.eslint.no-css-comments"><failure message="Multiline style comments should not be used"><![CDATA[line 128, col 28, Warning - Multiline style comments should not be used (no-css-comments)]]></failure></testcase>
<testcase time="0" name="org.eslint.indentation"><failure message="Mixed tabs and spaces"><![CDATA[line 129, col 2, Warning - Mixed tabs and spaces (indentation)]]></failure></testcase>
<testcase time="0" name="org.eslint.property-sort-order"><failure message="Expected `text-rendering`, found `word-spacing`"><![CDATA[line 129, col 2, Warning - Expected `text-rendering`, found `word-spacing` (property-sort-order)]]></failure></testcase>
<testcase time="0" name="org.eslint.leading-zero"><failure message="Don&#39;t include leading zeros on numbers"><![CDATA[line 129, col 17, Warning - Don&#39;t include leading zeros on numbers (leading-zero)]]></failure></testcase>
<testcase time="0" name="org.eslint.no-css-comments"><failure message="Multiline style comments should not be used"><![CDATA[line 129, col 27, Warning - Multiline style comments should not be used (no-css-comments)]]></failure></testcase>
<testcase time="0" name="org.eslint.indentation"><failure message="Mixed tabs and spaces"><![CDATA[line 131, col 2, Warning - Mixed tabs and spaces (indentation)]]></failure></testcase>
<testcase time="0" name="org.eslint.property-sort-order"><failure message="Expected `word-spacing`, found `text-rendering`"><![CDATA[line 131, col 2, Warning - Expected `word-spacing`, found `text-rendering` (property-sort-order)]]></failure></testcase>
<testcase time="0" name="org.eslint.no-css-comments"><failure message="Multiline style comments should not be used"><![CDATA[line 131, col 33, Warning - Multiline style comments should not be used (no-css-comments)]]></failure></testcase>
<testcase time="0" name="org.eslint.indentation"><failure message="Mixed tabs and spaces"><![CDATA[line 167, col 2, Warning - Mixed tabs and spaces (indentation)]]></failure></testcase>
<testcase time="0" name="org.eslint.property-sort-order"><failure message="Expected `font-family`, found `font-size`"><![CDATA[line 169, col 2, Warning - Expected `font-family`, found `font-size` (property-sort-order)]]></failure></testcase>
<testcase time="0" name="org.eslint.indentation"><failure message="Mixed tabs and spaces"><![CDATA[line 169, col 2, Warning - Mixed tabs and spaces (indentation)]]></failure></testcase>
<testcase time="0" name="org.eslint.property-sort-order"><failure message="Expected `font-size`, found `font-family`"><![CDATA[line 170, col 2, Warning - Expected `font-size`, found `font-family` (property-sort-order)]]></failure></testcase>
<testcase time="0" name="org.eslint.indentation"><failure message="Mixed tabs and spaces"><![CDATA[line 170, col 2, Warning - Mixed tabs and spaces (indentation)]]></failure></testcase>
<testcase time="0" name="org.eslint.indentation"><failure message="Mixed tabs and spaces"><![CDATA[line 171, col 2, Warning - Mixed tabs and spaces (indentation)]]></failure></testcase>
<testcase time="0" name="org.eslint.property-sort-order"><failure message="Expected `text-rendering`, found `word-spacing`"><![CDATA[line 172, col 2, Warning - Expected `text-rendering`, found `word-spacing` (property-sort-order)]]></failure></testcase>
<testcase time="0" name="org.eslint.indentation"><failure message="Mixed tabs and spaces"><![CDATA[line 172, col 2, Warning - Mixed tabs and spaces (indentation)]]></failure></testcase>
<testcase time="0" name="org.eslint.indentation"><failure message="Mixed tabs and spaces"><![CDATA[line 174, col 2, Warning - Mixed tabs and spaces (indentation)]]></failure></testcase>
<testcase time="0" name="org.eslint.property-sort-order"><failure message="Expected `vertical-align`, found `text-rendering`"><![CDATA[line 174, col 2, Warning - Expected `vertical-align`, found `text-rendering` (property-sort-order)]]></failure></testcase>
<testcase time="0" name="org.eslint.property-sort-order"><failure message="Expected `word-spacing`, found `vertical-align`"><![CDATA[line 175, col 2, Warning - Expected `word-spacing`, found `vertical-align` (property-sort-order)]]></failure></testcase>
<testcase time="0" name="org.eslint.indentation"><failure message="Mixed tabs and spaces"><![CDATA[line 175, col 2, Warning - Mixed tabs and spaces (indentation)]]></failure></testcase>
<testcase time="0" name="org.eslint.indentation"><failure message="Mixed tabs and spaces"><![CDATA[line 177, col 2, Warning - Mixed tabs and spaces (indentation)]]></failure></testcase>
<testcase time="0" name="org.eslint.property-sort-order"><failure message="Expected `border-collapse`, found `display`"><![CDATA[line 202, col 2, Warning - Expected `border-collapse`, found `display` (property-sort-order)]]></failure></testcase>
<testcase time="0" name="org.eslint.indentation"><failure message="Mixed tabs and spaces"><![CDATA[line 202, col 2, Warning - Mixed tabs and spaces (indentation)]]></failure></testcase>
<testcase time="0" name="org.eslint.property-sort-order"><failure message="Expected `display`, found `border-collapse`"><![CDATA[line 204, col 2, Warning - Expected `display`, found `border-collapse` (property-sort-order)]]></failure></testcase>
<testcase time="0" name="org.eslint.indentation"><failure message="Mixed tabs and spaces"><![CDATA[line 204, col 2, Warning - Mixed tabs and spaces (indentation)]]></failure></testcase>
<testcase time="0" name="org.eslint.indentation"><failure message="Mixed tabs and spaces"><![CDATA[line 206, col 2, Warning - Mixed tabs and spaces (indentation)]]></failure></testcase>
<testcase time="0" name="org.eslint.indentation"><failure message="Mixed tabs and spaces"><![CDATA[line 231, col 2, Warning - Mixed tabs and spaces (indentation)]]></failure></testcase>
<testcase time="0" name="org.eslint.indentation"><failure message="Mixed tabs and spaces"><![CDATA[line 233, col 2, Warning - Mixed tabs and spaces (indentation)]]></failure></testcase>
<testcase time="0" name="org.eslint.indentation"><failure message="Mixed tabs and spaces"><![CDATA[line 235, col 2, Warning - Mixed tabs and spaces (indentation)]]></failure></testcase>
<testcase time="0" name="org.eslint.indentation"><failure message="Mixed tabs and spaces"><![CDATA[line 243, col 2, Warning - Mixed tabs and spaces (indentation)]]></failure></testcase>
<testcase time="0" name="org.eslint.indentation"><failure message="Mixed tabs and spaces"><![CDATA[line 244, col 2, Warning - Mixed tabs and spaces (indentation)]]></failure></testcase>
<testcase time="0" name="org.eslint.property-sort-order"><failure message="Expected `-moz-osx-font-smoothing`, found `-webkit-font-smoothing`"><![CDATA[line 245, col 3, Warning - Expected `-moz-osx-font-smoothing`, found `-webkit-font-smoothing` (property-sort-order)]]></failure></testcase>
<testcase time="0" name="org.eslint.indentation"><failure message="Mixed tabs and spaces"><![CDATA[line 245, col 3, Warning - Mixed tabs and spaces (indentation)]]></failure></testcase>
<testcase time="0" name="org.eslint.indentation"><failure message="Mixed tabs and spaces"><![CDATA[line 246, col 3, Warning - Mixed tabs and spaces (indentation)]]></failure></testcase>
<testcase time="0" name="org.eslint.property-sort-order"><failure message="Expected `-webkit-font-smoothing`, found `-moz-osx-font-smoothing`"><![CDATA[line 246, col 3, Warning - Expected `-webkit-font-smoothing`, found `-moz-osx-font-smoothing` (property-sort-order)]]></failure></testcase>
<testcase time="0" name="org.eslint.indentation"><failure message="Mixed tabs and spaces"><![CDATA[line 248, col 3, Warning - Mixed tabs and spaces (indentation)]]></failure></testcase>
<testcase time="0" name="org.eslint.property-sort-order"><failure message="Expected `-moz-osx-font-smoothing`, found `-webkit-font-smoothing`"><![CDATA[line 248, col 3, Warning - Expected `-moz-osx-font-smoothing`, found `-webkit-font-smoothing` (property-sort-order)]]></failure></testcase>
<testcase time="0" name="org.eslint.property-sort-order"><failure message="Expected `-webkit-font-smoothing`, found `-moz-osx-font-smoothing`"><![CDATA[line 249, col 3, Warning - Expected `-webkit-font-smoothing`, found `-moz-osx-font-smoothing` (property-sort-order)]]></failure></testcase>
<testcase time="0" name="org.eslint.indentation"><failure message="Mixed tabs and spaces"><![CDATA[line 249, col 3, Warning - Mixed tabs and spaces (indentation)]]></failure></testcase>
<testcase time="0" name="org.eslint.indentation"><failure message="Mixed tabs and spaces"><![CDATA[line 279, col 2, Warning - Mixed tabs and spaces (indentation)]]></failure></testcase>
<testcase time="0" name="org.eslint.indentation"><failure message="Mixed tabs and spaces"><![CDATA[line 281, col 2, Warning - Mixed tabs and spaces (indentation)]]></failure></testcase>
<testcase time="0" name="org.eslint.property-sort-order"><failure message="Expected `font-size`, found `font-style`"><![CDATA[line 281, col 2, Warning - Expected `font-size`, found `font-style` (property-sort-order)]]></failure></testcase>
<testcase time="0" name="org.eslint.indentation"><failure message="Mixed tabs and spaces"><![CDATA[line 282, col 2, Warning - Mixed tabs and spaces (indentation)]]></failure></testcase>
<testcase time="0" name="org.eslint.property-sort-order"><failure message="Expected `font-style`, found `font-variant`"><![CDATA[line 282, col 2, Warning - Expected `font-style`, found `font-variant` (property-sort-order)]]></failure></testcase>
<testcase time="0" name="org.eslint.property-sort-order"><failure message="Expected `font-variant`, found `font-weight`"><![CDATA[line 283, col 2, Warning - Expected `font-variant`, found `font-weight` (property-sort-order)]]></failure></testcase>
<testcase time="0" name="org.eslint.indentation"><failure message="Mixed tabs and spaces"><![CDATA[line 283, col 2, Warning - Mixed tabs and spaces (indentation)]]></failure></testcase>
<testcase time="0" name="org.eslint.property-sort-order"><failure message="Expected `font-weight`, found `font-size`"><![CDATA[line 284, col 2, Warning - Expected `font-weight`, found `font-size` (property-sort-order)]]></failure></testcase>
<testcase time="0" name="org.eslint.indentation"><failure message="Mixed tabs and spaces"><![CDATA[line 284, col 2, Warning - Mixed tabs and spaces (indentation)]]></failure></testcase>
<testcase time="0" name="org.eslint.no-css-comments"><failure message="Multiline style comments should not be used"><![CDATA[line 284, col 19, Warning - Multiline style comments should not be used (no-css-comments)]]></failure></testcase>
<testcase time="0" name="org.eslint.indentation"><failure message="Mixed tabs and spaces"><![CDATA[line 285, col 2, Warning - Mixed tabs and spaces (indentation)]]></failure></testcase>
<testcase time="0" name="org.eslint.indentation"><failure message="Mixed tabs and spaces"><![CDATA[line 287, col 2, Warning - Mixed tabs and spaces (indentation)]]></failure></testcase>
<testcase time="0" name="org.eslint.property-sort-order"><failure message="Expected `speak`, found `text-transform`"><![CDATA[line 287, col 2, Warning - Expected `speak`, found `text-transform` (property-sort-order)]]></failure></testcase>
<testcase time="0" name="org.eslint.property-sort-order"><failure message="Expected `text-transform`, found `speak`"><![CDATA[line 289, col 2, Warning - Expected `text-transform`, found `speak` (property-sort-order)]]></failure></testcase>
<testcase time="0" name="org.eslint.indentation"><failure message="Mixed tabs and spaces"><![CDATA[line 289, col 2, Warning - Mixed tabs and spaces (indentation)]]></failure></testcase>
<testcase time="0" name="org.eslint.indentation"><failure message="Mixed tabs and spaces"><![CDATA[line 294, col 2, Warning - Mixed tabs and spaces (indentation)]]></failure></testcase>
<testcase time="0" name="org.eslint.no-css-comments"><failure message="Multiline style comments should not be used"><![CDATA[line 294, col 2, Warning - Multiline style comments should not be used (no-css-comments)]]></failure></testcase>
<testcase time="0" name="org.eslint.indentation"><failure message="Mixed tabs and spaces"><![CDATA[line 304, col 2, Warning - Mixed tabs and spaces (indentation)]]></failure></testcase>
<testcase time="0" name="org.eslint.indentation"><failure message="Mixed tabs and spaces"><![CDATA[line 305, col 2, Warning - Mixed tabs and spaces (indentation)]]></failure></testcase>
<testcase time="0" name="org.eslint.indentation"><failure message="Mixed tabs and spaces"><![CDATA[line 306, col 3, Warning - Mixed tabs and spaces (indentation)]]></failure></testcase>
<testcase time="0" name="org.eslint.property-sort-order"><failure message="Expected `border-collapse`, found `display`"><![CDATA[line 306, col 3, Warning - Expected `border-collapse`, found `display` (property-sort-order)]]></failure></testcase>
<testcase time="0" name="org.eslint.no-css-comments"><failure message="Multiline style comments should not be used"><![CDATA[line 306, col 19, Warning - Multiline style comments should not be used (no-css-comments)]]></failure></testcase>
<testcase time="0" name="org.eslint.indentation"><failure message="Mixed tabs and spaces"><![CDATA[line 308, col 3, Warning - Mixed tabs and spaces (indentation)]]></failure></testcase>
<testcase time="0" name="org.eslint.no-css-comments"><failure message="Multiline style comments should not be used"><![CDATA[line 308, col 16, Warning - Multiline style comments should not be used (no-css-comments)]]></failure></testcase>
<testcase time="0" name="org.eslint.indentation"><failure message="Mixed tabs and spaces"><![CDATA[line 310, col 3, Warning - Mixed tabs and spaces (indentation)]]></failure></testcase>
<testcase time="0" name="org.eslint.property-sort-order"><failure message="Expected `display`, found `border-collapse`"><![CDATA[line 310, col 3, Warning - Expected `display`, found `border-collapse` (property-sort-order)]]></failure></testcase>
<testcase time="0" name="org.eslint.no-css-comments"><failure message="Multiline style comments should not be used"><![CDATA[line 310, col 30, Warning - Multiline style comments should not be used (no-css-comments)]]></failure></testcase>
<testcase time="0" name="org.eslint.indentation"><failure message="Mixed tabs and spaces"><![CDATA[line 313, col 2, Warning - Mixed tabs and spaces (indentation)]]></failure></testcase>
<testcase time="0" name="org.eslint.indentation"><failure message="Mixed tabs and spaces"><![CDATA[line 314, col 3, Warning - Mixed tabs and spaces (indentation)]]></failure></testcase>
<testcase time="0" name="org.eslint.indentation"><failure message="Mixed tabs and spaces"><![CDATA[line 317, col 2, Warning - Mixed tabs and spaces (indentation)]]></failure></testcase>
<testcase time="0" name="org.eslint.indentation"><failure message="Mixed tabs and spaces"><![CDATA[line 318, col 3, Warning - Mixed tabs and spaces (indentation)]]></failure></testcase>
<testcase time="0" name="org.eslint.indentation"><failure message="Mixed tabs and spaces"><![CDATA[line 324, col 2, Warning - Mixed tabs and spaces (indentation)]]></failure></testcase>
<testcase time="0" name="org.eslint.indentation"><failure message="Mixed tabs and spaces"><![CDATA[line 325, col 2, Warning - Mixed tabs and spaces (indentation)]]></failure></testcase>
<testcase time="0" name="org.eslint.indentation"><failure message="Mixed tabs and spaces"><![CDATA[line 326, col 2, Warning - Mixed tabs and spaces (indentation)]]></failure></testcase>
<testcase time="0" name="org.eslint.indentation"><failure message="Mixed tabs and spaces"><![CDATA[line 327, col 3, Warning - Mixed tabs and spaces (indentation)]]></failure></testcase>
<testcase time="0" name="org.eslint.property-sort-order"><failure message="Expected `color`, found `text-decoration`"><![CDATA[line 327, col 3, Warning - Expected `color`, found `text-decoration` (property-sort-order)]]></failure></testcase>
<testcase time="0" name="org.eslint.property-sort-order"><failure message="Expected `text-decoration`, found `color`"><![CDATA[line 329, col 3, Warning - Expected `text-decoration`, found `color` (property-sort-order)]]></failure></testcase>
<testcase time="0" name="org.eslint.indentation"><failure message="Mixed tabs and spaces"><![CDATA[line 329, col 3, Warning - Mixed tabs and spaces (indentation)]]></failure></testcase>
<testcase time="0" name="org.eslint.indentation"><failure message="Mixed tabs and spaces"><![CDATA[line 331, col 3, Warning - Mixed tabs and spaces (indentation)]]></failure></testcase>
<testcase time="0" name="org.eslint.indentation"><failure message="Mixed tabs and spaces"><![CDATA[line 341, col 2, Warning - Mixed tabs and spaces (indentation)]]></failure></testcase>
<testcase time="0" name="org.eslint.indentation"><failure message="Mixed tabs and spaces"><![CDATA[line 342, col 3, Warning - Mixed tabs and spaces (indentation)]]></failure></testcase>
<testcase time="0" name="org.eslint.indentation"><failure message="Mixed tabs and spaces"><![CDATA[line 343, col 3, Warning - Mixed tabs and spaces (indentation)]]></failure></testcase>
<testcase time="0" name="org.eslint.indentation"><failure message="Mixed tabs and spaces"><![CDATA[line 344, col 3, Warning - Mixed tabs and spaces (indentation)]]></failure></testcase>
<testcase time="0" name="org.eslint.indentation"><failure message="Mixed tabs and spaces"><![CDATA[line 345, col 3, Warning - Mixed tabs and spaces (indentation)]]></failure></testcase>
<testcase time="0" name="org.eslint.indentation"><failure message="Mixed tabs and spaces"><![CDATA[line 346, col 4, Warning - Mixed tabs and spaces (indentation)]]></failure></testcase>
<testcase time="0" name="org.eslint.indentation"><failure message="Mixed tabs and spaces"><![CDATA[line 349, col 3, Warning - Mixed tabs and spaces (indentation)]]></failure></testcase>
<testcase time="0" name="org.eslint.indentation"><failure message="Mixed tabs and spaces"><![CDATA[line 350, col 3, Warning - Mixed tabs and spaces (indentation)]]></failure></testcase>
<testcase time="0" name="org.eslint.indentation"><failure message="Mixed tabs and spaces"><![CDATA[line 351, col 3, Warning - Mixed tabs and spaces (indentation)]]></failure></testcase>
<testcase time="0" name="org.eslint.indentation"><failure message="Mixed tabs and spaces"><![CDATA[line 352, col 4, Warning - Mixed tabs and spaces (indentation)]]></failure></testcase>
<testcase time="0" name="org.eslint.indentation"><failure message="Mixed tabs and spaces"><![CDATA[line 361, col 2, Warning - Mixed tabs and spaces (indentation)]]></failure></testcase>
<testcase time="0" name="org.eslint.indentation"><failure message="Mixed tabs and spaces"><![CDATA[line 362, col 3, Warning - Mixed tabs and spaces (indentation)]]></failure></testcase>
<testcase time="0" name="org.eslint.indentation"><failure message="Mixed tabs and spaces"><![CDATA[line 374, col 2, Warning - Mixed tabs and spaces (indentation)]]></failure></testcase>
<testcase time="0" name="org.eslint.indentation"><failure message="Mixed tabs and spaces"><![CDATA[line 375, col 2, Warning - Mixed tabs and spaces (indentation)]]></failure></testcase>
<testcase time="0" name="org.eslint.property-sort-order"><failure message="Expected `border`, found `position`"><![CDATA[line 375, col 2, Warning - Expected `border`, found `position` (property-sort-order)]]></failure></testcase>
<testcase time="0" name="org.eslint.property-sort-order"><failure message="Expected `clip`, found `width`"><![CDATA[line 377, col 2, Warning - Expected `clip`, found `width` (property-sort-order)]]></failure></testcase>
<testcase time="0" name="org.eslint.indentation"><failure message="Mixed tabs and spaces"><![CDATA[line 377, col 2, Warning - Mixed tabs and spaces (indentation)]]></failure></testcase>
<testcase time="0" name="org.eslint.property-sort-order"><failure message="Expected `clip-path`, found `height`"><![CDATA[line 378, col 2, Warning - Expected `clip-path`, found `height` (property-sort-order)]]></failure></testcase>
<testcase time="0" name="org.eslint.indentation"><failure message="Mixed tabs and spaces"><![CDATA[line 378, col 2, Warning - Mixed tabs and spaces (indentation)]]></failure></testcase>
<testcase time="0" name="org.eslint.property-sort-order"><failure message="Expected `height`, found `padding`"><![CDATA[line 380, col 2, Warning - Expected `height`, found `padding` (property-sort-order)]]></failure></testcase>
<testcase time="0" name="org.eslint.indentation"><failure message="Mixed tabs and spaces"><![CDATA[line 380, col 2, Warning - Mixed tabs and spaces (indentation)]]></failure></testcase>
<testcase time="0" name="org.eslint.indentation"><failure message="Mixed tabs and spaces"><![CDATA[line 381, col 2, Warning - Mixed tabs and spaces (indentation)]]></failure></testcase>
<testcase time="0" name="org.eslint.indentation"><failure message="Mixed tabs and spaces"><![CDATA[line 383, col 2, Warning - Mixed tabs and spaces (indentation)]]></failure></testcase>
<testcase time="0" name="org.eslint.indentation"><failure message="Mixed tabs and spaces"><![CDATA[line 384, col 2, Warning - Mixed tabs and spaces (indentation)]]></failure></testcase>
<testcase time="0" name="org.eslint.property-sort-order"><failure message="Expected `padding`, found `clip`"><![CDATA[line 385, col 2, Warning - Expected `padding`, found `clip` (property-sort-order)]]></failure></testcase>
<testcase time="0" name="org.eslint.indentation"><failure message="Mixed tabs and spaces"><![CDATA[line 385, col 2, Warning - Mixed tabs and spaces (indentation)]]></failure></testcase>
<testcase time="0" name="org.eslint.indentation"><failure message="Mixed tabs and spaces"><![CDATA[line 386, col 2, Warning - Mixed tabs and spaces (indentation)]]></failure></testcase>
<testcase time="0" name="org.eslint.property-sort-order"><failure message="Expected `position`, found `clip-path`"><![CDATA[line 386, col 2, Warning - Expected `position`, found `clip-path` (property-sort-order)]]></failure></testcase>
<testcase time="0" name="org.eslint.indentation"><failure message="Mixed tabs and spaces"><![CDATA[line 388, col 2, Warning - Mixed tabs and spaces (indentation)]]></failure></testcase>
<testcase time="0" name="org.eslint.property-sort-order"><failure message="Expected `width`, found `border`"><![CDATA[line 390, col 2, Warning - Expected `width`, found `border` (property-sort-order)]]></failure></testcase>
<testcase time="0" name="org.eslint.indentation"><failure message="Mixed tabs and spaces"><![CDATA[line 390, col 2, Warning - Mixed tabs and spaces (indentation)]]></failure></testcase>
<testcase time="0" name="org.eslint.indentation"><failure message="Mixed tabs and spaces"><![CDATA[line 394, col 2, Warning - Mixed tabs and spaces (indentation)]]></failure></testcase>
<testcase time="0" name="org.eslint.indentation"><failure message="Mixed tabs and spaces"><![CDATA[line 395, col 2, Warning - Mixed tabs and spaces (indentation)]]></failure></testcase>
<testcase time="0" name="org.eslint.indentation"><failure message="Mixed tabs and spaces"><![CDATA[line 397, col 2, Warning - Mixed tabs and spaces (indentation)]]></failure></testcase>
<testcase time="0" name="org.eslint.indentation"><failure message="Mixed tabs and spaces"><![CDATA[line 398, col 2, Warning - Mixed tabs and spaces (indentation)]]></failure></testcase>
<testcase time="0" name="org.eslint.indentation"><failure message="Mixed tabs and spaces"><![CDATA[line 399, col 3, Warning - Mixed tabs and spaces (indentation)]]></failure></testcase>
<testcase time="0" name="org.eslint.property-sort-order"><failure message="Expected `clip`, found `position`"><![CDATA[line 399, col 3, Warning - Expected `clip`, found `position` (property-sort-order)]]></failure></testcase>
<testcase time="0" name="org.eslint.indentation"><failure message="Mixed tabs and spaces"><![CDATA[line 401, col 3, Warning - Mixed tabs and spaces (indentation)]]></failure></testcase>
<testcase time="0" name="org.eslint.property-sort-order"><failure message="Expected `clip-path`, found `width`"><![CDATA[line 401, col 3, Warning - Expected `clip-path`, found `width` (property-sort-order)]]></failure></testcase>
<testcase time="0" name="org.eslint.indentation"><failure message="Mixed tabs and spaces"><![CDATA[line 402, col 3, Warning - Mixed tabs and spaces (indentation)]]></failure></testcase>
<testcase time="0" name="org.eslint.indentation"><failure message="Mixed tabs and spaces"><![CDATA[line 404, col 3, Warning - Mixed tabs and spaces (indentation)]]></failure></testcase>
<testcase time="0" name="org.eslint.indentation"><failure message="Mixed tabs and spaces"><![CDATA[line 406, col 3, Warning - Mixed tabs and spaces (indentation)]]></failure></testcase>
<testcase time="0" name="org.eslint.property-sort-order"><failure message="Expected `position`, found `clip`"><![CDATA[line 407, col 3, Warning - Expected `position`, found `clip` (property-sort-order)]]></failure></testcase>
<testcase time="0" name="org.eslint.indentation"><failure message="Mixed tabs and spaces"><![CDATA[line 407, col 3, Warning - Mixed tabs and spaces (indentation)]]></failure></testcase>
<testcase time="0" name="org.eslint.property-sort-order"><failure message="Expected `white-space`, found `clip-path`"><![CDATA[line 408, col 3, Warning - Expected `white-space`, found `clip-path` (property-sort-order)]]></failure></testcase>
[...]
<testcase time="0" name="org.eslint.property-sort-order"><failure message="Expected `border-left`, found `border-right`"><![CDATA[line 692, col 3, Warning - Expected `border-left`, found `border-right` (property-sort-order)]]></failure></testcase>
<testcase time="0" name="org.eslint.indentation"><failure message="Mixed tabs and spaces"><![CDATA[line 692, col 3, Warning - Mixed tabs and spaces (indentation)]]></failure></testcase>
<testcase time="0" name="org.eslint.property-sort-order"><failure message="Expected `border-right`, found `border-left`"><![CDATA[line 693, col 3, Warning - Expected `border-right`, found `border-left` (property-sort-order)]]></failure></testcase>
<testcase time="0" name="org.eslint.indentation"><failure message="Mixed tabs and spaces"><![CDATA[line 693, col 3, Warning - Mixed tabs and spaces (indentation)]]></failure></testcase>
<testcase time="0" name="org.eslint.indentation"><failure message="Mixed tabs and spaces"><![CDATA[line 695, col 3, Warning - Mixed tabs and spaces (indentation)]]></failure></testcase>
<testcase time="0" name="org.eslint.property-sort-order"><failure message="Expected `border-bottom`, found `border-top`"><![CDATA[line 695, col 3, Warning - Expected `border-bottom`, found `border-top` (property-sort-order)]]></failure></testcase>
<testcase time="0" name="org.eslint.property-sort-order"><failure message="Expected `border-top`, found `border-bottom`"><![CDATA[line 696, col 3, Warning - Expected `border-top`, found `border-bottom` (property-sort-order)]]></failure></testcase>
<testcase time="0" name="org.eslint.indentation"><failure message="Mixed tabs and spaces"><![CDATA[line 696, col 3, Warning - Mixed tabs and spaces (indentation)]]></failure></testcase>
<testcase time="0" name="org.eslint.indentation"><failure message="Mixed tabs and spaces"><![CDATA[line 704, col 2, Warning - Mixed tabs and spaces (indentation)]]></failure></testcase>
<testcase time="0" name="org.eslint.indentation"><failure message="Mixed tabs and spaces"><![CDATA[line 706, col 2, Warning - Mixed tabs and spaces (indentation)]]></failure></testcase>
<testcase time="0" name="org.eslint.indentation"><failure message="Mixed tabs and spaces"><![CDATA[line 707, col 3, Warning - Mixed tabs and spaces (indentation)]]></failure></testcase>
<testcase time="0" name="org.eslint.indentation"><failure message="Mixed tabs and spaces"><![CDATA[line 708, col 4, Warning - Mixed tabs and spaces (indentation)]]></failure></testcase>
<testcase time="0" name="org.eslint.indentation"><failure message="Mixed tabs and spaces"><![CDATA[line 712, col 2, Warning - Mixed tabs and spaces (indentation)]]></failure></testcase>
<testcase time="0" name="org.eslint.indentation"><failure message="Mixed tabs and spaces"><![CDATA[line 716, col 2, Warning - Mixed tabs and spaces (indentation)]]></failure></testcase>
<testcase time="0" name="org.eslint.indentation"><failure message="Mixed tabs and spaces"><![CDATA[line 717, col 3, Warning - Mixed tabs and spaces (indentation)]]></failure></testcase>
<testcase time="0" name="org.eslint.indentation"><failure message="Mixed tabs and spaces"><![CDATA[line 718, col 4, Warning - Mixed tabs and spaces (indentation)]]></failure></testcase>
<testcase time="0" name="org.eslint.indentation"><failure message="Mixed tabs and spaces"><![CDATA[line 719, col 4, Warning - Mixed tabs and spaces (indentation)]]></failure></testcase>
<testcase time="0" name="org.eslint.indentation"><failure message="Mixed tabs and spaces"><![CDATA[line 720, col 4, Warning - Mixed tabs and spaces (indentation)]]></failure></testcase>
<testcase time="0" name="org.eslint.property-sort-order"><failure message="Expected `__depth__`, found `__toString__`"><![CDATA[line 720, col 4, Warning - Expected `__depth__`, found `__toString__` (property-sort-order)]]></failure></testcase>
<testcase time="0" name="org.eslint.indentation"><failure message="Mixed tabs and spaces"><![CDATA[line 721, col 4, Warning - Mixed tabs and spaces (indentation)]]></failure></testcase>
<testcase time="0" name="org.eslint.property-sort-order"><failure message="Expected `__keys__`, found `__length__`"><![CDATA[line 721, col 4, Warning - Expected `__keys__`, found `__length__` (property-sort-order)]]></failure></testcase>
<testcase time="0" name="org.eslint.property-sort-order"><failure message="Expected `__length__`, found `__depth__`"><![CDATA[line 722, col 4, Warning - Expected `__length__`, found `__depth__` (property-sort-order)]]></failure></testcase>
<testcase time="0" name="org.eslint.indentation"><failure message="Mixed tabs and spaces"><![CDATA[line 722, col 4, Warning - Mixed tabs and spaces (indentation)]]></failure></testcase>
<testcase time="0" name="org.eslint.indentation"><failure message="Mixed tabs and spaces"><![CDATA[line 723, col 4, Warning - Mixed tabs and spaces (indentation)]]></failure></testcase>
<testcase time="0" name="org.eslint.property-sort-order"><failure message="Expected `__toString__`, found `__keys__`"><![CDATA[line 723, col 4, Warning - Expected `__toString__`, found `__keys__` (property-sort-order)]]></failure></testcase>
<testcase time="0" name="org.eslint.indentation"><failure message="Mixed tabs and spaces"><![CDATA[line 725, col 4, Warning - Mixed tabs and spaces (indentation)]]></failure></testcase>
<testcase time="0" name="org.eslint.indentation"><failure message="Mixed tabs and spaces"><![CDATA[line 726, col 5, Warning - Mixed tabs and spaces (indentation)]]></failure></testcase>
<testcase time="0" name="org.eslint.indentation"><failure message="Mixed tabs and spaces"><![CDATA[line 727, col 6, Warning - Mixed tabs and spaces (indentation)]]></failure></testcase>
<testcase time="0" name="org.eslint.indentation"><failure message="Mixed tabs and spaces"><![CDATA[line 765, col 2, Warning - Mixed tabs and spaces (indentation)]]></failure></testcase>
<testcase time="0" name="org.eslint.indentation"><failure message="Mixed tabs and spaces"><![CDATA[line 766, col 3, Warning - Mixed tabs and spaces (indentation)]]></failure></testcase>
<testcase time="0" name="org.eslint.indentation"><failure message="Mixed tabs and spaces"><![CDATA[line 768, col 3, Warning - Mixed tabs and spaces (indentation)]]></failure></testcase>
<testcase time="0" name="org.eslint.indentation"><failure message="Mixed tabs and spaces"><![CDATA[line 770, col 3, Warning - Mixed tabs and spaces (indentation)]]></failure></testcase>
<testcase time="0" name="org.eslint.indentation"><failure message="Mixed tabs and spaces"><![CDATA[line 773, col 2, Warning - Mixed tabs and spaces (indentation)]]></failure></testcase>
<testcase time="0" name="org.eslint.indentation"><failure message="Mixed tabs and spaces"><![CDATA[line 774, col 2, Warning - Mixed tabs and spaces (indentation)]]></failure></testcase>
<testcase time="0" name="org.eslint.indentation"><failure message="Mixed tabs and spaces"><![CDATA[line 776, col 2, Warning - Mixed tabs and spaces (indentation)]]></failure></testcase>
<testcase time="0" name="org.eslint.indentation"><failure message="Mixed tabs and spaces"><![CDATA[line 777, col 3, Warning - Mixed tabs and spaces (indentation)]]></failure></testcase>
<testcase time="0" name="org.eslint.indentation"><failure message="Mixed tabs and spaces"><![CDATA[line 779, col 3, Warning - Mixed tabs and spaces (indentation)]]></failure></testcase>
<testcase time="0" name="org.eslint.indentation"><failure message="Mixed tabs and spaces"><![CDATA[line 782, col 2, Warning - Mixed tabs and spaces (indentation)]]></failure></testcase>
<testcase time="0" name="org.eslint.indentation"><failure message="Mixed tabs and spaces"><![CDATA[line 783, col 3, Warning - Mixed tabs and spaces (indentation)]]></failure></testcase>
<testcase time="0" name="org.eslint.indentation"><failure message="Mixed tabs and spaces"><![CDATA[line 785, col 3, Warning - Mixed tabs and spaces (indentation)]]></failure></testcase>
<testcase time="0" name="org.eslint.indentation"><failure message="Mixed tabs and spaces"><![CDATA[line 788, col 2, Warning - Mixed tabs and spaces (indentation)]]></failure></testcase>
<testcase time="0" name="org.eslint.indentation"><failure message="Mixed tabs and spaces"><![CDATA[line 790, col 2, Warning - Mixed tabs and spaces (indentation)]]></failure></testcase>
<testcase time="0" name="org.eslint.property-sort-order"><failure message="Expected `content`, found `float`"><![CDATA[line 791, col 3, Warning - Expected `content`, found `float` (property-sort-order)]]></failure></testcase>
<testcase time="0" name="org.eslint.indentation"><failure message="Mixed tabs and spaces"><![CDATA[line 791, col 3, Warning - Mixed tabs and spaces (indentation)]]></failure></testcase>
<testcase time="0" name="org.eslint.indentation"><failure message="Mixed tabs and spaces"><![CDATA[line 793, col 3, Warning - Mixed tabs and spaces (indentation)]]></failure></testcase>
<testcase time="0" name="org.eslint.property-sort-order"><failure message="Expected `float`, found `padding-top`"><![CDATA[line 793, col 3, Warning - Expected `float`, found `padding-top` (property-sort-order)]]></failure></testcase>
<testcase time="0" name="org.eslint.property-sort-order"><failure message="Expected `padding-top`, found `content`"><![CDATA[line 795, col 3, Warning - Expected `padding-top`, found `content` (property-sort-order)]]></failure></testcase>
<testcase time="0" name="org.eslint.indentation"><failure message="Mixed tabs and spaces"><![CDATA[line 795, col 3, Warning - Mixed tabs and spaces (indentation)]]></failure></testcase>
<testcase time="0" name="org.eslint.indentation"><failure message="Mixed tabs and spaces"><![CDATA[line 798, col 2, Warning - Mixed tabs and spaces (indentation)]]></failure></testcase>
<testcase time="0" name="org.eslint.indentation"><failure message="Mixed tabs and spaces"><![CDATA[line 799, col 3, Warning - Mixed tabs and spaces (indentation)]]></failure></testcase>
<testcase time="0" name="org.eslint.indentation"><failure message="Mixed tabs and spaces"><![CDATA[line 801, col 3, Warning - Mixed tabs and spaces (indentation)]]></failure></testcase>
<testcase time="0" name="org.eslint.property-sort-order"><failure message="Expected `content`, found `display`"><![CDATA[line 801, col 3, Warning - Expected `content`, found `display` (property-sort-order)]]></failure></testcase>
<testcase time="0" name="org.eslint.property-sort-order"><failure message="Expected `display`, found `content`"><![CDATA[line 803, col 3, Warning - Expected `display`, found `content` (property-sort-order)]]></failure></testcase>
<testcase time="0" name="org.eslint.indentation"><failure message="Mixed tabs and spaces"><![CDATA[line 803, col 3, Warning - Mixed tabs and spaces (indentation)]]></failure></testcase>
<testcase time="0" name="org.eslint.indentation"><failure message="Mixed tabs and spaces"><![CDATA[line 811, col 2, Warning - Mixed tabs and spaces (indentation)]]></failure></testcase>
<testcase time="0" name="org.eslint.indentation"><failure message="Mixed tabs and spaces"><![CDATA[line 812, col 2, Warning - Mixed tabs and spaces (indentation)]]></failure></testcase>
<testcase time="0" name="org.eslint.indentation"><failure message="Mixed tabs and spaces"><![CDATA[line 813, col 2, Warning - Mixed tabs and spaces (indentation)]]></failure></testcase>
<testcase time="0" name="org.eslint.indentation"><failure message="Mixed tabs and spaces"><![CDATA[line 814, col 2, Warning - Mixed tabs and spaces (indentation)]]></failure></testcase>
<testcase time="0" name="org.eslint.indentation"><failure message="Mixed tabs and spaces"><![CDATA[line 815, col 2, Warning - Mixed tabs and spaces (indentation)]]></failure></testcase>
<testcase time="0" name="org.eslint.indentation"><failure message="Mixed tabs and spaces"><![CDATA[line 818, col 2, Warning - Mixed tabs and spaces (indentation)]]></failure></testcase>
<testcase time="0" name="org.eslint.indentation"><failure message="Mixed tabs and spaces"><![CDATA[line 819, col 3, Warning - Mixed tabs and spaces (indentation)]]></failure></testcase>
<testcase time="0" name="org.eslint.indentation"><failure message="Mixed tabs and spaces"><![CDATA[line 821, col 3, Warning - Mixed tabs and spaces (indentation)]]></failure></testcase>
<testcase time="0" name="org.eslint.indentation"><failure message="Mixed tabs and spaces"><![CDATA[line 823, col 3, Warning - Mixed tabs and spaces (indentation)]]></failure></testcase>
<testcase time="0" name="org.eslint.indentation"><failure message="Mixed tabs and spaces"><![CDATA[line 825, col 3, Warning - Mixed tabs and spaces (indentation)]]></failure></testcase>
<testcase time="0" name="org.eslint.indentation"><failure message="Mixed tabs and spaces"><![CDATA[line 827, col 3, Warning - Mixed tabs and spaces (indentation)]]></failure></testcase>
<testcase time="0" name="org.eslint.indentation"><failure message="Mixed tabs and spaces"><![CDATA[line 829, col 3, Warning - Mixed tabs and spaces (indentation)]]></failure></testcase>
<testcase time="0" name="org.eslint.indentation"><failure message="Mixed tabs and spaces"><![CDATA[line 832, col 2, Warning - Mixed tabs and spaces (indentation)]]></failure></testcase>
<testcase time="0" name="org.eslint.indentation"><failure message="Mixed tabs and spaces"><![CDATA[line 834, col 2, Warning - Mixed tabs and spaces (indentation)]]></failure></testcase>
<testcase time="0" name="org.eslint.indentation"><failure message="Mixed tabs and spaces"><![CDATA[line 835, col 3, Warning - Mixed tabs and spaces (indentation)]]></failure></testcase>
<testcase time="0" name="org.eslint.indentation"><failure message="Mixed tabs and spaces"><![CDATA[line 838, col 2, Warning - Mixed tabs and spaces (indentation)]]></failure></testcase>
<testcase time="0" name="org.eslint.indentation"><failure message="Mixed tabs and spaces"><![CDATA[line 839, col 3, Warning - Mixed tabs and spaces (indentation)]]></failure></testcase>
<testcase time="0" name="org.eslint.indentation"><failure message="Mixed tabs and spaces"><![CDATA[line 845, col 2, Warning - Mixed tabs and spaces (indentation)]]></failure></testcase>
<testcase time="0" name="org.eslint.indentation"><failure message="Mixed tabs and spaces"><![CDATA[line 846, col 2, Warning - Mixed tabs and spaces (indentation)]]></failure></testcase>
<testcase time="0" name="org.eslint.property-sort-order"><failure message="Expected `overflow-wrap`, found `word-wrap`"><![CDATA[line 846, col 2, Warning - Expected `overflow-wrap`, found `word-wrap` (property-sort-order)]]></failure></testcase>
<testcase time="0" name="org.eslint.indentation"><failure message="Mixed tabs and spaces"><![CDATA[line 847, col 2, Warning - Mixed tabs and spaces (indentation)]]></failure></testcase>
<testcase time="0" name="org.eslint.property-sort-order"><failure message="Expected `word-wrap`, found `overflow-wrap`"><![CDATA[line 847, col 2, Warning - Expected `word-wrap`, found `overflow-wrap` (property-sort-order)]]></failure></testcase>
</testsuite>
<testsuite package="org.eslint" time="0" tests="2" errors="2" name="./source/stylesheets/layout/_footer.scss">
<testcase time="0" name="org.eslint.no-css-comments"><failure message="Multiline style comments should not be used"><![CDATA[line 6, col 1, Warning - Multiline style comments should not be used (no-css-comments)]]></failure></testcase>
<testcase time="0" name="org.eslint.no-empty-rulesets"><failure message="No empty blocks allowed"><![CDATA[line 13, col 22, Warning - No empty blocks allowed (no-empty-rulesets)]]></failure></testcase>
</testsuite>
<testsuite package="org.eslint" time="0" tests="2" errors="2" name="./source/stylesheets/layout/_form.scss">
<testcase time="0" name="org.eslint.no-css-comments"><failure message="Multiline style comments should not be used"><![CDATA[line 1, col 1, Warning - Multiline style comments should not be used (no-css-comments)]]></failure></testcase>
<testcase time="0" name="org.eslint.no-css-comments"><failure message="Multiline style comments should not be used"><![CDATA[line 3, col 1, Warning - Multiline style comments should not be used (no-css-comments)]]></failure></testcase>
</testsuite>
<testsuite package="org.eslint" time="0" tests="1" errors="1" name="./source/stylesheets/layout/_gallery.scss">
<testcase time="0" name="org.eslint.no-css-comments"><failure message="Multiline style comments should not be used"><![CDATA[line 1, col 1, Warning - Multiline style comments should not be used (no-css-comments)]]></failure></testcase>
</testsuite>
<testsuite package="org.eslint" time="0" tests="14" errors="14" name="./source/stylesheets/layout/_header.scss">
<testcase time="0" name="org.eslint.no-css-comments"><failure message="Multiline style comments should not be used"><![CDATA[line 4, col 1, Warning - Multiline style comments should not be used (no-css-comments)]]></failure></testcase>
<testcase time="0" name="org.eslint.no-empty-rulesets"><failure message="No empty blocks allowed"><![CDATA[line 11, col 17, Warning - No empty blocks allowed (no-empty-rulesets)]]></failure></testcase>
<testcase time="0" name="org.eslint.indentation"><failure message="Expected indentation of 2 space but found 4."><![CDATA[line 15, col 5, Warning - Expected indentation of 2 space but found 4. (indentation)]]></failure></testcase>
<testcase time="0" name="org.eslint.space-before-brace"><failure message="Whitespace required before {"><![CDATA[line 15, col 15, Warning - Whitespace required before { (space-before-brace)]]></failure></testcase>
<testcase time="0" name="org.eslint.indentation"><failure message="Expected indentation of 4 spaces but found 8."><![CDATA[line 16, col 9, Warning - Expected indentation of 4 spaces but found 8. (indentation)]]></failure></testcase>
<testcase time="0" name="org.eslint.empty-line-between-blocks"><failure message="Space expected between blocks"><![CDATA[line 18, col 1, Warning - Space expected between blocks (empty-line-between-blocks)]]></failure></testcase>
<testcase time="0" name="org.eslint.indentation"><failure message="Expected indentation of 2 space but found 4."><![CDATA[line 18, col 5, Warning - Expected indentation of 2 space but found 4. (indentation)]]></failure></testcase>
<testcase time="0" name="org.eslint.force-element-nesting"><failure message="Class should be nested within its parent Class"><![CDATA[line 18, col 5, Warning - Class should be nested within its parent Class (force-element-nesting)]]></failure></testcase>
<testcase time="0" name="org.eslint.indentation"><failure message="Expected indentation of 4 spaces but found 8."><![CDATA[line 19, col 9, Warning - Expected indentation of 4 spaces but found 8. (indentation)]]></failure></testcase>
<testcase time="0" name="org.eslint.indentation"><failure message="Expected indentation of 2 space but found 4."><![CDATA[line 22, col 5, Warning - Expected indentation of 2 space but found 4. (indentation)]]></failure></testcase>
<testcase time="0" name="org.eslint.force-pseudo-nesting"><failure message="Pseudo-class should be nested within its parent Class"><![CDATA[line 22, col 5, Warning - Pseudo-class should be nested within its parent Class (force-pseudo-nesting)]]></failure></testcase>
<testcase time="0" name="org.eslint.pseudo-element"><failure message="Pseudo-elements must start with double colons"><![CDATA[line 22, col 21, Warning - Pseudo-elements must start with double colons (pseudo-element)]]></failure></testcase>
<testcase time="0" name="org.eslint.indentation"><failure message="Expected indentation of 4 spaces but found 8."><![CDATA[line 23, col 9, Warning - Expected indentation of 4 spaces but found 8. (indentation)]]></failure></testcase>
<testcase time="0" name="org.eslint.final-newline"><failure message="Files must end with a new line"><![CDATA[line 25, col 1, Warning - Files must end with a new line (final-newline)]]></failure></testcase>
</testsuite>
</testsuites>
