<?xml version="1.0" encoding="utf-8"?>
<testsuites>
<testsuite package="org.eslint" time="0" tests="91" errors="91" name="./source/stylesheets/abstracts/_config.scss">
<testcase time="0" name="org.eslint.indentation"><failure message="Mixed tabs and spaces"><![CDATA[line 47, col 2, Warning - Mixed tabs and spaces (indentation)]]></failure></testcase>
<testcase time="0" name="org.eslint.indentation"><failure message="Mixed tabs and spaces"><![CDATA[line 48, col 2, Warning - Mixed tabs and spaces (indentation)]]></failure></testcase>
<testcase time="0" name="org.eslint.indentation"><failure message="Mixed tabs and spaces"><![CDATA[line 49, col 2, Warning - Mixed tabs and spaces (indentation)]]></failure></testcase>
<testcase time="0" name="org.eslint.indentation"><failure message="Mixed tabs and spaces"><![CDATA[line 71, col 2, Warning - Mixed tabs and spaces (indentation)]]></failure></testcase>
<testcase time="0" name="org.eslint.indentation"><failure message="Mixed tabs and spaces"><![CDATA[line 72, col 2, Warning - Mixed tabs and spaces (indentation)]]></failure></testcase>
<testcase time="0" name="org.eslint.indentation"><failure message="Mixed tabs and spaces"><![CDATA[line 82, col 2, Warning - Mixed tabs and spaces (indentation)]]></failure></testcase>
<testcase time="0" name="org.eslint.indentation"><failure message="Mixed tabs and spaces"><![CDATA[line 83, col 2, Warning - Mixed tabs and spaces (indentation)]]></failure></testcase>
<testcase time="0" name="org.eslint.indentation"><failure message="Mixed tabs and spaces"><![CDATA[line 89, col 2, Warning - Mixed tabs and spaces (indentation)]]></failure></testcase>
<testcase time="0" name="org.eslint.indentation"><failure message="Mixed tabs and spaces"><![CDATA[line 90, col 2, Warning - Mixed tabs and spaces (indentation)]]></failure></testcase>
<testcase time="0" name="org.eslint.indentation"><failure message="Mixed tabs and spaces"><![CDATA[line 101, col 2, Warning - Mixed tabs and spaces (indentation)]]></failure></testcase>
<testcase time="0" name="org.eslint.indentation"><failure message="Mixed tabs and spaces"><![CDATA[line 102, col 3, Warning - Mixed tabs and spaces (indentation)]]></failure></testcase>
<testcase time="0" name="org.eslint.indentation"><failure message="Mixed tabs and spaces"><![CDATA[line 103, col 3, Warning - Mixed tabs and spaces (indentation)]]></failure></testcase>
<testcase time="0" name="org.eslint.indentation"><failure message="Mixed tabs and spaces"><![CDATA[line 104, col 3, Warning - Mixed tabs and spaces (indentation)]]></failure></testcase>
<testcase time="0" name="org.eslint.indentation"><failure message="Mixed tabs and spaces"><![CDATA[line 105, col 3, Warning - Mixed tabs and spaces (indentation)]]></failure></testcase>
<testcase time="0" name="org.eslint.indentation"><failure message="Mixed tabs and spaces"><![CDATA[line 106, col 3, Warning - Mixed tabs and spaces (indentation)]]></failure></testcase>
<testcase time="0" name="org.eslint.indentation"><failure message="Mixed tabs and spaces"><![CDATA[line 108, col 2, Warning - Mixed tabs and spaces (indentation)]]></failure></testcase>
<testcase time="0" name="org.eslint.indentation"><failure message="Mixed tabs and spaces"><![CDATA[line 109, col 2, Warning - Mixed tabs and spaces (indentation)]]></failure></testcase>
<testcase time="0" name="org.eslint.indentation"><failure message="Mixed tabs and spaces"><![CDATA[line 110, col 2, Warning - Mixed tabs and spaces (indentation)]]></failure></testcase>
<testcase time="0" name="org.eslint.indentation"><failure message="Mixed tabs and spaces"><![CDATA[line 111, col 2, Warning - Mixed tabs and spaces (indentation)]]></failure></testcase>
<testcase time="0" name="org.eslint.indentation"><failure message="Mixed tabs and spaces"><![CDATA[line 112, col 2, Warning - Mixed tabs and spaces (indentation)]]></failure></testcase>
<testcase time="0" name="org.eslint.indentation"><failure message="Mixed tabs and spaces"><![CDATA[line 113, col 3, Warning - Mixed tabs and spaces (indentation)]]></failure></testcase>
<testcase time="0" name="org.eslint.indentation"><failure message="Mixed tabs and spaces"><![CDATA[line 114, col 3, Warning - Mixed tabs and spaces (indentation)]]></failure></testcase>
<testcase time="0" name="org.eslint.indentation"><failure message="Mixed tabs and spaces"><![CDATA[line 115, col 3, Warning - Mixed tabs and spaces (indentation)]]></failure></testcase>
<testcase time="0" name="org.eslint.indentation"><failure message="Mixed tabs and spaces"><![CDATA[line 116, col 3, Warning - Mixed tabs and spaces (indentation)]]></failure></testcase>
<testcase time="0" name="org.eslint.indentation"><failure message="Mixed tabs and spaces"><![CDATA[line 117, col 3, Warning - Mixed tabs and spaces (indentation)]]></failure></testcase>
<testcase time="0" name="org.eslint.indentation"><failure message="Mixed tabs and spaces"><![CDATA[line 118, col 3, Warning - Mixed tabs and spaces (indentation)]]></failure></testcase>
<testcase time="0" name="org.eslint.indentation"><failure message="Mixed tabs and spaces"><![CDATA[line 120, col 2, Warning - Mixed tabs and spaces (indentation)]]></failure></testcase>
<testcase time="0" name="org.eslint.indentation"><failure message="Mixed tabs and spaces"><![CDATA[line 121, col 3, Warning - Mixed tabs and spaces (indentation)]]></failure></testcase>
<testcase time="0" name="org.eslint.indentation"><failure message="Mixed tabs and spaces"><![CDATA[line 122, col 3, Warning - Mixed tabs and spaces (indentation)]]></failure></testcase>
<testcase time="0" name="org.eslint.indentation"><failure message="Mixed tabs and spaces"><![CDATA[line 124, col 2, Warning - Mixed tabs and spaces (indentation)]]></failure></testcase>
<testcase time="0" name="org.eslint.indentation"><failure message="Mixed tabs and spaces"><![CDATA[line 125, col 3, Warning - Mixed tabs and spaces (indentation)]]></failure></testcase>
<testcase time="0" name="org.eslint.indentation"><failure message="Mixed tabs and spaces"><![CDATA[line 126, col 3, Warning - Mixed tabs and spaces (indentation)]]></failure></testcase>
<testcase time="0" name="org.eslint.indentation"><failure message="Mixed tabs and spaces"><![CDATA[line 127, col 3, Warning - Mixed tabs and spaces (indentation)]]></failure></testcase>
<testcase time="0" name="org.eslint.indentation"><failure message="Mixed tabs and spaces"><![CDATA[line 128, col 3, Warning - Mixed tabs and spaces (indentation)]]></failure></testcase>
<testcase time="0" name="org.eslint.indentation"><failure message="Mixed tabs and spaces"><![CDATA[line 129, col 3, Warning - Mixed tabs and spaces (indentation)]]></failure></testcase>
<testcase time="0" name="org.eslint.indentation"><failure message="Mixed tabs and spaces"><![CDATA[line 131, col 2, Warning - Mixed tabs and spaces (indentation)]]></failure></testcase>
<testcase time="0" name="org.eslint.indentation"><failure message="Mixed tabs and spaces"><![CDATA[line 132, col 3, Warning - Mixed tabs and spaces (indentation)]]></failure></testcase>
<testcase time="0" name="org.eslint.indentation"><failure message="Mixed tabs and spaces"><![CDATA[line 133, col 3, Warning - Mixed tabs and spaces (indentation)]]></failure></testcase>
<testcase time="0" name="org.eslint.indentation"><failure message="Mixed tabs and spaces"><![CDATA[line 135, col 2, Warning - Mixed tabs and spaces (indentation)]]></failure></testcase>
<testcase time="0" name="org.eslint.indentation"><failure message="Mixed tabs and spaces"><![CDATA[line 136, col 3, Warning - Mixed tabs and spaces (indentation)]]></failure></testcase>
<testcase time="0" name="org.eslint.indentation"><failure message="Mixed tabs and spaces"><![CDATA[line 137, col 3, Warning - Mixed tabs and spaces (indentation)]]></failure></testcase>
<testcase time="0" name="org.eslint.leading-zero"><failure message="Don&#39;t include leading zeros on numbers"><![CDATA[line 137, col 33, Warning - Don&#39;t include leading zeros on numbers (leading-zero)]]></failure></testcase>
<testcase time="0" name="org.eslint.indentation"><failure message="Mixed tabs and spaces"><![CDATA[line 139, col 2, Warning - Mixed tabs and spaces (indentation)]]></failure></testcase>
<testcase time="0" name="org.eslint.indentation"><failure message="Mixed tabs and spaces"><![CDATA[line 140, col 3, Warning - Mixed tabs and spaces (indentation)]]></failure></testcase>
<testcase time="0" name="org.eslint.indentation"><failure message="Mixed tabs and spaces"><![CDATA[line 141, col 3, Warning - Mixed tabs and spaces (indentation)]]></failure></testcase>
<testcase time="0" name="org.eslint.indentation"><failure message="Mixed tabs and spaces"><![CDATA[line 142, col 3, Warning - Mixed tabs and spaces (indentation)]]></failure></testcase>
<testcase time="0" name="org.eslint.indentation"><failure message="Mixed tabs and spaces"><![CDATA[line 143, col 3, Warning - Mixed tabs and spaces (indentation)]]></failure></testcase>
<testcase time="0" name="org.eslint.indentation"><failure message="Mixed tabs and spaces"><![CDATA[line 144, col 3, Warning - Mixed tabs and spaces (indentation)]]></failure></testcase>
<testcase time="0" name="org.eslint.indentation"><failure message="Mixed tabs and spaces"><![CDATA[line 145, col 3, Warning - Mixed tabs and spaces (indentation)]]></failure></testcase>
<testcase time="0" name="org.eslint.indentation"><failure message="Mixed tabs and spaces"><![CDATA[line 147, col 2, Warning - Mixed tabs and spaces (indentation)]]></failure></testcase>
<testcase time="0" name="org.eslint.indentation"><failure message="Mixed tabs and spaces"><![CDATA[line 148, col 3, Warning - Mixed tabs and spaces (indentation)]]></failure></testcase>
<testcase time="0" name="org.eslint.indentation"><failure message="Mixed tabs and spaces"><![CDATA[line 149, col 3, Warning - Mixed tabs and spaces (indentation)]]></failure></testcase>
<testcase time="0" name="org.eslint.indentation"><failure message="Mixed tabs and spaces"><![CDATA[line 151, col 2, Warning - Mixed tabs and spaces (indentation)]]></failure></testcase>
<testcase time="0" name="org.eslint.indentation"><failure message="Mixed tabs and spaces"><![CDATA[line 152, col 3, Warning - Mixed tabs and spaces (indentation)]]></failure></testcase>
<testcase time="0" name="org.eslint.indentation"><failure message="Mixed tabs and spaces"><![CDATA[line 153, col 3, Warning - Mixed tabs and spaces (indentation)]]></failure></testcase>
<testcase time="0" name="org.eslint.indentation"><failure message="Mixed tabs and spaces"><![CDATA[line 155, col 2, Warning - Mixed tabs and spaces (indentation)]]></failure></testcase>
<testcase time="0" name="org.eslint.indentation"><failure message="Mixed tabs and spaces"><![CDATA[line 156, col 2, Warning - Mixed tabs and spaces (indentation)]]></failure></testcase>
<testcase time="0" name="org.eslint.indentation"><failure message="Mixed tabs and spaces"><![CDATA[line 157, col 3, Warning - Mixed tabs and spaces (indentation)]]></failure></testcase>
<testcase time="0" name="org.eslint.indentation"><failure message="Mixed tabs and spaces"><![CDATA[line 158, col 3, Warning - Mixed tabs and spaces (indentation)]]></failure></testcase>
<testcase time="0" name="org.eslint.indentation"><failure message="Mixed tabs and spaces"><![CDATA[line 160, col 2, Warning - Mixed tabs and spaces (indentation)]]></failure></testcase>
<testcase time="0" name="org.eslint.indentation"><failure message="Mixed tabs and spaces"><![CDATA[line 161, col 2, Warning - Mixed tabs and spaces (indentation)]]></failure></testcase>
<testcase time="0" name="org.eslint.indentation"><failure message="Mixed tabs and spaces"><![CDATA[line 162, col 2, Warning - Mixed tabs and spaces (indentation)]]></failure></testcase>
<testcase time="0" name="org.eslint.indentation"><failure message="Mixed tabs and spaces"><![CDATA[line 163, col 3, Warning - Mixed tabs and spaces (indentation)]]></failure></testcase>
<testcase time="0" name="org.eslint.indentation"><failure message="Mixed tabs and spaces"><![CDATA[line 164, col 3, Warning - Mixed tabs and spaces (indentation)]]></failure></testcase>
<testcase time="0" name="org.eslint.indentation"><failure message="Mixed tabs and spaces"><![CDATA[line 185, col 2, Warning - Mixed tabs and spaces (indentation)]]></failure></testcase>
<testcase time="0" name="org.eslint.indentation"><failure message="Mixed tabs and spaces"><![CDATA[line 187, col 2, Warning - Mixed tabs and spaces (indentation)]]></failure></testcase>
<testcase time="0" name="org.eslint.indentation"><failure message="Mixed tabs and spaces"><![CDATA[line 188, col 3, Warning - Mixed tabs and spaces (indentation)]]></failure></testcase>
<testcase time="0" name="org.eslint.indentation"><failure message="Mixed tabs and spaces"><![CDATA[line 189, col 3, Warning - Mixed tabs and spaces (indentation)]]></failure></testcase>
<testcase time="0" name="org.eslint.indentation"><failure message="Mixed tabs and spaces"><![CDATA[line 192, col 2, Warning - Mixed tabs and spaces (indentation)]]></failure></testcase>
<testcase time="0" name="org.eslint.indentation"><failure message="Mixed tabs and spaces"><![CDATA[line 199, col 2, Warning - Mixed tabs and spaces (indentation)]]></failure></testcase>
<testcase time="0" name="org.eslint.indentation"><failure message="Mixed tabs and spaces"><![CDATA[line 200, col 3, Warning - Mixed tabs and spaces (indentation)]]></failure></testcase>
<testcase time="0" name="org.eslint.indentation"><failure message="Mixed tabs and spaces"><![CDATA[line 201, col 3, Warning - Mixed tabs and spaces (indentation)]]></failure></testcase>
<testcase time="0" name="org.eslint.indentation"><failure message="Mixed tabs and spaces"><![CDATA[line 202, col 3, Warning - Mixed tabs and spaces (indentation)]]></failure></testcase>
<testcase time="0" name="org.eslint.indentation"><failure message="Mixed tabs and spaces"><![CDATA[line 203, col 3, Warning - Mixed tabs and spaces (indentation)]]></failure></testcase>
<testcase time="0" name="org.eslint.indentation"><failure message="Mixed tabs and spaces"><![CDATA[line 204, col 3, Warning - Mixed tabs and spaces (indentation)]]></failure></testcase>
<testcase time="0" name="org.eslint.indentation"><failure message="Mixed tabs and spaces"><![CDATA[line 209, col 2, Warning - Mixed tabs and spaces (indentation)]]></failure></testcase>
<testcase time="0" name="org.eslint.indentation"><failure message="Mixed tabs and spaces"><![CDATA[line 210, col 2, Warning - Mixed tabs and spaces (indentation)]]></failure></testcase>
<testcase time="0" name="org.eslint.indentation"><failure message="Mixed tabs and spaces"><![CDATA[line 233, col 2, Warning - Mixed tabs and spaces (indentation)]]></failure></testcase>
<testcase time="0" name="org.eslint.indentation"><failure message="Mixed tabs and spaces"><![CDATA[line 234, col 2, Warning - Mixed tabs and spaces (indentation)]]></failure></testcase>
<testcase time="0" name="org.eslint.indentation"><failure message="Mixed tabs and spaces"><![CDATA[line 235, col 2, Warning - Mixed tabs and spaces (indentation)]]></failure></testcase>
<testcase time="0" name="org.eslint.indentation"><failure message="Mixed tabs and spaces"><![CDATA[line 236, col 2, Warning - Mixed tabs and spaces (indentation)]]></failure></testcase>
<testcase time="0" name="org.eslint.indentation"><failure message="Mixed tabs and spaces"><![CDATA[line 250, col 2, Warning - Mixed tabs and spaces (indentation)]]></failure></testcase>
<testcase time="0" name="org.eslint.indentation"><failure message="Mixed tabs and spaces"><![CDATA[line 252, col 2, Warning - Mixed tabs and spaces (indentation)]]></failure></testcase>
<testcase time="0" name="org.eslint.indentation"><failure message="Mixed tabs and spaces"><![CDATA[line 253, col 3, Warning - Mixed tabs and spaces (indentation)]]></failure></testcase>
<testcase time="0" name="org.eslint.indentation"><failure message="Mixed tabs and spaces"><![CDATA[line 254, col 3, Warning - Mixed tabs and spaces (indentation)]]></failure></testcase>
<testcase time="0" name="org.eslint.indentation"><failure message="Mixed tabs and spaces"><![CDATA[line 256, col 3, Warning - Mixed tabs and spaces (indentation)]]></failure></testcase>
<testcase time="0" name="org.eslint.indentation"><failure message="Mixed tabs and spaces"><![CDATA[line 257, col 4, Warning - Mixed tabs and spaces (indentation)]]></failure></testcase>
<testcase time="0" name="org.eslint.indentation"><failure message="Mixed tabs and spaces"><![CDATA[line 259, col 4, Warning - Mixed tabs and spaces (indentation)]]></failure></testcase>
<testcase time="0" name="org.eslint.indentation"><failure message="Mixed tabs and spaces"><![CDATA[line 260, col 4, Warning - Mixed tabs and spaces (indentation)]]></failure></testcase>
<testcase time="0" name="org.eslint.indentation"><failure message="Mixed tabs and spaces"><![CDATA[line 264, col 2, Warning - Mixed tabs and spaces (indentation)]]></failure></testcase>
<testcase time="0" name="org.eslint.indentation"><failure message="Mixed tabs and spaces"><![CDATA[line 268, col 2, Warning - Mixed tabs and spaces (indentation)]]></failure></testcase>
</testsuite>
<testsuite package="org.eslint" time="0" tests="260" errors="260" name="./source/stylesheets/abstracts/_constants.scss">
<testcase time="0" name="org.eslint.variable-name-format"><failure message="Variable &#39;_placeholder-bg__diagonal&#39; should be written in lowercase with hyphens"><![CDATA[line 33, col 1, Warning - Variable &#39;_placeholder-bg__diagonal&#39; should be written in lowercase with hyphens (variable-name-format)]]></failure></testcase>
<testcase time="0" name="org.eslint.variable-name-format"><failure message="Variable &#39;_placeholder-bg__color&#39; should be written in lowercase with hyphens"><![CDATA[line 34, col 1, Warning - Variable &#39;_placeholder-bg__color&#39; should be written in lowercase with hyphens (variable-name-format)]]></failure></testcase>
<testcase time="0" name="org.eslint.variable-name-format"><failure message="Variable &#39;_placeholder-bg__diagonal&#39; should be written in lowercase with hyphens"><![CDATA[line 35, col 92, Warning - Variable &#39;_placeholder-bg__diagonal&#39; should be written in lowercase with hyphens (variable-name-format)]]></failure></testcase>
<testcase time="0" name="org.eslint.variable-name-format"><failure message="Variable &#39;_placeholder-bg__diagonal&#39; should be written in lowercase with hyphens"><![CDATA[line 36, col 76, Warning - Variable &#39;_placeholder-bg__diagonal&#39; should be written in lowercase with hyphens (variable-name-format)]]></failure></testcase>
<testcase time="0" name="org.eslint.variable-name-format"><failure message="Variable &#39;_placeholder-bg__color&#39; should be written in lowercase with hyphens"><![CDATA[line 37, col 27, Warning - Variable &#39;_placeholder-bg__color&#39; should be written in lowercase with hyphens (variable-name-format)]]></failure></testcase>
<testcase time="0" name="org.eslint.variable-name-format"><failure message="Variable &#39;_placeholder-bg__color&#39; should be written in lowercase with hyphens"><![CDATA[line 37, col 52, Warning - Variable &#39;_placeholder-bg__color&#39; should be written in lowercase with hyphens (variable-name-format)]]></failure></testcase>
<testcase time="0" name="org.eslint.leading-zero"><failure message="Don&#39;t include leading zeros on numbers"><![CDATA[line 69, col 1, Warning - Don&#39;t include leading zeros on numbers (leading-zero)]]></failure></testcase>
<testcase time="0" name="org.eslint.leading-zero"><failure message="Don&#39;t include leading zeros on numbers"><![CDATA[line 70, col 1, Warning - Don&#39;t include leading zeros on numbers (leading-zero)]]></failure></testcase>
<testcase time="0" name="org.eslint.leading-zero"><failure message="Don&#39;t include leading zeros on numbers"><![CDATA[line 71, col 1, Warning - Don&#39;t include leading zeros on numbers (leading-zero)]]></failure></testcase>
<testcase time="0" name="org.eslint.leading-zero"><failure message="Don&#39;t include leading zeros on numbers"><![CDATA[line 72, col 1, Warning - Don&#39;t include leading zeros on numbers (leading-zero)]]></failure></testcase>
<testcase time="0" name="org.eslint.leading-zero"><failure message="Don&#39;t include leading zeros on numbers"><![CDATA[line 73, col 1, Warning - Don&#39;t include leading zeros on numbers (leading-zero)]]></failure></testcase>
<testcase time="0" name="org.eslint.leading-zero"><failure message="Don&#39;t include leading zeros on numbers"><![CDATA[line 74, col 1, Warning - Don&#39;t include leading zeros on numbers (leading-zero)]]></failure></testcase>
<testcase time="0" name="org.eslint.leading-zero"><failure message="Don&#39;t include leading zeros on numbers"><![CDATA[line 75, col 1, Warning - Don&#39;t include leading zeros on numbers (leading-zero)]]></failure></testcase>
<testcase time="0" name="org.eslint.leading-zero"><failure message="Don&#39;t include leading zeros on numbers"><![CDATA[line 76, col 1, Warning - Don&#39;t include leading zeros on numbers (leading-zero)]]></failure></testcase>
<testcase time="0" name="org.eslint.leading-zero"><failure message="Don&#39;t include leading zeros on numbers"><![CDATA[line 77, col 1, Warning - Don&#39;t include leading zeros on numbers (leading-zero)]]></failure></testcase>
<testcase time="0" name="org.eslint.leading-zero"><failure message="Don&#39;t include leading zeros on numbers"><![CDATA[line 78, col 1, Warning - Don&#39;t include leading zeros on numbers (leading-zero)]]></failure></testcase>
<testcase time="0" name="org.eslint.leading-zero"><failure message="Don&#39;t include leading zeros on numbers"><![CDATA[line 79, col 1, Warning - Don&#39;t include leading zeros on numbers (leading-zero)]]></failure></testcase>
<testcase time="0" name="org.eslint.leading-zero"><failure message="Don&#39;t include leading zeros on numbers"><![CDATA[line 80, col 1, Warning - Don&#39;t include leading zeros on numbers (leading-zero)]]></failure></testcase>
<testcase time="0" name="org.eslint.leading-zero"><failure message="Don&#39;t include leading zeros on numbers"><![CDATA[line 81, col 1, Warning - Don&#39;t include leading zeros on numbers (leading-zero)]]></failure></testcase>
<testcase time="0" name="org.eslint.leading-zero"><failure message="Don&#39;t include leading zeros on numbers"><![CDATA[line 82, col 1, Warning - Don&#39;t include leading zeros on numbers (leading-zero)]]></failure></testcase>
<testcase time="0" name="org.eslint.leading-zero"><failure message="Don&#39;t include leading zeros on numbers"><![CDATA[line 83, col 1, Warning - Don&#39;t include leading zeros on numbers (leading-zero)]]></failure></testcase>
<testcase time="0" name="org.eslint.leading-zero"><failure message="Don&#39;t include leading zeros on numbers"><![CDATA[line 84, col 1, Warning - Don&#39;t include leading zeros on numbers (leading-zero)]]></failure></testcase>
<testcase time="0" name="org.eslint.leading-zero"><failure message="Don&#39;t include leading zeros on numbers"><![CDATA[line 85, col 1, Warning - Don&#39;t include leading zeros on numbers (leading-zero)]]></failure></testcase>
<testcase time="0" name="org.eslint.leading-zero"><failure message="Don&#39;t include leading zeros on numbers"><![CDATA[line 86, col 1, Warning - Don&#39;t include leading zeros on numbers (leading-zero)]]></failure></testcase>
<testcase time="0" name="org.eslint.leading-zero"><failure message="Don&#39;t include leading zeros on numbers"><![CDATA[line 87, col 1, Warning - Don&#39;t include leading zeros on numbers (leading-zero)]]></failure></testcase>
<testcase time="0" name="org.eslint.leading-zero"><failure message="Don&#39;t include leading zeros on numbers"><![CDATA[line 88, col 1, Warning - Don&#39;t include leading zeros on numbers (leading-zero)]]></failure></testcase>
<testcase time="0" name="org.eslint.leading-zero"><failure message="Don&#39;t include leading zeros on numbers"><![CDATA[line 89, col 1, Warning - Don&#39;t include leading zeros on numbers (leading-zero)]]></failure></testcase>
<testcase time="0" name="org.eslint.leading-zero"><failure message="Don&#39;t include leading zeros on numbers"><![CDATA[line 90, col 1, Warning - Don&#39;t include leading zeros on numbers (leading-zero)]]></failure></testcase>
<testcase time="0" name="org.eslint.leading-zero"><failure message="Don&#39;t include leading zeros on numbers"><![CDATA[line 91, col 1, Warning - Don&#39;t include leading zeros on numbers (leading-zero)]]></failure></testcase>
<testcase time="0" name="org.eslint.leading-zero"><failure message="Don&#39;t include leading zeros on numbers"><![CDATA[line 92, col 1, Warning - Don&#39;t include leading zeros on numbers (leading-zero)]]></failure></testcase>
<testcase time="0" name="org.eslint.leading-zero"><failure message="Don&#39;t include leading zeros on numbers"><![CDATA[line 93, col 1, Warning - Don&#39;t include leading zeros on numbers (leading-zero)]]></failure></testcase>
<testcase time="0" name="org.eslint.leading-zero"><failure message="Don&#39;t include leading zeros on numbers"><![CDATA[line 94, col 1, Warning - Don&#39;t include leading zeros on numbers (leading-zero)]]></failure></testcase>
<testcase time="0" name="org.eslint.leading-zero"><failure message="Don&#39;t include leading zeros on numbers"><![CDATA[line 95, col 1, Warning - Don&#39;t include leading zeros on numbers (leading-zero)]]></failure></testcase>
<testcase time="0" name="org.eslint.leading-zero"><failure message="Don&#39;t include leading zeros on numbers"><![CDATA[line 96, col 1, Warning - Don&#39;t include leading zeros on numbers (leading-zero)]]></failure></testcase>
<testcase time="0" name="org.eslint.leading-zero"><failure message="Don&#39;t include leading zeros on numbers"><![CDATA[line 97, col 1, Warning - Don&#39;t include leading zeros on numbers (leading-zero)]]></failure></testcase>
<testcase time="0" name="org.eslint.leading-zero"><failure message="Don&#39;t include leading zeros on numbers"><![CDATA[line 98, col 1, Warning - Don&#39;t include leading zeros on numbers (leading-zero)]]></failure></testcase>
<testcase time="0" name="org.eslint.leading-zero"><failure message="Don&#39;t include leading zeros on numbers"><![CDATA[line 99, col 1, Warning - Don&#39;t include leading zeros on numbers (leading-zero)]]></failure></testcase>
<testcase time="0" name="org.eslint.leading-zero"><failure message="Don&#39;t include leading zeros on numbers"><![CDATA[line 100, col 1, Warning - Don&#39;t include leading zeros on numbers (leading-zero)]]></failure></testcase>
<testcase time="0" name="org.eslint.leading-zero"><failure message="Don&#39;t include leading zeros on numbers"><![CDATA[line 101, col 1, Warning - Don&#39;t include leading zeros on numbers (leading-zero)]]></failure></testcase>
<testcase time="0" name="org.eslint.leading-zero"><failure message="Don&#39;t include leading zeros on numbers"><![CDATA[line 102, col 1, Warning - Don&#39;t include leading zeros on numbers (leading-zero)]]></failure></testcase>
<testcase time="0" name="org.eslint.leading-zero"><failure message="Don&#39;t include leading zeros on numbers"><![CDATA[line 103, col 1, Warning - Don&#39;t include leading zeros on numbers (leading-zero)]]></failure></testcase>
<testcase time="0" name="org.eslint.leading-zero"><failure message="Don&#39;t include leading zeros on numbers"><![CDATA[line 104, col 1, Warning - Don&#39;t include leading zeros on numbers (leading-zero)]]></failure></testcase>
<testcase time="0" name="org.eslint.leading-zero"><failure message="Don&#39;t include leading zeros on numbers"><![CDATA[line 105, col 1, Warning - Don&#39;t include leading zeros on numbers (leading-zero)]]></failure></testcase>
<testcase time="0" name="org.eslint.leading-zero"><failure message="Don&#39;t include leading zeros on numbers"><![CDATA[line 106, col 1, Warning - Don&#39;t include leading zeros on numbers (leading-zero)]]></failure></testcase>
<testcase time="0" name="org.eslint.leading-zero"><failure message="Don&#39;t include leading zeros on numbers"><![CDATA[line 107, col 1, Warning - Don&#39;t include leading zeros on numbers (leading-zero)]]></failure></testcase>
<testcase time="0" name="org.eslint.leading-zero"><failure message="Don&#39;t include leading zeros on numbers"><![CDATA[line 108, col 1, Warning - Don&#39;t include leading zeros on numbers (leading-zero)]]></failure></testcase>
<testcase time="0" name="org.eslint.leading-zero"><failure message="Don&#39;t include leading zeros on numbers"><![CDATA[line 109, col 1, Warning - Don&#39;t include leading zeros on numbers (leading-zero)]]></failure></testcase>
<testcase time="0" name="org.eslint.leading-zero"><failure message="Don&#39;t include leading zeros on numbers"><![CDATA[line 110, col 1, Warning - Don&#39;t include leading zeros on numbers (leading-zero)]]></failure></testcase>
<testcase time="0" name="org.eslint.leading-zero"><failure message="Don&#39;t include leading zeros on numbers"><![CDATA[line 111, col 1, Warning - Don&#39;t include leading zeros on numbers (leading-zero)]]></failure></testcase>
<testcase time="0" name="org.eslint.leading-zero"><failure message="Don&#39;t include leading zeros on numbers"><![CDATA[line 112, col 1, Warning - Don&#39;t include leading zeros on numbers (leading-zero)]]></failure></testcase>
<testcase time="0" name="org.eslint.leading-zero"><failure message="Don&#39;t include leading zeros on numbers"><![CDATA[line 113, col 1, Warning - Don&#39;t include leading zeros on numbers (leading-zero)]]></failure></testcase>
<testcase time="0" name="org.eslint.leading-zero"><failure message="Don&#39;t include leading zeros on numbers"><![CDATA[line 114, col 1, Warning - Don&#39;t include leading zeros on numbers (leading-zero)]]></failure></testcase>
<testcase time="0" name="org.eslint.leading-zero"><failure message="Don&#39;t include leading zeros on numbers"><![CDATA[line 115, col 1, Warning - Don&#39;t include leading zeros on numbers (leading-zero)]]></failure></testcase>
<testcase time="0" name="org.eslint.leading-zero"><failure message="Don&#39;t include leading zeros on numbers"><![CDATA[line 116, col 1, Warning - Don&#39;t include leading zeros on numbers (leading-zero)]]></failure></testcase>
<testcase time="0" name="org.eslint.leading-zero"><failure message="Don&#39;t include leading zeros on numbers"><![CDATA[line 117, col 1, Warning - Don&#39;t include leading zeros on numbers (leading-zero)]]></failure></testcase>
<testcase time="0" name="org.eslint.leading-zero"><failure message="Don&#39;t include leading zeros on numbers"><![CDATA[line 118, col 1, Warning - Don&#39;t include leading zeros on numbers (leading-zero)]]></failure></testcase>
<testcase time="0" name="org.eslint.leading-zero"><failure message="Don&#39;t include leading zeros on numbers"><![CDATA[line 119, col 1, Warning - Don&#39;t include leading zeros on numbers (leading-zero)]]></failure></testcase>
<testcase time="0" name="org.eslint.leading-zero"><failure message="Don&#39;t include leading zeros on numbers"><![CDATA[line 120, col 1, Warning - Don&#39;t include leading zeros on numbers (leading-zero)]]></failure></testcase>
<testcase time="0" name="org.eslint.leading-zero"><failure message="Don&#39;t include leading zeros on numbers"><![CDATA[line 121, col 1, Warning - Don&#39;t include leading zeros on numbers (leading-zero)]]></failure></testcase>
<testcase time="0" name="org.eslint.leading-zero"><failure message="Don&#39;t include leading zeros on numbers"><![CDATA[line 122, col 1, Warning - Don&#39;t include leading zeros on numbers (leading-zero)]]></failure></testcase>
<testcase time="0" name="org.eslint.leading-zero"><failure message="Don&#39;t include leading zeros on numbers"><![CDATA[line 123, col 1, Warning - Don&#39;t include leading zeros on numbers (leading-zero)]]></failure></testcase>
<testcase time="0" name="org.eslint.leading-zero"><failure message="Don&#39;t include leading zeros on numbers"><![CDATA[line 124, col 1, Warning - Don&#39;t include leading zeros on numbers (leading-zero)]]></failure></testcase>
<testcase time="0" name="org.eslint.leading-zero"><failure message="Don&#39;t include leading zeros on numbers"><![CDATA[line 125, col 1, Warning - Don&#39;t include leading zeros on numbers (leading-zero)]]></failure></testcase>
<testcase time="0" name="org.eslint.leading-zero"><failure message="Don&#39;t include leading zeros on numbers"><![CDATA[line 126, col 1, Warning - Don&#39;t include leading zeros on numbers (leading-zero)]]></failure></testcase>
<testcase time="0" name="org.eslint.leading-zero"><failure message="Don&#39;t include leading zeros on numbers"><![CDATA[line 127, col 1, Warning - Don&#39;t include leading zeros on numbers (leading-zero)]]></failure></testcase>
<testcase time="0" name="org.eslint.leading-zero"><failure message="Don&#39;t include leading zeros on numbers"><![CDATA[line 128, col 1, Warning - Don&#39;t include leading zeros on numbers (leading-zero)]]></failure></testcase>
<testcase time="0" name="org.eslint.leading-zero"><failure message="Don&#39;t include leading zeros on numbers"><![CDATA[line 129, col 1, Warning - Don&#39;t include leading zeros on numbers (leading-zero)]]></failure></testcase>
<testcase time="0" name="org.eslint.leading-zero"><failure message="Don&#39;t include leading zeros on numbers"><![CDATA[line 130, col 1, Warning - Don&#39;t include leading zeros on numbers (leading-zero)]]></failure></testcase>
<testcase time="0" name="org.eslint.leading-zero"><failure message="Don&#39;t include leading zeros on numbers"><![CDATA[line 131, col 1, Warning - Don&#39;t include leading zeros on numbers (leading-zero)]]></failure></testcase>
<testcase time="0" name="org.eslint.leading-zero"><failure message="Don&#39;t include leading zeros on numbers"><![CDATA[line 132, col 1, Warning - Don&#39;t include leading zeros on numbers (leading-zero)]]></failure></testcase>
<testcase time="0" name="org.eslint.leading-zero"><failure message="Don&#39;t include leading zeros on numbers"><![CDATA[line 133, col 1, Warning - Don&#39;t include leading zeros on numbers (leading-zero)]]></failure></testcase>
<testcase time="0" name="org.eslint.leading-zero"><failure message="Don&#39;t include leading zeros on numbers"><![CDATA[line 134, col 1, Warning - Don&#39;t include leading zeros on numbers (leading-zero)]]></failure></testcase>
<testcase time="0" name="org.eslint.leading-zero"><failure message="Don&#39;t include leading zeros on numbers"><![CDATA[line 135, col 1, Warning - Don&#39;t include leading zeros on numbers (leading-zero)]]></failure></testcase>
<testcase time="0" name="org.eslint.leading-zero"><failure message="Don&#39;t include leading zeros on numbers"><![CDATA[line 136, col 1, Warning - Don&#39;t include leading zeros on numbers (leading-zero)]]></failure></testcase>
<testcase time="0" name="org.eslint.leading-zero"><failure message="Don&#39;t include leading zeros on numbers"><![CDATA[line 137, col 1, Warning - Don&#39;t include leading zeros on numbers (leading-zero)]]></failure></testcase>
<testcase time="0" name="org.eslint.leading-zero"><failure message="Don&#39;t include leading zeros on numbers"><![CDATA[line 138, col 1, Warning - Don&#39;t include leading zeros on numbers (leading-zero)]]></failure></testcase>
<testcase time="0" name="org.eslint.leading-zero"><failure message="Don&#39;t include leading zeros on numbers"><![CDATA[line 139, col 1, Warning - Don&#39;t include leading zeros on numbers (leading-zero)]]></failure></testcase>
<testcase time="0" name="org.eslint.leading-zero"><failure message="Don&#39;t include leading zeros on numbers"><![CDATA[line 140, col 1, Warning - Don&#39;t include leading zeros on numbers (leading-zero)]]></failure></testcase>
<testcase time="0" name="org.eslint.leading-zero"><failure message="Don&#39;t include leading zeros on numbers"><![CDATA[line 141, col 1, Warning - Don&#39;t include leading zeros on numbers (leading-zero)]]></failure></testcase>
<testcase time="0" name="org.eslint.leading-zero"><failure message="Don&#39;t include leading zeros on numbers"><![CDATA[line 142, col 1, Warning - Don&#39;t include leading zeros on numbers (leading-zero)]]></failure></testcase>
<testcase time="0" name="org.eslint.leading-zero"><failure message="Don&#39;t include leading zeros on numbers"><![CDATA[line 143, col 1, Warning - Don&#39;t include leading zeros on numbers (leading-zero)]]></failure></testcase>
<testcase time="0" name="org.eslint.leading-zero"><failure message="Don&#39;t include leading zeros on numbers"><![CDATA[line 144, col 1, Warning - Don&#39;t include leading zeros on numbers (leading-zero)]]></failure></testcase>
<testcase time="0" name="org.eslint.leading-zero"><failure message="Don&#39;t include leading zeros on numbers"><![CDATA[line 145, col 1, Warning - Don&#39;t include leading zeros on numbers (leading-zero)]]></failure></testcase>
<testcase time="0" name="org.eslint.leading-zero"><failure message="Don&#39;t include leading zeros on numbers"><![CDATA[line 146, col 1, Warning - Don&#39;t include leading zeros on numbers (leading-zero)]]></failure></testcase>
<testcase time="0" name="org.eslint.leading-zero"><failure message="Don&#39;t include leading zeros on numbers"><![CDATA[line 147, col 1, Warning - Don&#39;t include leading zeros on numbers (leading-zero)]]></failure></testcase>
<testcase time="0" name="org.eslint.leading-zero"><failure message="Don&#39;t include leading zeros on numbers"><![CDATA[line 148, col 1, Warning - Don&#39;t include leading zeros on numbers (leading-zero)]]></failure></testcase>
<testcase time="0" name="org.eslint.leading-zero"><failure message="Don&#39;t include leading zeros on numbers"><![CDATA[line 149, col 1, Warning - Don&#39;t include leading zeros on numbers (leading-zero)]]></failure></testcase>
<testcase time="0" name="org.eslint.leading-zero"><failure message="Don&#39;t include leading zeros on numbers"><![CDATA[line 150, col 1, Warning - Don&#39;t include leading zeros on numbers (leading-zero)]]></failure></testcase>
<testcase time="0" name="org.eslint.leading-zero"><failure message="Don&#39;t include leading zeros on numbers"><![CDATA[line 151, col 1, Warning - Don&#39;t include leading zeros on numbers (leading-zero)]]></failure></testcase>
<testcase time="0" name="org.eslint.leading-zero"><failure message="Don&#39;t include leading zeros on numbers"><![CDATA[line 152, col 1, Warning - Don&#39;t include leading zeros on numbers (leading-zero)]]></failure></testcase>
<testcase time="0" name="org.eslint.leading-zero"><failure message="Don&#39;t include leading zeros on numbers"><![CDATA[line 153, col 1, Warning - Don&#39;t include leading zeros on numbers (leading-zero)]]></failure></testcase>
<testcase time="0" name="org.eslint.leading-zero"><failure message="Don&#39;t include leading zeros on numbers"><![CDATA[line 154, col 1, Warning - Don&#39;t include leading zeros on numbers (leading-zero)]]></failure></testcase>
<testcase time="0" name="org.eslint.leading-zero"><failure message="Don&#39;t include leading zeros on numbers"><![CDATA[line 155, col 1, Warning - Don&#39;t include leading zeros on numbers (leading-zero)]]></failure></testcase>
<testcase time="0" name="org.eslint.leading-zero"><failure message="Don&#39;t include leading zeros on numbers"><![CDATA[line 156, col 1, Warning - Don&#39;t include leading zeros on numbers (leading-zero)]]></failure></testcase>
<testcase time="0" name="org.eslint.leading-zero"><failure message="Don&#39;t include leading zeros on numbers"><![CDATA[line 157, col 1, Warning - Don&#39;t include leading zeros on numbers (leading-zero)]]></failure></testcase>
<testcase time="0" name="org.eslint.leading-zero"><failure message="Don&#39;t include leading zeros on numbers"><![CDATA[line 158, col 1, Warning - Don&#39;t include leading zeros on numbers (leading-zero)]]></failure></testcase>
<testcase time="0" name="org.eslint.leading-zero"><failure message="Don&#39;t include leading zeros on numbers"><![CDATA[line 159, col 1, Warning - Don&#39;t include leading zeros on numbers (leading-zero)]]></failure></testcase>
<testcase time="0" name="org.eslint.leading-zero"><failure message="Don&#39;t include leading zeros on numbers"><![CDATA[line 160, col 1, Warning - Don&#39;t include leading zeros on numbers (leading-zero)]]></failure></testcase>
<testcase time="0" name="org.eslint.leading-zero"><failure message="Don&#39;t include leading zeros on numbers"><![CDATA[line 161, col 1, Warning - Don&#39;t include leading zeros on numbers (leading-zero)]]></failure></testcase>
<testcase time="0" name="org.eslint.leading-zero"><failure message="Don&#39;t include leading zeros on numbers"><![CDATA[line 162, col 1, Warning - Don&#39;t include leading zeros on numbers (leading-zero)]]></failure></testcase>
<testcase time="0" name="org.eslint.leading-zero"><failure message="Don&#39;t include leading zeros on numbers"><![CDATA[line 163, col 1, Warning - Don&#39;t include leading zeros on numbers (leading-zero)]]></failure></testcase>
<testcase time="0" name="org.eslint.leading-zero"><failure message="Don&#39;t include leading zeros on numbers"><![CDATA[line 164, col 1, Warning - Don&#39;t include leading zeros on numbers (leading-zero)]]></failure></testcase>
<testcase time="0" name="org.eslint.leading-zero"><failure message="Don&#39;t include leading zeros on numbers"><![CDATA[line 165, col 1, Warning - Don&#39;t include leading zeros on numbers (leading-zero)]]></failure></testcase>
<testcase time="0" name="org.eslint.leading-zero"><failure message="Don&#39;t include leading zeros on numbers"><![CDATA[line 166, col 1, Warning - Don&#39;t include leading zeros on numbers (leading-zero)]]></failure></testcase>
<testcase time="0" name="org.eslint.leading-zero"><failure message="Don&#39;t include leading zeros on numbers"><![CDATA[line 167, col 1, Warning - Don&#39;t include leading zeros on numbers (leading-zero)]]></failure></testcase>
<testcase time="0" name="org.eslint.leading-zero"><failure message="Don&#39;t include leading zeros on numbers"><![CDATA[line 168, col 1, Warning - Don&#39;t include leading zeros on numbers (leading-zero)]]></failure></testcase>
<testcase time="0" name="org.eslint.leading-zero"><failure message="Don&#39;t include leading zeros on numbers"><![CDATA[line 169, col 1, Warning - Don&#39;t include leading zeros on numbers (leading-zero)]]></failure></testcase>
<testcase time="0" name="org.eslint.leading-zero"><failure message="Don&#39;t include leading zeros on numbers"><![CDATA[line 170, col 1, Warning - Don&#39;t include leading zeros on numbers (leading-zero)]]></failure></testcase>
<testcase time="0" name="org.eslint.leading-zero"><failure message="Don&#39;t include leading zeros on numbers"><![CDATA[line 171, col 1, Warning - Don&#39;t include leading zeros on numbers (leading-zero)]]></failure></testcase>
<testcase time="0" name="org.eslint.leading-zero"><failure message="Don&#39;t include leading zeros on numbers"><![CDATA[line 172, col 1, Warning - Don&#39;t include leading zeros on numbers (leading-zero)]]></failure></testcase>
<testcase time="0" name="org.eslint.leading-zero"><failure message="Don&#39;t include leading zeros on numbers"><![CDATA[line 173, col 1, Warning - Don&#39;t include leading zeros on numbers (leading-zero)]]></failure></testcase>
<testcase time="0" name="org.eslint.leading-zero"><failure message="Don&#39;t include leading zeros on numbers"><![CDATA[line 174, col 1, Warning - Don&#39;t include leading zeros on numbers (leading-zero)]]></failure></testcase>
<testcase time="0" name="org.eslint.leading-zero"><failure message="Don&#39;t include leading zeros on numbers"><![CDATA[line 175, col 1, Warning - Don&#39;t include leading zeros on numbers (leading-zero)]]></failure></testcase>
<testcase time="0" name="org.eslint.leading-zero"><failure message="Don&#39;t include leading zeros on numbers"><![CDATA[line 176, col 1, Warning - Don&#39;t include leading zeros on numbers (leading-zero)]]></failure></testcase>
<testcase time="0" name="org.eslint.leading-zero"><failure message="Don&#39;t include leading zeros on numbers"><![CDATA[line 177, col 1, Warning - Don&#39;t include leading zeros on numbers (leading-zero)]]></failure></testcase>
<testcase time="0" name="org.eslint.leading-zero"><failure message="Don&#39;t include leading zeros on numbers"><![CDATA[line 178, col 1, Warning - Don&#39;t include leading zeros on numbers (leading-zero)]]></failure></testcase>
<testcase time="0" name="org.eslint.leading-zero"><failure message="Don&#39;t include leading zeros on numbers"><![CDATA[line 179, col 1, Warning - Don&#39;t include leading zeros on numbers (leading-zero)]]></failure></testcase>
<testcase time="0" name="org.eslint.leading-zero"><failure message="Don&#39;t include leading zeros on numbers"><![CDATA[line 180, col 1, Warning - Don&#39;t include leading zeros on numbers (leading-zero)]]></failure></testcase>
<testcase time="0" name="org.eslint.leading-zero"><failure message="Don&#39;t include leading zeros on numbers"><![CDATA[line 181, col 1, Warning - Don&#39;t include leading zeros on numbers (leading-zero)]]></failure></testcase>
<testcase time="0" name="org.eslint.leading-zero"><failure message="Don&#39;t include leading zeros on numbers"><![CDATA[line 182, col 1, Warning - Don&#39;t include leading zeros on numbers (leading-zero)]]></failure></testcase>
<testcase time="0" name="org.eslint.leading-zero"><failure message="Don&#39;t include leading zeros on numbers"><![CDATA[line 183, col 1, Warning - Don&#39;t include leading zeros on numbers (leading-zero)]]></failure></testcase>
<testcase time="0" name="org.eslint.leading-zero"><failure message="Don&#39;t include leading zeros on numbers"><![CDATA[line 184, col 1, Warning - Don&#39;t include leading zeros on numbers (leading-zero)]]></failure></testcase>
<testcase time="0" name="org.eslint.leading-zero"><failure message="Don&#39;t include leading zeros on numbers"><![CDATA[line 185, col 1, Warning - Don&#39;t include leading zeros on numbers (leading-zero)]]></failure></testcase>
<testcase time="0" name="org.eslint.leading-zero"><failure message="Don&#39;t include leading zeros on numbers"><![CDATA[line 186, col 1, Warning - Don&#39;t include leading zeros on numbers (leading-zero)]]></failure></testcase>
<testcase time="0" name="org.eslint.leading-zero"><failure message="Don&#39;t include leading zeros on numbers"><![CDATA[line 187, col 1, Warning - Don&#39;t include leading zeros on numbers (leading-zero)]]></failure></testcase>
<testcase time="0" name="org.eslint.leading-zero"><failure message="Don&#39;t include leading zeros on numbers"><![CDATA[line 188, col 1, Warning - Don&#39;t include leading zeros on numbers (leading-zero)]]></failure></testcase>
<testcase time="0" name="org.eslint.leading-zero"><failure message="Don&#39;t include leading zeros on numbers"><![CDATA[line 189, col 1, Warning - Don&#39;t include leading zeros on numbers (leading-zero)]]></failure></testcase>
<testcase time="0" name="org.eslint.leading-zero"><failure message="Don&#39;t include leading zeros on numbers"><![CDATA[line 190, col 1, Warning - Don&#39;t include leading zeros on numbers (leading-zero)]]></failure></testcase>
<testcase time="0" name="org.eslint.leading-zero"><failure message="Don&#39;t include leading zeros on numbers"><![CDATA[line 191, col 1, Warning - Don&#39;t include leading zeros on numbers (leading-zero)]]></failure></testcase>
<testcase time="0" name="org.eslint.leading-zero"><failure message="Don&#39;t include leading zeros on numbers"><![CDATA[line 192, col 1, Warning - Don&#39;t include leading zeros on numbers (leading-zero)]]></failure></testcase>
<testcase time="0" name="org.eslint.leading-zero"><failure message="Don&#39;t include leading zeros on numbers"><![CDATA[line 193, col 1, Warning - Don&#39;t include leading zeros on numbers (leading-zero)]]></failure></testcase>
<testcase time="0" name="org.eslint.leading-zero"><failure message="Don&#39;t include leading zeros on numbers"><![CDATA[line 194, col 1, Warning - Don&#39;t include leading zeros on numbers (leading-zero)]]></failure></testcase>
<testcase time="0" name="org.eslint.leading-zero"><failure message="Don&#39;t include leading zeros on numbers"><![CDATA[line 195, col 1, Warning - Don&#39;t include leading zeros on numbers (leading-zero)]]></failure></testcase>
<testcase time="0" name="org.eslint.leading-zero"><failure message="Don&#39;t include leading zeros on numbers"><![CDATA[line 196, col 1, Warning - Don&#39;t include leading zeros on numbers (leading-zero)]]></failure></testcase>
<testcase time="0" name="org.eslint.leading-zero"><failure message="Don&#39;t include leading zeros on numbers"><![CDATA[line 197, col 1, Warning - Don&#39;t include leading zeros on numbers (leading-zero)]]></failure></testcase>
<testcase time="0" name="org.eslint.leading-zero"><failure message="Don&#39;t include leading zeros on numbers"><![CDATA[line 198, col 1, Warning - Don&#39;t include leading zeros on numbers (leading-zero)]]></failure></testcase>
<testcase time="0" name="org.eslint.leading-zero"><failure message="Don&#39;t include leading zeros on numbers"><![CDATA[line 199, col 1, Warning - Don&#39;t include leading zeros on numbers (leading-zero)]]></failure></testcase>
<testcase time="0" name="org.eslint.leading-zero"><failure message="Don&#39;t include leading zeros on numbers"><![CDATA[line 200, col 1, Warning - Don&#39;t include leading zeros on numbers (leading-zero)]]></failure></testcase>
<testcase time="0" name="org.eslint.leading-zero"><failure message="Don&#39;t include leading zeros on numbers"><![CDATA[line 201, col 1, Warning - Don&#39;t include leading zeros on numbers (leading-zero)]]></failure></testcase>
<testcase time="0" name="org.eslint.leading-zero"><failure message="Don&#39;t include leading zeros on numbers"><![CDATA[line 202, col 1, Warning - Don&#39;t include leading zeros on numbers (leading-zero)]]></failure></testcase>
<testcase time="0" name="org.eslint.leading-zero"><failure message="Don&#39;t include leading zeros on numbers"><![CDATA[line 203, col 1, Warning - Don&#39;t include leading zeros on numbers (leading-zero)]]></failure></testcase>
<testcase time="0" name="org.eslint.leading-zero"><failure message="Don&#39;t include leading zeros on numbers"><![CDATA[line 204, col 1, Warning - Don&#39;t include leading zeros on numbers (leading-zero)]]></failure></testcase>
<testcase time="0" name="org.eslint.leading-zero"><failure message="Don&#39;t include leading zeros on numbers"><![CDATA[line 205, col 1, Warning - Don&#39;t include leading zeros on numbers (leading-zero)]]></failure></testcase>
<testcase time="0" name="org.eslint.leading-zero"><failure message="Don&#39;t include leading zeros on numbers"><![CDATA[line 206, col 1, Warning - Don&#39;t include leading zeros on numbers (leading-zero)]]></failure></testcase>
<testcase time="0" name="org.eslint.leading-zero"><failure message="Don&#39;t include leading zeros on numbers"><![CDATA[line 207, col 1, Warning - Don&#39;t include leading zeros on numbers (leading-zero)]]></failure></testcase>
<testcase time="0" name="org.eslint.leading-zero"><failure message="Don&#39;t include leading zeros on numbers"><![CDATA[line 208, col 1, Warning - Don&#39;t include leading zeros on numbers (leading-zero)]]></failure></testcase>
<testcase time="0" name="org.eslint.leading-zero"><failure message="Don&#39;t include leading zeros on numbers"><![CDATA[line 209, col 1, Warning - Don&#39;t include leading zeros on numbers (leading-zero)]]></failure></testcase>
<testcase time="0" name="org.eslint.leading-zero"><failure message="Don&#39;t include leading zeros on numbers"><![CDATA[line 210, col 1, Warning - Don&#39;t include leading zeros on numbers (leading-zero)]]></failure></testcase>
<testcase time="0" name="org.eslint.leading-zero"><failure message="Don&#39;t include leading zeros on numbers"><![CDATA[line 211, col 1, Warning - Don&#39;t include leading zeros on numbers (leading-zero)]]></failure></testcase>
<testcase time="0" name="org.eslint.leading-zero"><failure message="Don&#39;t include leading zeros on numbers"><![CDATA[line 212, col 1, Warning - Don&#39;t include leading zeros on numbers (leading-zero)]]></failure></testcase>
<testcase time="0" name="org.eslint.leading-zero"><failure message="Don&#39;t include leading zeros on numbers"><![CDATA[line 213, col 1, Warning - Don&#39;t include leading zeros on numbers (leading-zero)]]></failure></testcase>
<testcase time="0" name="org.eslint.leading-zero"><failure message="Don&#39;t include leading zeros on numbers"><![CDATA[line 214, col 1, Warning - Don&#39;t include leading zeros on numbers (leading-zero)]]></failure></testcase>
<testcase time="0" name="org.eslint.leading-zero"><failure message="Don&#39;t include leading zeros on numbers"><![CDATA[line 215, col 1, Warning - Don&#39;t include leading zeros on numbers (leading-zero)]]></failure></testcase>
<testcase time="0" name="org.eslint.leading-zero"><failure message="Don&#39;t include leading zeros on numbers"><![CDATA[line 216, col 1, Warning - Don&#39;t include leading zeros on numbers (leading-zero)]]></failure></testcase>
<testcase time="0" name="org.eslint.leading-zero"><failure message="Don&#39;t include leading zeros on numbers"><![CDATA[line 217, col 1, Warning - Don&#39;t include leading zeros on numbers (leading-zero)]]></failure></testcase>
<testcase time="0" name="org.eslint.leading-zero"><failure message="Don&#39;t include leading zeros on numbers"><![CDATA[line 218, col 1, Warning - Don&#39;t include leading zeros on numbers (leading-zero)]]></failure></testcase>
<testcase time="0" name="org.eslint.leading-zero"><failure message="Don&#39;t include leading zeros on numbers"><![CDATA[line 219, col 1, Warning - Don&#39;t include leading zeros on numbers (leading-zero)]]></failure></testcase>
<testcase time="0" name="org.eslint.leading-zero"><failure message="Don&#39;t include leading zeros on numbers"><![CDATA[line 220, col 1, Warning - Don&#39;t include leading zeros on numbers (leading-zero)]]></failure></testcase>
<testcase time="0" name="org.eslint.leading-zero"><failure message="Don&#39;t include leading zeros on numbers"><![CDATA[line 221, col 1, Warning - Don&#39;t include leading zeros on numbers (leading-zero)]]></failure></testcase>
<testcase time="0" name="org.eslint.leading-zero"><failure message="Don&#39;t include leading zeros on numbers"><![CDATA[line 222, col 1, Warning - Don&#39;t include leading zeros on numbers (leading-zero)]]></failure></testcase>
<testcase time="0" name="org.eslint.leading-zero"><failure message="Don&#39;t include leading zeros on numbers"><![CDATA[line 223, col 1, Warning - Don&#39;t include leading zeros on numbers (leading-zero)]]></failure></testcase>
<testcase time="0" name="org.eslint.leading-zero"><failure message="Don&#39;t include leading zeros on numbers"><![CDATA[line 224, col 1, Warning - Don&#39;t include leading zeros on numbers (leading-zero)]]></failure></testcase>
<testcase time="0" name="org.eslint.leading-zero"><failure message="Don&#39;t include leading zeros on numbers"><![CDATA[line 225, col 1, Warning - Don&#39;t include leading zeros on numbers (leading-zero)]]></failure></testcase>
<testcase time="0" name="org.eslint.leading-zero"><failure message="Don&#39;t include leading zeros on numbers"><![CDATA[line 226, col 1, Warning - Don&#39;t include leading zeros on numbers (leading-zero)]]></failure></testcase>
<testcase time="0" name="org.eslint.leading-zero"><failure message="Don&#39;t include leading zeros on numbers"><![CDATA[line 227, col 1, Warning - Don&#39;t include leading zeros on numbers (leading-zero)]]></failure></testcase>
<testcase time="0" name="org.eslint.leading-zero"><failure message="Don&#39;t include leading zeros on numbers"><![CDATA[line 228, col 1, Warning - Don&#39;t include leading zeros on numbers (leading-zero)]]></failure></testcase>
<testcase time="0" name="org.eslint.leading-zero"><failure message="Don&#39;t include leading zeros on numbers"><![CDATA[line 229, col 1, Warning - Don&#39;t include leading zeros on numbers (leading-zero)]]></failure></testcase>
<testcase time="0" name="org.eslint.leading-zero"><failure message="Don&#39;t include leading zeros on numbers"><![CDATA[line 230, col 1, Warning - Don&#39;t include leading zeros on numbers (leading-zero)]]></failure></testcase>
<testcase time="0" name="org.eslint.leading-zero"><failure message="Don&#39;t include leading zeros on numbers"><![CDATA[line 231, col 1, Warning - Don&#39;t include leading zeros on numbers (leading-zero)]]></failure></testcase>
<testcase time="0" name="org.eslint.leading-zero"><failure message="Don&#39;t include leading zeros on numbers"><![CDATA[line 232, col 1, Warning - Don&#39;t include leading zeros on numbers (leading-zero)]]></failure></testcase>
<testcase time="0" name="org.eslint.leading-zero"><failure message="Don&#39;t include leading zeros on numbers"><![CDATA[line 233, col 1, Warning - Don&#39;t include leading zeros on numbers (leading-zero)]]></failure></testcase>
<testcase time="0" name="org.eslint.leading-zero"><failure message="Don&#39;t include leading zeros on numbers"><![CDATA[line 234, col 1, Warning - Don&#39;t include leading zeros on numbers (leading-zero)]]></failure></testcase>
<testcase time="0" name="org.eslint.leading-zero"><failure message="Don&#39;t include leading zeros on numbers"><![CDATA[line 235, col 1, Warning - Don&#39;t include leading zeros on numbers (leading-zero)]]></failure></testcase>
<testcase time="0" name="org.eslint.leading-zero"><failure message="Don&#39;t include leading zeros on numbers"><![CDATA[line 236, col 1, Warning - Don&#39;t include leading zeros on numbers (leading-zero)]]></failure></testcase>
<testcase time="0" name="org.eslint.leading-zero"><failure message="Don&#39;t include leading zeros on numbers"><![CDATA[line 237, col 1, Warning - Don&#39;t include leading zeros on numbers (leading-zero)]]></failure></testcase>
<testcase time="0" name="org.eslint.leading-zero"><failure message="Don&#39;t include leading zeros on numbers"><![CDATA[line 238, col 1, Warning - Don&#39;t include leading zeros on numbers (leading-zero)]]></failure></testcase>
<testcase time="0" name="org.eslint.leading-zero"><failure message="Don&#39;t include leading zeros on numbers"><![CDATA[line 239, col 1, Warning - Don&#39;t include leading zeros on numbers (leading-zero)]]></failure></testcase>
<testcase time="0" name="org.eslint.leading-zero"><failure message="Don&#39;t include leading zeros on numbers"><![CDATA[line 240, col 1, Warning - Don&#39;t include leading zeros on numbers (leading-zero)]]></failure></testcase>
<testcase time="0" name="org.eslint.leading-zero"><failure message="Don&#39;t include leading zeros on numbers"><![CDATA[line 241, col 1, Warning - Don&#39;t include leading zeros on numbers (leading-zero)]]></failure></testcase>
<testcase time="0" name="org.eslint.leading-zero"><failure message="Don&#39;t include leading zeros on numbers"><![CDATA[line 242, col 1, Warning - Don&#39;t include leading zeros on numbers (leading-zero)]]></failure></testcase>
<testcase time="0" name="org.eslint.leading-zero"><failure message="Don&#39;t include leading zeros on numbers"><![CDATA[line 243, col 1, Warning - Don&#39;t include leading zeros on numbers (leading-zero)]]></failure></testcase>
<testcase time="0" name="org.eslint.leading-zero"><failure message="Don&#39;t include leading zeros on numbers"><![CDATA[line 244, col 1, Warning - Don&#39;t include leading zeros on numbers (leading-zero)]]></failure></testcase>
<testcase time="0" name="org.eslint.leading-zero"><failure message="Don&#39;t include leading zeros on numbers"><![CDATA[line 245, col 1, Warning - Don&#39;t include leading zeros on numbers (leading-zero)]]></failure></testcase>
<testcase time="0" name="org.eslint.leading-zero"><failure message="Don&#39;t include leading zeros on numbers"><![CDATA[line 246, col 1, Warning - Don&#39;t include leading zeros on numbers (leading-zero)]]></failure></testcase>
<testcase time="0" name="org.eslint.leading-zero"><failure message="Don&#39;t include leading zeros on numbers"><![CDATA[line 247, col 1, Warning - Don&#39;t include leading zeros on numbers (leading-zero)]]></failure></testcase>
<testcase time="0" name="org.eslint.leading-zero"><failure message="Don&#39;t include leading zeros on numbers"><![CDATA[line 248, col 1, Warning - Don&#39;t include leading zeros on numbers (leading-zero)]]></failure></testcase>
<testcase time="0" name="org.eslint.leading-zero"><failure message="Don&#39;t include leading zeros on numbers"><![CDATA[line 249, col 1, Warning - Don&#39;t include leading zeros on numbers (leading-zero)]]></failure></testcase>
<testcase time="0" name="org.eslint.leading-zero"><failure message="Don&#39;t include leading zeros on numbers"><![CDATA[line 250, col 1, Warning - Don&#39;t include leading zeros on numbers (leading-zero)]]></failure></testcase>
<testcase time="0" name="org.eslint.leading-zero"><failure message="Don&#39;t include leading zeros on numbers"><![CDATA[line 251, col 1, Warning - Don&#39;t include leading zeros on numbers (leading-zero)]]></failure></testcase>
<testcase time="0" name="org.eslint.leading-zero"><failure message="Don&#39;t include leading zeros on numbers"><![CDATA[line 252, col 1, Warning - Don&#39;t include leading zeros on numbers (leading-zero)]]></failure></testcase>
<testcase time="0" name="org.eslint.leading-zero"><failure message="Don&#39;t include leading zeros on numbers"><![CDATA[line 253, col 1, Warning - Don&#39;t include leading zeros on numbers (leading-zero)]]></failure></testcase>
<testcase time="0" name="org.eslint.leading-zero"><failure message="Don&#39;t include leading zeros on numbers"><![CDATA[line 254, col 1, Warning - Don&#39;t include leading zeros on numbers (leading-zero)]]></failure></testcase>
<testcase time="0" name="org.eslint.leading-zero"><failure message="Don&#39;t include leading zeros on numbers"><![CDATA[line 255, col 1, Warning - Don&#39;t include leading zeros on numbers (leading-zero)]]></failure></testcase>
<testcase time="0" name="org.eslint.leading-zero"><failure message="Don&#39;t include leading zeros on numbers"><![CDATA[line 256, col 1, Warning - Don&#39;t include leading zeros on numbers (leading-zero)]]></failure></testcase>
<testcase time="0" name="org.eslint.leading-zero"><failure message="Don&#39;t include leading zeros on numbers"><![CDATA[line 257, col 1, Warning - Don&#39;t include leading zeros on numbers (leading-zero)]]></failure></testcase>
<testcase time="0" name="org.eslint.leading-zero"><failure message="Don&#39;t include leading zeros on numbers"><![CDATA[line 258, col 1, Warning - Don&#39;t include leading zeros on numbers (leading-zero)]]></failure></testcase>
<testcase time="0" name="org.eslint.leading-zero"><failure message="Don&#39;t include leading zeros on numbers"><![CDATA[line 259, col 1, Warning - Don&#39;t include leading zeros on numbers (leading-zero)]]></failure></testcase>
<testcase time="0" name="org.eslint.leading-zero"><failure message="Don&#39;t include leading zeros on numbers"><![CDATA[line 260, col 1, Warning - Don&#39;t include leading zeros on numbers (leading-zero)]]></failure></testcase>
<testcase time="0" name="org.eslint.leading-zero"><failure message="Don&#39;t include leading zeros on numbers"><![CDATA[line 261, col 1, Warning - Don&#39;t include leading zeros on numbers (leading-zero)]]></failure></testcase>
<testcase time="0" name="org.eslint.leading-zero"><failure message="Don&#39;t include leading zeros on numbers"><![CDATA[line 262, col 1, Warning - Don&#39;t include leading zeros on numbers (leading-zero)]]></failure></testcase>
<testcase time="0" name="org.eslint.leading-zero"><failure message="Don&#39;t include leading zeros on numbers"><![CDATA[line 263, col 1, Warning - Don&#39;t include leading zeros on numbers (leading-zero)]]></failure></testcase>
<testcase time="0" name="org.eslint.leading-zero"><failure message="Don&#39;t include leading zeros on numbers"><![CDATA[line 264, col 1, Warning - Don&#39;t include leading zeros on numbers (leading-zero)]]></failure></testcase>
<testcase time="0" name="org.eslint.leading-zero"><failure message="Don&#39;t include leading zeros on numbers"><![CDATA[line 265, col 1, Warning - Don&#39;t include leading zeros on numbers (leading-zero)]]></failure></testcase>
<testcase time="0" name="org.eslint.leading-zero"><failure message="Don&#39;t include leading zeros on numbers"><![CDATA[line 266, col 1, Warning - Don&#39;t include leading zeros on numbers (leading-zero)]]></failure></testcase>
<testcase time="0" name="org.eslint.leading-zero"><failure message="Don&#39;t include leading zeros on numbers"><![CDATA[line 267, col 1, Warning - Don&#39;t include leading zeros on numbers (leading-zero)]]></failure></testcase>
<testcase time="0" name="org.eslint.leading-zero"><failure message="Don&#39;t include leading zeros on numbers"><![CDATA[line 268, col 1, Warning - Don&#39;t include leading zeros on numbers (leading-zero)]]></failure></testcase>
<testcase time="0" name="org.eslint.leading-zero"><failure message="Don&#39;t include leading zeros on numbers"><![CDATA[line 269, col 1, Warning - Don&#39;t include leading zeros on numbers (leading-zero)]]></failure></testcase>
<testcase time="0" name="org.eslint.leading-zero"><failure message="Don&#39;t include leading zeros on numbers"><![CDATA[line 270, col 1, Warning - Don&#39;t include leading zeros on numbers (leading-zero)]]></failure></testcase>
<testcase time="0" name="org.eslint.leading-zero"><failure message="Don&#39;t include leading zeros on numbers"><![CDATA[line 271, col 1, Warning - Don&#39;t include leading zeros on numbers (leading-zero)]]></failure></testcase>
<testcase time="0" name="org.eslint.leading-zero"><failure message="Don&#39;t include leading zeros on numbers"><![CDATA[line 272, col 1, Warning - Don&#39;t include leading zeros on numbers (leading-zero)]]></failure></testcase>
<testcase time="0" name="org.eslint.leading-zero"><failure message="Don&#39;t include leading zeros on numbers"><![CDATA[line 273, col 1, Warning - Don&#39;t include leading zeros on numbers (leading-zero)]]></failure></testcase>
<testcase time="0" name="org.eslint.leading-zero"><failure message="Don&#39;t include leading zeros on numbers"><![CDATA[line 274, col 1, Warning - Don&#39;t include leading zeros on numbers (leading-zero)]]></failure></testcase>
<testcase time="0" name="org.eslint.leading-zero"><failure message="Don&#39;t include leading zeros on numbers"><![CDATA[line 275, col 1, Warning - Don&#39;t include leading zeros on numbers (leading-zero)]]></failure></testcase>
<testcase time="0" name="org.eslint.leading-zero"><failure message="Don&#39;t include leading zeros on numbers"><![CDATA[line 276, col 1, Warning - Don&#39;t include leading zeros on numbers (leading-zero)]]></failure></testcase>
<testcase time="0" name="org.eslint.leading-zero"><failure message="Don&#39;t include leading zeros on numbers"><![CDATA[line 277, col 1, Warning - Don&#39;t include leading zeros on numbers (leading-zero)]]></failure></testcase>
<testcase time="0" name="org.eslint.leading-zero"><failure message="Don&#39;t include leading zeros on numbers"><![CDATA[line 278, col 1, Warning - Don&#39;t include leading zeros on numbers (leading-zero)]]></failure></testcase>
<testcase time="0" name="org.eslint.leading-zero"><failure message="Don&#39;t include leading zeros on numbers"><![CDATA[line 279, col 1, Warning - Don&#39;t include leading zeros on numbers (leading-zero)]]></failure></testcase>
<testcase time="0" name="org.eslint.leading-zero"><failure message="Don&#39;t include leading zeros on numbers"><![CDATA[line 280, col 1, Warning - Don&#39;t include leading zeros on numbers (leading-zero)]]></failure></testcase>
<testcase time="0" name="org.eslint.leading-zero"><failure message="Don&#39;t include leading zeros on numbers"><![CDATA[line 281, col 1, Warning - Don&#39;t include leading zeros on numbers (leading-zero)]]></failure></testcase>
<testcase time="0" name="org.eslint.leading-zero"><failure message="Don&#39;t include leading zeros on numbers"><![CDATA[line 282, col 1, Warning - Don&#39;t include leading zeros on numbers (leading-zero)]]></failure></testcase>
<testcase time="0" name="org.eslint.leading-zero"><failure message="Don&#39;t include leading zeros on numbers"><![CDATA[line 283, col 1, Warning - Don&#39;t include leading zeros on numbers (leading-zero)]]></failure></testcase>
<testcase time="0" name="org.eslint.leading-zero"><failure message="Don&#39;t include leading zeros on numbers"><![CDATA[line 284, col 1, Warning - Don&#39;t include leading zeros on numbers (leading-zero)]]></failure></testcase>
<testcase time="0" name="org.eslint.leading-zero"><failure message="Don&#39;t include leading zeros on numbers"><![CDATA[line 285, col 1, Warning - Don&#39;t include leading zeros on numbers (leading-zero)]]></failure></testcase>
<testcase time="0" name="org.eslint.leading-zero"><failure message="Don&#39;t include leading zeros on numbers"><![CDATA[line 286, col 1, Warning - Don&#39;t include leading zeros on numbers (leading-zero)]]></failure></testcase>
<testcase time="0" name="org.eslint.leading-zero"><failure message="Don&#39;t include leading zeros on numbers"><![CDATA[line 287, col 1, Warning - Don&#39;t include leading zeros on numbers (leading-zero)]]></failure></testcase>
<testcase time="0" name="org.eslint.leading-zero"><failure message="Don&#39;t include leading zeros on numbers"><![CDATA[line 288, col 1, Warning - Don&#39;t include leading zeros on numbers (leading-zero)]]></failure></testcase>
<testcase time="0" name="org.eslint.leading-zero"><failure message="Don&#39;t include leading zeros on numbers"><![CDATA[line 289, col 1, Warning - Don&#39;t include leading zeros on numbers (leading-zero)]]></failure></testcase>
<testcase time="0" name="org.eslint.leading-zero"><failure message="Don&#39;t include leading zeros on numbers"><![CDATA[line 290, col 1, Warning - Don&#39;t include leading zeros on numbers (leading-zero)]]></failure></testcase>
<testcase time="0" name="org.eslint.leading-zero"><failure message="Don&#39;t include leading zeros on numbers"><![CDATA[line 291, col 1, Warning - Don&#39;t include leading zeros on numbers (leading-zero)]]></failure></testcase>
<testcase time="0" name="org.eslint.leading-zero"><failure message="Don&#39;t include leading zeros on numbers"><![CDATA[line 292, col 1, Warning - Don&#39;t include leading zeros on numbers (leading-zero)]]></failure></testcase>
<testcase time="0" name="org.eslint.leading-zero"><failure message="Don&#39;t include leading zeros on numbers"><![CDATA[line 293, col 1, Warning - Don&#39;t include leading zeros on numbers (leading-zero)]]></failure></testcase>
<testcase time="0" name="org.eslint.leading-zero"><failure message="Don&#39;t include leading zeros on numbers"><![CDATA[line 294, col 1, Warning - Don&#39;t include leading zeros on numbers (leading-zero)]]></failure></testcase>
<testcase time="0" name="org.eslint.leading-zero"><failure message="Don&#39;t include leading zeros on numbers"><![CDATA[line 295, col 1, Warning - Don&#39;t include leading zeros on numbers (leading-zero)]]></failure></testcase>
<testcase time="0" name="org.eslint.leading-zero"><failure message="Don&#39;t include leading zeros on numbers"><![CDATA[line 296, col 1, Warning - Don&#39;t include leading zeros on numbers (leading-zero)]]></failure></testcase>
<testcase time="0" name="org.eslint.leading-zero"><failure message="Don&#39;t include leading zeros on numbers"><![CDATA[line 297, col 1, Warning - Don&#39;t include leading zeros on numbers (leading-zero)]]></failure></testcase>
<testcase time="0" name="org.eslint.leading-zero"><failure message="Don&#39;t include leading zeros on numbers"><![CDATA[line 298, col 1, Warning - Don&#39;t include leading zeros on numbers (leading-zero)]]></failure></testcase>
<testcase time="0" name="org.eslint.leading-zero"><failure message="Don&#39;t include leading zeros on numbers"><![CDATA[line 299, col 1, Warning - Don&#39;t include leading zeros on numbers (leading-zero)]]></failure></testcase>
<testcase time="0" name="org.eslint.leading-zero"><failure message="Don&#39;t include leading zeros on numbers"><![CDATA[line 300, col 1, Warning - Don&#39;t include leading zeros on numbers (leading-zero)]]></failure></testcase>
<testcase time="0" name="org.eslint.leading-zero"><failure message="Don&#39;t include leading zeros on numbers"><![CDATA[line 301, col 1, Warning - Don&#39;t include leading zeros on numbers (leading-zero)]]></failure></testcase>
<testcase time="0" name="org.eslint.leading-zero"><failure message="Don&#39;t include leading zeros on numbers"><![CDATA[line 302, col 1, Warning - Don&#39;t include leading zeros on numbers (leading-zero)]]></failure></testcase>
<testcase time="0" name="org.eslint.leading-zero"><failure message="Don&#39;t include leading zeros on numbers"><![CDATA[line 303, col 1, Warning - Don&#39;t include leading zeros on numbers (leading-zero)]]></failure></testcase>
<testcase time="0" name="org.eslint.leading-zero"><failure message="Don&#39;t include leading zeros on numbers"><![CDATA[line 304, col 1, Warning - Don&#39;t include leading zeros on numbers (leading-zero)]]></failure></testcase>
<testcase time="0" name="org.eslint.leading-zero"><failure message="Don&#39;t include leading zeros on numbers"><![CDATA[line 305, col 1, Warning - Don&#39;t include leading zeros on numbers (leading-zero)]]></failure></testcase>
<testcase time="0" name="org.eslint.leading-zero"><failure message="Don&#39;t include leading zeros on numbers"><![CDATA[line 306, col 1, Warning - Don&#39;t include leading zeros on numbers (leading-zero)]]></failure></testcase>
<testcase time="0" name="org.eslint.leading-zero"><failure message="Don&#39;t include leading zeros on numbers"><![CDATA[line 307, col 1, Warning - Don&#39;t include leading zeros on numbers (leading-zero)]]></failure></testcase>
<testcase time="0" name="org.eslint.leading-zero"><failure message="Don&#39;t include leading zeros on numbers"><![CDATA[line 308, col 1, Warning - Don&#39;t include leading zeros on numbers (leading-zero)]]></failure></testcase>
<testcase time="0" name="org.eslint.leading-zero"><failure message="Don&#39;t include leading zeros on numbers"><![CDATA[line 309, col 1, Warning - Don&#39;t include leading zeros on numbers (leading-zero)]]></failure></testcase>
<testcase time="0" name="org.eslint.leading-zero"><failure message="Don&#39;t include leading zeros on numbers"><![CDATA[line 310, col 1, Warning - Don&#39;t include leading zeros on numbers (leading-zero)]]></failure></testcase>
<testcase time="0" name="org.eslint.leading-zero"><failure message="Don&#39;t include leading zeros on numbers"><![CDATA[line 311, col 1, Warning - Don&#39;t include leading zeros on numbers (leading-zero)]]></failure></testcase>
<testcase time="0" name="org.eslint.leading-zero"><failure message="Don&#39;t include leading zeros on numbers"><![CDATA[line 312, col 1, Warning - Don&#39;t include leading zeros on numbers (leading-zero)]]></failure></testcase>
<testcase time="0" name="org.eslint.leading-zero"><failure message="Don&#39;t include leading zeros on numbers"><![CDATA[line 313, col 1, Warning - Don&#39;t include leading zeros on numbers (leading-zero)]]></failure></testcase>
<testcase time="0" name="org.eslint.leading-zero"><failure message="Don&#39;t include leading zeros on numbers"><![CDATA[line 314, col 1, Warning - Don&#39;t include leading zeros on numbers (leading-zero)]]></failure></testcase>
<testcase time="0" name="org.eslint.leading-zero"><failure message="Don&#39;t include leading zeros on numbers"><![CDATA[line 315, col 1, Warning - Don&#39;t include leading zeros on numbers (leading-zero)]]></failure></testcase>
<testcase time="0" name="org.eslint.leading-zero"><failure message="Don&#39;t include leading zeros on numbers"><![CDATA[line 316, col 1, Warning - Don&#39;t include leading zeros on numbers (leading-zero)]]></failure></testcase>
<testcase time="0" name="org.eslint.leading-zero"><failure message="Don&#39;t include leading zeros on numbers"><![CDATA[line 317, col 1, Warning - Don&#39;t include leading zeros on numbers (leading-zero)]]></failure></testcase>
<testcase time="0" name="org.eslint.leading-zero"><failure message="Don&#39;t include leading zeros on numbers"><![CDATA[line 318, col 1, Warning - Don&#39;t include leading zeros on numbers (leading-zero)]]></failure></testcase>
<testcase time="0" name="org.eslint.leading-zero"><failure message="Don&#39;t include leading zeros on numbers"><![CDATA[line 319, col 1, Warning - Don&#39;t include leading zeros on numbers (leading-zero)]]></failure></testcase>
<testcase time="0" name="org.eslint.leading-zero"><failure message="Don&#39;t include leading zeros on numbers"><![CDATA[line 320, col 1, Warning - Don&#39;t include leading zeros on numbers (leading-zero)]]></failure></testcase>
<testcase time="0" name="org.eslint.leading-zero"><failure message="Don&#39;t include leading zeros on numbers"><![CDATA[line 321, col 1, Warning - Don&#39;t include leading zeros on numbers (leading-zero)]]></failure></testcase>
<testcase time="0" name="org.eslint.leading-zero"><failure message="Don&#39;t include leading zeros on numbers"><![CDATA[line 322, col 1, Warning - Don&#39;t include leading zeros on numbers (leading-zero)]]></failure></testcase>
</testsuite>
<testsuite package="org.eslint" time="0" tests="258" errors="258" name="./source/stylesheets/abstracts/_functions.scss">
<testcase time="0" name="org.eslint.indentation"><failure message="Mixed tabs and spaces"><![CDATA[line 12, col 2, Warning - Mixed tabs and spaces (indentation)]]></failure></testcase>
<testcase time="0" name="org.eslint.indentation"><failure message="Mixed tabs and spaces"><![CDATA[line 22, col 2, Warning - Mixed tabs and spaces (indentation)]]></failure></testcase>
<testcase time="0" name="org.eslint.indentation"><failure message="Mixed tabs and spaces"><![CDATA[line 32, col 2, Warning - Mixed tabs and spaces (indentation)]]></failure></testcase>
<testcase time="0" name="org.eslint.indentation"><failure message="Mixed tabs and spaces"><![CDATA[line 41, col 2, Warning - Mixed tabs and spaces (indentation)]]></failure></testcase>
<testcase time="0" name="org.eslint.indentation"><failure message="Mixed tabs and spaces"><![CDATA[line 42, col 3, Warning - Mixed tabs and spaces (indentation)]]></failure></testcase>
<testcase time="0" name="org.eslint.indentation"><failure message="Mixed tabs and spaces"><![CDATA[line 45, col 2, Warning - Mixed tabs and spaces (indentation)]]></failure></testcase>
<testcase time="0" name="org.eslint.indentation"><failure message="Mixed tabs and spaces"><![CDATA[line 53, col 2, Warning - Mixed tabs and spaces (indentation)]]></failure></testcase>
<testcase time="0" name="org.eslint.indentation"><failure message="Mixed tabs and spaces"><![CDATA[line 54, col 2, Warning - Mixed tabs and spaces (indentation)]]></failure></testcase>
<testcase time="0" name="org.eslint.indentation"><failure message="Mixed tabs and spaces"><![CDATA[line 56, col 2, Warning - Mixed tabs and spaces (indentation)]]></failure></testcase>
<testcase time="0" name="org.eslint.indentation"><failure message="Mixed tabs and spaces"><![CDATA[line 57, col 3, Warning - Mixed tabs and spaces (indentation)]]></failure></testcase>
<testcase time="0" name="org.eslint.indentation"><failure message="Mixed tabs and spaces"><![CDATA[line 58, col 3, Warning - Mixed tabs and spaces (indentation)]]></failure></testcase>
[...]
<testcase time="0" name="org.eslint.indentation"><failure message="Mixed tabs and spaces"><![CDATA[line 430, col 2, Warning - Mixed tabs and spaces (indentation)]]></failure></testcase>
<testcase time="0" name="org.eslint.indentation"><failure message="Mixed tabs and spaces"><![CDATA[line 431, col 2, Warning - Mixed tabs and spaces (indentation)]]></failure></testcase>
<testcase time="0" name="org.eslint.indentation"><failure message="Mixed tabs and spaces"><![CDATA[line 432, col 2, Warning - Mixed tabs and spaces (indentation)]]></failure></testcase>
<testcase time="0" name="org.eslint.indentation"><failure message="Mixed tabs and spaces"><![CDATA[line 433, col 2, Warning - Mixed tabs and spaces (indentation)]]></failure></testcase>
<testcase time="0" name="org.eslint.indentation"><failure message="Mixed tabs and spaces"><![CDATA[line 434, col 2, Warning - Mixed tabs and spaces (indentation)]]></failure></testcase>
<testcase time="0" name="org.eslint.indentation"><failure message="Mixed tabs and spaces"><![CDATA[line 435, col 3, Warning - Mixed tabs and spaces (indentation)]]></failure></testcase>
<testcase time="0" name="org.eslint.indentation"><failure message="Mixed tabs and spaces"><![CDATA[line 436, col 4, Warning - Mixed tabs and spaces (indentation)]]></failure></testcase>
<testcase time="0" name="org.eslint.indentation"><failure message="Mixed tabs and spaces"><![CDATA[line 438, col 4, Warning - Mixed tabs and spaces (indentation)]]></failure></testcase>
<testcase time="0" name="org.eslint.indentation"><failure message="Mixed tabs and spaces"><![CDATA[line 439, col 5, Warning - Mixed tabs and spaces (indentation)]]></failure></testcase>
<testcase time="0" name="org.eslint.force-pseudo-nesting"><failure message="Pseudo-class should be nested within its parent Attribute-selector"><![CDATA[line 446, col 1, Warning - Pseudo-class should be nested within its parent Attribute-selector (force-pseudo-nesting)]]></failure></testcase>
<testcase time="0" name="org.eslint.indentation"><failure message="Mixed tabs and spaces"><![CDATA[line 447, col 2, Warning - Mixed tabs and spaces (indentation)]]></failure></testcase>
<testcase time="0" name="org.eslint.indentation"><failure message="Mixed tabs and spaces"><![CDATA[line 449, col 2, Warning - Mixed tabs and spaces (indentation)]]></failure></testcase>
<testcase time="0" name="org.eslint.indentation"><failure message="Mixed tabs and spaces"><![CDATA[line 450, col 3, Warning - Mixed tabs and spaces (indentation)]]></failure></testcase>
<testcase time="0" name="org.eslint.no-css-comments"><failure message="Multiline style comments should not be used"><![CDATA[line 456, col 1, Warning - Multiline style comments should not be used (no-css-comments)]]></failure></testcase>
<testcase time="0" name="org.eslint.force-pseudo-nesting"><failure message="Pseudo-class should be nested within its parent Class"><![CDATA[line 461, col 1, Warning - Pseudo-class should be nested within its parent Class (force-pseudo-nesting)]]></failure></testcase>
<testcase time="0" name="org.eslint.property-sort-order"><failure message="Expected `content`, found `position`"><![CDATA[line 462, col 2, Warning - Expected `content`, found `position` (property-sort-order)]]></failure></testcase>
<testcase time="0" name="org.eslint.indentation"><failure message="Mixed tabs and spaces"><![CDATA[line 462, col 2, Warning - Mixed tabs and spaces (indentation)]]></failure></testcase>
<testcase time="0" name="org.eslint.indentation"><failure message="Mixed tabs and spaces"><![CDATA[line 464, col 2, Warning - Mixed tabs and spaces (indentation)]]></failure></testcase>
<testcase time="0" name="org.eslint.indentation"><failure message="Mixed tabs and spaces"><![CDATA[line 466, col 2, Warning - Mixed tabs and spaces (indentation)]]></failure></testcase>
<testcase time="0" name="org.eslint.property-sort-order"><failure message="Expected `position`, found `content`"><![CDATA[line 466, col 2, Warning - Expected `position`, found `content` (property-sort-order)]]></failure></testcase>
<testcase time="0" name="org.eslint.indentation"><failure message="Mixed tabs and spaces"><![CDATA[line 471, col 2, Warning - Mixed tabs and spaces (indentation)]]></failure></testcase>
<testcase time="0" name="org.eslint.indentation"><failure message="Mixed tabs and spaces"><![CDATA[line 473, col 2, Warning - Mixed tabs and spaces (indentation)]]></failure></testcase>
<testcase time="0" name="org.eslint.property-sort-order"><failure message="Expected `content`, found `position`"><![CDATA[line 473, col 2, Warning - Expected `content`, found `position` (property-sort-order)]]></failure></testcase>
<testcase time="0" name="org.eslint.indentation"><failure message="Mixed tabs and spaces"><![CDATA[line 475, col 2, Warning - Mixed tabs and spaces (indentation)]]></failure></testcase>
<testcase time="0" name="org.eslint.indentation"><failure message="Mixed tabs and spaces"><![CDATA[line 477, col 2, Warning - Mixed tabs and spaces (indentation)]]></failure></testcase>
<testcase time="0" name="org.eslint.property-sort-order"><failure message="Expected `position`, found `content`"><![CDATA[line 477, col 2, Warning - Expected `position`, found `content` (property-sort-order)]]></failure></testcase>
<testcase time="0" name="org.eslint.force-pseudo-nesting"><failure message="Pseudo-class should be nested within its parent Attribute-selector"><![CDATA[line 480, col 1, Warning - Pseudo-class should be nested within its parent Attribute-selector (force-pseudo-nesting)]]></failure></testcase>
<testcase time="0" name="org.eslint.indentation"><failure message="Mixed tabs and spaces"><![CDATA[line 481, col 2, Warning - Mixed tabs and spaces (indentation)]]></failure></testcase>
<testcase time="0" name="org.eslint.indentation"><failure message="Mixed tabs and spaces"><![CDATA[line 483, col 2, Warning - Mixed tabs and spaces (indentation)]]></failure></testcase>
<testcase time="0" name="org.eslint.indentation"><failure message="Mixed tabs and spaces"><![CDATA[line 484, col 3, Warning - Mixed tabs and spaces (indentation)]]></failure></testcase>
<testcase time="0" name="org.eslint.force-pseudo-nesting"><failure message="Pseudo-class should be nested within its parent Pseudo-class"><![CDATA[line 493, col 2, Warning - Pseudo-class should be nested within its parent Pseudo-class (force-pseudo-nesting)]]></failure></testcase>
<testcase time="0" name="org.eslint.indentation"><failure message="Mixed tabs and spaces"><![CDATA[line 493, col 2, Warning - Mixed tabs and spaces (indentation)]]></failure></testcase>
<testcase time="0" name="org.eslint.force-pseudo-nesting"><failure message="Pseudo-class should be nested within its parent Class"><![CDATA[line 493, col 2, Warning - Pseudo-class should be nested within its parent Class (force-pseudo-nesting)]]></failure></testcase>
<testcase time="0" name="org.eslint.indentation"><failure message="Mixed tabs and spaces"><![CDATA[line 494, col 3, Warning - Mixed tabs and spaces (indentation)]]></failure></testcase>
<testcase time="0" name="org.eslint.indentation"><failure message="Mixed tabs and spaces"><![CDATA[line 496, col 3, Warning - Mixed tabs and spaces (indentation)]]></failure></testcase>
<testcase time="0" name="org.eslint.indentation"><failure message="Mixed tabs and spaces"><![CDATA[line 497, col 4, Warning - Mixed tabs and spaces (indentation)]]></failure></testcase>
<testcase time="0" name="org.eslint.no-css-comments"><failure message="Multiline style comments should not be used"><![CDATA[line 504, col 1, Warning - Multiline style comments should not be used (no-css-comments)]]></failure></testcase>
<testcase time="0" name="org.eslint.force-pseudo-nesting"><failure message="Pseudo-class should be nested within its parent Pseudo-class"><![CDATA[line 509, col 1, Warning - Pseudo-class should be nested within its parent Pseudo-class (force-pseudo-nesting)]]></failure></testcase>
<testcase time="0" name="org.eslint.force-pseudo-nesting"><failure message="Pseudo-class should be nested within its parent Pseudo-class"><![CDATA[line 510, col 1, Warning - Pseudo-class should be nested within its parent Pseudo-class (force-pseudo-nesting)]]></failure></testcase>
<testcase time="0" name="org.eslint.indentation"><failure message="Mixed tabs and spaces"><![CDATA[line 511, col 2, Warning - Mixed tabs and spaces (indentation)]]></failure></testcase>
<testcase time="0" name="org.eslint.indentation"><failure message="Mixed tabs and spaces"><![CDATA[line 513, col 2, Warning - Mixed tabs and spaces (indentation)]]></failure></testcase>
<testcase time="0" name="org.eslint.indentation"><failure message="Mixed tabs and spaces"><![CDATA[line 514, col 3, Warning - Mixed tabs and spaces (indentation)]]></failure></testcase>
<testcase time="0" name="org.eslint.force-pseudo-nesting"><failure message="Pseudo-class should be nested within its parent Pseudo-class"><![CDATA[line 518, col 1, Warning - Pseudo-class should be nested within its parent Pseudo-class (force-pseudo-nesting)]]></failure></testcase>
<testcase time="0" name="org.eslint.indentation"><failure message="Mixed tabs and spaces"><![CDATA[line 519, col 2, Warning - Mixed tabs and spaces (indentation)]]></failure></testcase>
<testcase time="0" name="org.eslint.indentation"><failure message="Mixed tabs and spaces"><![CDATA[line 521, col 2, Warning - Mixed tabs and spaces (indentation)]]></failure></testcase>
<testcase time="0" name="org.eslint.indentation"><failure message="Mixed tabs and spaces"><![CDATA[line 522, col 3, Warning - Mixed tabs and spaces (indentation)]]></failure></testcase>
<testcase time="0" name="org.eslint.force-pseudo-nesting"><failure message="Pseudo-class should be nested within its parent Pseudo-class"><![CDATA[line 526, col 1, Warning - Pseudo-class should be nested within its parent Pseudo-class (force-pseudo-nesting)]]></failure></testcase>
<testcase time="0" name="org.eslint.indentation"><failure message="Mixed tabs and spaces"><![CDATA[line 527, col 2, Warning - Mixed tabs and spaces (indentation)]]></failure></testcase>
<testcase time="0" name="org.eslint.indentation"><failure message="Mixed tabs and spaces"><![CDATA[line 529, col 2, Warning - Mixed tabs and spaces (indentation)]]></failure></testcase>
<testcase time="0" name="org.eslint.indentation"><failure message="Mixed tabs and spaces"><![CDATA[line 530, col 3, Warning - Mixed tabs and spaces (indentation)]]></failure></testcase>
<testcase time="0" name="org.eslint.no-css-comments"><failure message="Multiline style comments should not be used"><![CDATA[line 534, col 1, Warning - Multiline style comments should not be used (no-css-comments)]]></failure></testcase>
<testcase time="0" name="org.eslint.indentation"><failure message="Mixed tabs and spaces"><![CDATA[line 549, col 2, Warning - Mixed tabs and spaces (indentation)]]></failure></testcase>
<testcase time="0" name="org.eslint.force-pseudo-nesting"><failure message="Pseudo-class should be nested within its parent Class"><![CDATA[line 549, col 2, Warning - Pseudo-class should be nested within its parent Class (force-pseudo-nesting)]]></failure></testcase>
<testcase time="0" name="org.eslint.indentation"><failure message="Mixed tabs and spaces"><![CDATA[line 550, col 3, Warning - Mixed tabs and spaces (indentation)]]></failure></testcase>
<testcase time="0" name="org.eslint.indentation"><failure message="Mixed tabs and spaces"><![CDATA[line 551, col 4, Warning - Mixed tabs and spaces (indentation)]]></failure></testcase>
<testcase time="0" name="org.eslint.force-pseudo-nesting"><failure message="Pseudo-class should be nested within its parent Class"><![CDATA[line 559, col 2, Warning - Pseudo-class should be nested within its parent Class (force-pseudo-nesting)]]></failure></testcase>
<testcase time="0" name="org.eslint.indentation"><failure message="Mixed tabs and spaces"><![CDATA[line 559, col 2, Warning - Mixed tabs and spaces (indentation)]]></failure></testcase>
<testcase time="0" name="org.eslint.force-pseudo-nesting"><failure message="Pseudo-class should be nested within its parent Pseudo-class"><![CDATA[line 560, col 2, Warning - Pseudo-class should be nested within its parent Pseudo-class (force-pseudo-nesting)]]></failure></testcase>
<testcase time="0" name="org.eslint.indentation"><failure message="Mixed tabs and spaces"><![CDATA[line 560, col 2, Warning - Mixed tabs and spaces (indentation)]]></failure></testcase>
<testcase time="0" name="org.eslint.indentation"><failure message="Mixed tabs and spaces"><![CDATA[line 561, col 3, Warning - Mixed tabs and spaces (indentation)]]></failure></testcase>
<testcase time="0" name="org.eslint.indentation"><failure message="Mixed tabs and spaces"><![CDATA[line 562, col 4, Warning - Mixed tabs and spaces (indentation)]]></failure></testcase>
<testcase time="0" name="org.eslint.indentation"><failure message="Mixed tabs and spaces"><![CDATA[line 566, col 2, Warning - Mixed tabs and spaces (indentation)]]></failure></testcase>
<testcase time="0" name="org.eslint.indentation"><failure message="Mixed tabs and spaces"><![CDATA[line 567, col 3, Warning - Mixed tabs and spaces (indentation)]]></failure></testcase>
<testcase time="0" name="org.eslint.indentation"><failure message="Mixed tabs and spaces"><![CDATA[line 568, col 4, Warning - Mixed tabs and spaces (indentation)]]></failure></testcase>
<testcase time="0" name="org.eslint.force-pseudo-nesting"><failure message="Pseudo-element should be nested within its parent Pseudo-class"><![CDATA[line 573, col 1, Warning - Pseudo-element should be nested within its parent Pseudo-class (force-pseudo-nesting)]]></failure></testcase>
<testcase time="0" name="org.eslint.force-pseudo-nesting"><failure message="Pseudo-class should be nested within its parent Class"><![CDATA[line 573, col 1, Warning - Pseudo-class should be nested within its parent Class (force-pseudo-nesting)]]></failure></testcase>
<testcase time="0" name="org.eslint.force-pseudo-nesting"><failure message="Pseudo-class should be nested within its parent Pseudo-class"><![CDATA[line 573, col 1, Warning - Pseudo-class should be nested within its parent Pseudo-class (force-pseudo-nesting)]]></failure></testcase>
<testcase time="0" name="org.eslint.indentation"><failure message="Mixed tabs and spaces"><![CDATA[line 574, col 2, Warning - Mixed tabs and spaces (indentation)]]></failure></testcase>
<testcase time="0" name="org.eslint.indentation"><failure message="Mixed tabs and spaces"><![CDATA[line 575, col 3, Warning - Mixed tabs and spaces (indentation)]]></failure></testcase>
<testcase time="0" name="org.eslint.force-attribute-nesting"><failure message="Attribute-selector should be nested within its parent Type-selector"><![CDATA[line 579, col 1, Warning - Attribute-selector should be nested within its parent Type-selector (force-attribute-nesting)]]></failure></testcase>
<testcase time="0" name="org.eslint.force-pseudo-nesting"><failure message="Pseudo-class should be nested within its parent Attribute-selector"><![CDATA[line 579, col 1, Warning - Pseudo-class should be nested within its parent Attribute-selector (force-pseudo-nesting)]]></failure></testcase>
<testcase time="0" name="org.eslint.no-qualifying-elements"><failure message="Qualifying elements are not allowed for attribute selectors"><![CDATA[line 579, col 14, Warning - Qualifying elements are not allowed for attribute selectors (no-qualifying-elements)]]></failure></testcase>
<testcase time="0" name="org.eslint.force-pseudo-nesting"><failure message="Pseudo-class should be nested within its parent Type-selector"><![CDATA[line 580, col 1, Warning - Pseudo-class should be nested within its parent Type-selector (force-pseudo-nesting)]]></failure></testcase>
<testcase time="0" name="org.eslint.force-attribute-nesting"><failure message="Attribute-selector should be nested within its parent Class"><![CDATA[line 581, col 1, Warning - Attribute-selector should be nested within its parent Class (force-attribute-nesting)]]></failure></testcase>
<testcase time="0" name="org.eslint.force-pseudo-nesting"><failure message="Pseudo-class should be nested within its parent Class"><![CDATA[line 582, col 1, Warning - Pseudo-class should be nested within its parent Class (force-pseudo-nesting)]]></failure></testcase>
<testcase time="0" name="org.eslint.indentation"><failure message="Mixed tabs and spaces"><![CDATA[line 583, col 2, Warning - Mixed tabs and spaces (indentation)]]></failure></testcase>
<testcase time="0" name="org.eslint.indentation"><failure message="Mixed tabs and spaces"><![CDATA[line 584, col 3, Warning - Mixed tabs and spaces (indentation)]]></failure></testcase>
<testcase time="0" name="org.eslint.force-pseudo-nesting"><failure message="Pseudo-class should be nested within its parent Attribute-selector"><![CDATA[line 588, col 1, Warning - Pseudo-class should be nested within its parent Attribute-selector (force-pseudo-nesting)]]></failure></testcase>
<testcase time="0" name="org.eslint.indentation"><failure message="Mixed tabs and spaces"><![CDATA[line 589, col 2, Warning - Mixed tabs and spaces (indentation)]]></failure></testcase>
<testcase time="0" name="org.eslint.indentation"><failure message="Mixed tabs and spaces"><![CDATA[line 590, col 3, Warning - Mixed tabs and spaces (indentation)]]></failure></testcase>
<testcase time="0" name="org.eslint.force-pseudo-nesting"><failure message="Pseudo-class should be nested within its parent Pseudo-class"><![CDATA[line 594, col 1, Warning - Pseudo-class should be nested within its parent Pseudo-class (force-pseudo-nesting)]]></failure></testcase>
<testcase time="0" name="org.eslint.force-pseudo-nesting"><failure message="Pseudo-class should be nested within its parent Pseudo-class"><![CDATA[line 594, col 1, Warning - Pseudo-class should be nested within its parent Pseudo-class (force-pseudo-nesting)]]></failure></testcase>
<testcase time="0" name="org.eslint.force-pseudo-nesting"><failure message="Pseudo-class should be nested within its parent Pseudo-class"><![CDATA[line 594, col 1, Warning - Pseudo-class should be nested within its parent Pseudo-class (force-pseudo-nesting)]]></failure></testcase>
<testcase time="0" name="org.eslint.force-pseudo-nesting"><failure message="Pseudo-class should be nested within its parent Class"><![CDATA[line 594, col 1, Warning - Pseudo-class should be nested within its parent Class (force-pseudo-nesting)]]></failure></testcase>
<testcase time="0" name="org.eslint.force-pseudo-nesting"><failure message="Pseudo-class should be nested within its parent Class"><![CDATA[line 595, col 1, Warning - Pseudo-class should be nested within its parent Class (force-pseudo-nesting)]]></failure></testcase>
<testcase time="0" name="org.eslint.force-pseudo-nesting"><failure message="Pseudo-class should be nested within its parent Pseudo-class"><![CDATA[line 595, col 1, Warning - Pseudo-class should be nested within its parent Pseudo-class (force-pseudo-nesting)]]></failure></testcase>
<testcase time="0" name="org.eslint.force-pseudo-nesting"><failure message="Pseudo-class should be nested within its parent Pseudo-class"><![CDATA[line 595, col 1, Warning - Pseudo-class should be nested within its parent Pseudo-class (force-pseudo-nesting)]]></failure></testcase>
<testcase time="0" name="org.eslint.force-pseudo-nesting"><failure message="Pseudo-class should be nested within its parent Pseudo-class"><![CDATA[line 595, col 1, Warning - Pseudo-class should be nested within its parent Pseudo-class (force-pseudo-nesting)]]></failure></testcase>
<testcase time="0" name="org.eslint.indentation"><failure message="Mixed tabs and spaces"><![CDATA[line 596, col 2, Warning - Mixed tabs and spaces (indentation)]]></failure></testcase>
<testcase time="0" name="org.eslint.indentation"><failure message="Mixed tabs and spaces"><![CDATA[line 597, col 3, Warning - Mixed tabs and spaces (indentation)]]></failure></testcase>
</testsuite>
</testsuites>
